Checking arguments based on the model...
Files already downloaded and verified
Upscale transform not defined. Skipping dataset upscale.
Model: VGG A Conv2d
Total Parameters: 128807306
Trainable Parameters: 128807306
Checking arguments based on the model...
Files already downloaded and verified
Upscale transform not defined. Skipping dataset upscale.
Model: VGG A Conv2d_New
Total Parameters: 268278842
Trainable Parameters: 268278842
Checking arguments based on the model...
Files already downloaded and verified
Upscale transform not defined. Skipping dataset upscale.
Model: VGG A Conv2d_New_1d
Total Parameters: 268278842
Trainable Parameters: 268278842
Checking arguments based on the model...
Files already downloaded and verified
Upscale transform not defined. Skipping dataset upscale.
Model: VGG A ConvNN
Total Parameters: 268278842
Trainable Parameters: 268278842
Checking arguments based on the model...
Files already downloaded and verified
Upscale transform not defined. Skipping dataset upscale.
Model: VGG A ConvNN
Total Parameters: 268278842
Trainable Parameters: 268278842
Checking arguments based on the model...
Files already downloaded and verified
Upscale transform not defined. Skipping dataset upscale.
Model: VGG A ConvNN
Total Parameters: 268278842
Trainable Parameters: 268278842
Checking arguments based on the model...
Files already downloaded and verified
Upscale transform not defined. Skipping dataset upscale.
Model: VGG A ConvNN_Attn
Total Parameters: 332504554
Trainable Parameters: 332504554
Checking arguments based on the model...
Files already downloaded and verified
Upscale transform not defined. Skipping dataset upscale.
Model: VGG A ConvNN_Attn
Total Parameters: 332504554
Trainable Parameters: 332504554
Checking arguments based on the model...
Files already downloaded and verified
Upscale transform not defined. Skipping dataset upscale.
Model: VGG A ConvNN_Attn
Total Parameters: 332504554
Trainable Parameters: 332504554
Checking arguments based on the model...
Files already downloaded and verified
Upscale transform not defined. Skipping dataset upscale.
Model: ResNet Conv2d
Total Parameters: 11172042
Trainable Parameters: 11172042
Checking arguments based on the model...
Files already downloaded and verified
Upscale transform not defined. Skipping dataset upscale.
Model: ResNet Conv2d_New
Total Parameters: 177358250
Trainable Parameters: 177358250
Checking arguments based on the model...
Files already downloaded and verified
Upscale transform not defined. Skipping dataset upscale.
Model: ResNet Conv2d_New_1d
Total Parameters: 177358250
Trainable Parameters: 177358250
Checking arguments based on the model...
Files already downloaded and verified
Upscale transform not defined. Skipping dataset upscale.
Model: ResNet ConvNN
Total Parameters: 177358250
Trainable Parameters: 177358250
Checking arguments based on the model...
Files already downloaded and verified
Upscale transform not defined. Skipping dataset upscale.
Model: ResNet ConvNN
Total Parameters: 177358250
Trainable Parameters: 177358250
Checking arguments based on the model...
Files already downloaded and verified
Upscale transform not defined. Skipping dataset upscale.
Model: ResNet ConvNN
Total Parameters: 177358250
Trainable Parameters: 177358250
Checking arguments based on the model...
Files already downloaded and verified
Upscale transform not defined. Skipping dataset upscale.
Model: ResNet ConvNN_Attn
Total Parameters: 254100906
Trainable Parameters: 254100906
Checking arguments based on the model...
Files already downloaded and verified
Upscale transform not defined. Skipping dataset upscale.
Model: ResNet ConvNN_Attn
Total Parameters: 254100906
Trainable Parameters: 254100906
Checking arguments based on the model...
Files already downloaded and verified
Upscale transform not defined. Skipping dataset upscale.
Model: ResNet ConvNN_Attn
Total Parameters: 254100906
Trainable Parameters: 254100906
All Experiments Completed
