Checking arguments based on the model...
Files already downloaded and verified
Upscale transform not defined. Skipping dataset upscale.
Model: All Convolutional Network Conv2d
Total Parameters: 6362
Trainable Parameters: 6362
[Epoch 001] Time: 11.3579s | [Train] Loss: 2.02170882 Accuracy: Top1: 24.1968%, Top5: 76.1709% | [Test] Loss: 1.78614169 Accuracy: Top1: 37.6891%, Top5: 86.8033%
[Epoch 002] Time: 11.1553s | [Train] Loss: 1.78911091 Accuracy: Top1: 33.5318%, Top5: 85.2102% | [Test] Loss: 1.66780221 Accuracy: Top1: 39.6298%, Top5: 89.0625%
[Epoch 003] Time: 11.1469s | [Train] Loss: 1.70824169 Accuracy: Top1: 37.1763%, Top5: 87.1883% | [Test] Loss: 1.58224696 Accuracy: Top1: 44.6756%, Top5: 91.0729%
[Epoch 004] Time: 11.1402s | [Train] Loss: 1.66278133 Accuracy: Top1: 39.2503%, Top5: 87.9556% | [Test] Loss: 1.55730300 Accuracy: Top1: 45.0736%, Top5: 91.4411%
[Epoch 005] Time: 11.0658s | [Train] Loss: 1.63655848 Accuracy: Top1: 40.1255%, Top5: 88.6669% | [Test] Loss: 1.52512268 Accuracy: Top1: 44.8945%, Top5: 91.4311%
Checking arguments based on the model...
Files already downloaded and verified
Upscale transform not defined. Skipping dataset upscale.
Model: All Convolutional Network Conv2d_New
Total Parameters: 97452
Trainable Parameters: 97452
[Epoch 001] Time: 11.2584s | [Train] Loss: 1.67831314 Accuracy: Top1: 39.0985%, Top5: 86.5209% | [Test] Loss: 1.38771839 Accuracy: Top1: 50.8260%, Top5: 92.9041%
[Epoch 002] Time: 11.3774s | [Train] Loss: 1.38912197 Accuracy: Top1: 50.0919%, Top5: 92.6271% | [Test] Loss: 1.30775426 Accuracy: Top1: 53.0752%, Top5: 94.4168%
[Epoch 003] Time: 11.2796s | [Train] Loss: 1.27269767 Accuracy: Top1: 54.3598%, Top5: 94.3694% | [Test] Loss: 1.18123762 Accuracy: Top1: 57.9319%, Top5: 95.5115%
[Epoch 004] Time: 11.3554s | [Train] Loss: 1.19191626 Accuracy: Top1: 57.5088%, Top5: 95.0448% | [Test] Loss: 1.13638577 Accuracy: Top1: 59.4944%, Top5: 95.9096%
[Epoch 005] Time: 11.3566s | [Train] Loss: 1.13813087 Accuracy: Top1: 59.4869%, Top5: 95.5303% | [Test] Loss: 1.09150645 Accuracy: Top1: 61.6143%, Top5: 95.8599%
Checking arguments based on the model...
Files already downloaded and verified
Upscale transform not defined. Skipping dataset upscale.
Model: All Convolutional Network Conv2d_New_1d
Total Parameters: 97452
Trainable Parameters: 97452
[Epoch 001] Time: 11.5236s | [Train] Loss: 1.76433771 Accuracy: Top1: 35.2621%, Top5: 85.1203% | [Test] Loss: 1.53936592 Accuracy: Top1: 45.2130%, Top5: 90.7345%
[Epoch 002] Time: 11.3836s | [Train] Loss: 1.50466332 Accuracy: Top1: 45.6402%, Top5: 90.9946% | [Test] Loss: 1.41719859 Accuracy: Top1: 48.8953%, Top5: 92.7150%
[Epoch 003] Time: 11.3864s | [Train] Loss: 1.41248483 Accuracy: Top1: 48.9210%, Top5: 92.4333% | [Test] Loss: 1.33562370 Accuracy: Top1: 52.6771%, Top5: 93.4514%
[Epoch 004] Time: 11.4939s | [Train] Loss: 1.35082106 Accuracy: Top1: 51.3407%, Top5: 93.2085% | [Test] Loss: 1.29793947 Accuracy: Top1: 53.6923%, Top5: 93.7102%
[Epoch 005] Time: 11.4360s | [Train] Loss: 1.30391276 Accuracy: Top1: 53.1630%, Top5: 93.6761% | [Test] Loss: 1.26417902 Accuracy: Top1: 53.8316%, Top5: 94.4068%
Checking arguments based on the model...
Files already downloaded and verified
Upscale transform not defined. Skipping dataset upscale.
Model: All Convolutional Network ConvNN
Total Parameters: 97452
Trainable Parameters: 97452
[Epoch 001] Time: 13.5165s | [Train] Loss: 1.94365816 Accuracy: Top1: 32.1531%, Top5: 82.1751% | [Test] Loss: 1.77809956 Accuracy: Top1: 41.8491%, Top5: 88.8336%
[Epoch 002] Time: 13.2758s | [Train] Loss: 1.77589213 Accuracy: Top1: 40.8268%, Top5: 88.9486% | [Test] Loss: 1.71779811 Accuracy: Top1: 43.1827%, Top5: 90.7444%
[Epoch 003] Time: 13.2956s | [Train] Loss: 1.72675348 Accuracy: Top1: 43.6881%, Top5: 89.9257% | [Test] Loss: 1.69776614 Accuracy: Top1: 45.5414%, Top5: 90.5155%
[Epoch 004] Time: 13.2224s | [Train] Loss: 1.69205915 Accuracy: Top1: 44.9808%, Top5: 90.7908% | [Test] Loss: 1.65547226 Accuracy: Top1: 47.3527%, Top5: 91.8989%
[Epoch 005] Time: 13.2347s | [Train] Loss: 1.67062474 Accuracy: Top1: 46.6332%, Top5: 91.1705% | [Test] Loss: 1.62226022 Accuracy: Top1: 49.0545%, Top5: 92.2273%
Checking arguments based on the model...
Files already downloaded and verified
Upscale transform not defined. Skipping dataset upscale.
Model: All Convolutional Network ConvNN
Total Parameters: 97452
Trainable Parameters: 97452
[Epoch 001] Time: 14.9350s | [Train] Loss: 2.05468491 Accuracy: Top1: 27.0860%, Top5: 76.6284% | [Test] Loss: 1.89472900 Accuracy: Top1: 35.3304%, Top5: 85.2309%
[Epoch 002] Time: 14.7161s | [Train] Loss: 1.89628060 Accuracy: Top1: 35.3760%, Top5: 84.7486% | [Test] Loss: 1.83772284 Accuracy: Top1: 37.1417%, Top5: 87.1019%
[Epoch 003] Time: 14.7752s | [Train] Loss: 1.82752014 Accuracy: Top1: 38.7748%, Top5: 87.1064% | [Test] Loss: 1.80609052 Accuracy: Top1: 40.1771%, Top5: 87.8981%
[Epoch 004] Time: 14.8134s | [Train] Loss: 1.78708985 Accuracy: Top1: 40.8688%, Top5: 88.3732% | [Test] Loss: 1.73673617 Accuracy: Top1: 43.2424%, Top5: 90.1871%
[Epoch 005] Time: 14.8542s | [Train] Loss: 1.75609549 Accuracy: Top1: 42.1875%, Top5: 89.1744% | [Test] Loss: 1.72265543 Accuracy: Top1: 43.4216%, Top5: 90.1473%
Checking arguments based on the model...
Files already downloaded and verified
Upscale transform not defined. Skipping dataset upscale.
Model: All Convolutional Network ConvNN
Total Parameters: 97452
Trainable Parameters: 97452
[Epoch 001] Time: 15.1312s | [Train] Loss: 2.09458280 Accuracy: Top1: 25.4676%, Top5: 74.2847% | [Test] Loss: 1.94632948 Accuracy: Top1: 33.6982%, Top5: 83.0514%
[Epoch 002] Time: 14.9485s | [Train] Loss: 1.92096493 Accuracy: Top1: 34.0913%, Top5: 83.7616% | [Test] Loss: 1.85832594 Accuracy: Top1: 36.2162%, Top5: 86.8631%
[Epoch 003] Time: 14.9720s | [Train] Loss: 1.84441575 Accuracy: Top1: 38.1014%, Top5: 86.6728% | [Test] Loss: 1.81438586 Accuracy: Top1: 40.4658%, Top5: 87.8881%
[Epoch 004] Time: 14.9648s | [Train] Loss: 1.79675804 Accuracy: Top1: 40.3513%, Top5: 88.0455% | [Test] Loss: 1.77065441 Accuracy: Top1: 41.5506%, Top5: 89.0725%
[Epoch 005] Time: 14.9140s | [Train] Loss: 1.75954271 Accuracy: Top1: 42.2494%, Top5: 89.0605% | [Test] Loss: 1.73225620 Accuracy: Top1: 43.2126%, Top5: 89.8288%
Checking arguments based on the model...
Files already downloaded and verified
Upscale transform not defined. Skipping dataset upscale.
Model: All Convolutional Network ConvNN_Attn
Total Parameters: 134748
Trainable Parameters: 134748
[Epoch 001] Time: 15.3840s | [Train] Loss: 2.01797110 Accuracy: Top1: 23.3416%, Top5: 76.0910% | [Test] Loss: 1.97985282 Accuracy: Top1: 28.7918%, Top5: 80.8221%
[Epoch 002] Time: 15.1565s | [Train] Loss: 1.83885513 Accuracy: Top1: 32.0073%, Top5: 83.6417% | [Test] Loss: 1.94253910 Accuracy: Top1: 32.5936%, Top5: 82.9120%
[Epoch 003] Time: 15.1020s | [Train] Loss: 1.73568238 Accuracy: Top1: 37.1443%, Top5: 86.2172% | [Test] Loss: 1.80278402 Accuracy: Top1: 35.7385%, Top5: 86.5645%
[Epoch 004] Time: 15.2350s | [Train] Loss: 1.68524100 Accuracy: Top1: 39.1964%, Top5: 87.4321% | [Test] Loss: 1.72746243 Accuracy: Top1: 38.9829%, Top5: 87.6294%
[Epoch 005] Time: 15.2370s | [Train] Loss: 1.65211082 Accuracy: Top1: 40.2314%, Top5: 88.1354% | [Test] Loss: 1.70131279 Accuracy: Top1: 37.9479%, Top5: 87.8185%
Checking arguments based on the model...
Files already downloaded and verified
Upscale transform not defined. Skipping dataset upscale.
Model: All Convolutional Network ConvNN_Attn
Total Parameters: 134748
Trainable Parameters: 134748
[Epoch 001] Time: 17.4351s | [Train] Loss: 1.97813166 Accuracy: Top1: 25.6294%, Top5: 77.3877% | [Test] Loss: 1.76335775 Accuracy: Top1: 34.5939%, Top5: 86.0470%
[Epoch 002] Time: 17.1050s | [Train] Loss: 1.75507947 Accuracy: Top1: 35.1423%, Top5: 85.9655% | [Test] Loss: 1.74284866 Accuracy: Top1: 37.2711%, Top5: 87.0123%
[Epoch 003] Time: 17.1002s | [Train] Loss: 1.67674640 Accuracy: Top1: 38.8727%, Top5: 87.9376% | [Test] Loss: 1.63024387 Accuracy: Top1: 41.6401%, Top5: 89.4506%
[Epoch 004] Time: 17.1430s | [Train] Loss: 1.62673570 Accuracy: Top1: 41.0366%, Top5: 88.8707% | [Test] Loss: 1.60086396 Accuracy: Top1: 42.9638%, Top5: 89.9682%
[Epoch 005] Time: 17.2129s | [Train] Loss: 1.59839490 Accuracy: Top1: 41.9997%, Top5: 89.4102% | [Test] Loss: 1.55206755 Accuracy: Top1: 44.0983%, Top5: 90.6549%
Checking arguments based on the model...
Files already downloaded and verified
Upscale transform not defined. Skipping dataset upscale.
Model: All Convolutional Network ConvNN_Attn
Total Parameters: 134748
Trainable Parameters: 134748
[Epoch 001] Time: 17.4913s | [Train] Loss: 2.03460998 Accuracy: Top1: 23.1178%, Top5: 74.6443% | [Test] Loss: 1.83936510 Accuracy: Top1: 32.1656%, Top5: 84.7930%
[Epoch 002] Time: 17.2406s | [Train] Loss: 1.78890003 Accuracy: Top1: 33.6177%, Top5: 84.9724% | [Test] Loss: 1.77015711 Accuracy: Top1: 35.4697%, Top5: 86.7934%
[Epoch 003] Time: 17.1925s | [Train] Loss: 1.69372356 Accuracy: Top1: 37.7458%, Top5: 87.5400% | [Test] Loss: 1.65300309 Accuracy: Top1: 39.9881%, Top5: 88.9431%
[Epoch 004] Time: 17.2534s | [Train] Loss: 1.65025530 Accuracy: Top1: 39.6479%, Top5: 88.4950% | [Test] Loss: 1.61815211 Accuracy: Top1: 41.6899%, Top5: 90.1672%
[Epoch 005] Time: 17.2089s | [Train] Loss: 1.61233441 Accuracy: Top1: 41.0926%, Top5: 89.2243% | [Test] Loss: 1.61320586 Accuracy: Top1: 42.5159%, Top5: 90.0080%
Checking arguments based on the model...
Files already downloaded and verified
Upscale transform not defined. Skipping dataset upscale.
Model: VGG A Conv2d
Total Parameters: 128807306
Trainable Parameters: 128807306
Checking arguments based on the model...
Files already downloaded and verified
Upscale transform not defined. Skipping dataset upscale.
Model: VGG A Conv2d_New
Total Parameters: 268278842
Trainable Parameters: 268278842
Checking arguments based on the model...
Files already downloaded and verified
Upscale transform not defined. Skipping dataset upscale.
Model: VGG A Conv2d_New_1d
Total Parameters: 268278842
Trainable Parameters: 268278842
Checking arguments based on the model...
Files already downloaded and verified
Upscale transform not defined. Skipping dataset upscale.
Model: VGG A ConvNN
Total Parameters: 268278842
Trainable Parameters: 268278842
Checking arguments based on the model...
Files already downloaded and verified
Upscale transform not defined. Skipping dataset upscale.
Model: VGG A ConvNN
Total Parameters: 268278842
Trainable Parameters: 268278842
Checking arguments based on the model...
Files already downloaded and verified
Upscale transform not defined. Skipping dataset upscale.
Model: VGG A ConvNN
Total Parameters: 268278842
Trainable Parameters: 268278842
Checking arguments based on the model...
Files already downloaded and verified
Upscale transform not defined. Skipping dataset upscale.
Model: VGG A ConvNN_Attn
Total Parameters: 332504554
Trainable Parameters: 332504554
Checking arguments based on the model...
Files already downloaded and verified
Upscale transform not defined. Skipping dataset upscale.
Model: VGG A ConvNN_Attn
Total Parameters: 332504554
Trainable Parameters: 332504554
Checking arguments based on the model...
Files already downloaded and verified
Upscale transform not defined. Skipping dataset upscale.
Model: VGG A ConvNN_Attn
Total Parameters: 332504554
Trainable Parameters: 332504554
All Experiments Completed
