Checking arguments based on the model...
Files already downloaded and verified
Upscale transform not defined. Skipping dataset upscale.
Model: VGG A Conv2d
Total Parameters: 128812810
Trainable Parameters: 128812810
[Epoch 001] Time: 13.3574s | [Train] Loss: 2.69597511 Accuracy: Top1: 14.0205%, Top5: 64.7259% | [Test] Loss: 2.13218323 Accuracy: Top1: 15.4558%, Top5: 75.4578%
[Epoch 002] Time: 12.1121s | [Train] Loss: 2.16300117 Accuracy: Top1: 15.3932%, Top5: 70.4823% | [Test] Loss: 2.08459861 Accuracy: Top1: 18.5510%, Top5: 81.3495%
[Epoch 003] Time: 12.1175s | [Train] Loss: 2.15227697 Accuracy: Top1: 15.3113%, Top5: 70.8840% | [Test] Loss: 2.03869475 Accuracy: Top1: 18.9291%, Top5: 81.7775%
[Epoch 004] Time: 12.1545s | [Train] Loss: 2.13182586 Accuracy: Top1: 16.0306%, Top5: 72.6602% | [Test] Loss: 2.00345202 Accuracy: Top1: 20.0936%, Top5: 84.1461%
[Epoch 005] Time: 12.1552s | [Train] Loss: 2.13343500 Accuracy: Top1: 16.2084%, Top5: 72.4285% | [Test] Loss: 2.07381011 Accuracy: Top1: 17.4363%, Top5: 78.4733%
Checking arguments based on the model...
Files already downloaded and verified
Upscale transform not defined. Skipping dataset upscale.
Model: VGG A Conv2d_New
Total Parameters: 268284346
Trainable Parameters: 268284346
[Epoch 001] Time: 23.6478s | [Train] Loss: 2.69743086 Accuracy: Top1: 12.3941%, Top5: 54.3898% | [Test] Loss: 2.21379011 Accuracy: Top1: 15.5056%, Top5: 61.6839%
[Epoch 002] Time: 23.4916s | [Train] Loss: 2.19401940 Accuracy: Top1: 15.4831%, Top5: 67.5412% | [Test] Loss: 2.12798422 Accuracy: Top1: 17.4562%, Top5: 73.2783%
[Epoch 003] Time: 23.5350s | [Train] Loss: 2.08162358 Accuracy: Top1: 17.4153%, Top5: 76.3927% | [Test] Loss: 1.99354725 Accuracy: Top1: 17.8543%, Top5: 79.0008%
[Epoch 004] Time: 23.6430s | [Train] Loss: 2.04934249 Accuracy: Top1: 17.8329%, Top5: 77.2918% | [Test] Loss: 1.99129556 Accuracy: Top1: 18.4017%, Top5: 79.9662%
[Epoch 005] Time: 23.6048s | [Train] Loss: 2.01646940 Accuracy: Top1: 18.4723%, Top5: 79.1041% | [Test] Loss: 1.96644527 Accuracy: Top1: 18.8197%, Top5: 80.2448%
Checking arguments based on the model...
Files already downloaded and verified
Upscale transform not defined. Skipping dataset upscale.
Model: VGG A Conv2d_New_1d
Total Parameters: 268284346
Trainable Parameters: 268284346
[Epoch 001] Time: 23.8620s | [Train] Loss: 2.65926912 Accuracy: Top1: 9.9085%, Top5: 50.3537% | [Test] Loss: 2.30292583 Accuracy: Top1: 10.0418%, Top5: 49.9403%
[Epoch 002] Time: 23.6333s | [Train] Loss: 2.30284017 Accuracy: Top1: 9.9345%, Top5: 49.9341% | [Test] Loss: 2.30276671 Accuracy: Top1: 10.0418%, Top5: 50.0299%
[Epoch 003] Time: 23.6296s | [Train] Loss: 2.30286448 Accuracy: Top1: 9.9944%, Top5: 49.8741% | [Test] Loss: 2.30272262 Accuracy: Top1: 10.0418%, Top5: 49.9701%
[Epoch 004] Time: 23.6729s | [Train] Loss: 2.30284473 Accuracy: Top1: 9.9065%, Top5: 49.5844% | [Test] Loss: 2.30262753 Accuracy: Top1: 9.9821%, Top5: 50.0597%
[Epoch 005] Time: 23.6434s | [Train] Loss: 2.30283070 Accuracy: Top1: 9.9045%, Top5: 49.3266% | [Test] Loss: 2.30262002 Accuracy: Top1: 10.0418%, Top5: 50.0299%
Checking arguments based on the model...
Files already downloaded and verified
Upscale transform not defined. Skipping dataset upscale.
Model: VGG A ConvNN
Total Parameters: 268284346
Trainable Parameters: 268284346
Checking arguments based on the model...
Files already downloaded and verified
Upscale transform not defined. Skipping dataset upscale.
Model: VGG A ConvNN
Total Parameters: 268284346
Trainable Parameters: 268284346
Checking arguments based on the model...
Files already downloaded and verified
Upscale transform not defined. Skipping dataset upscale.
Model: VGG A ConvNN
Total Parameters: 268284346
Trainable Parameters: 268284346
[Epoch 001] Time: 38.8778s | [Train] Loss: nan Accuracy: Top1: 9.9964%, Top5: 50.0000% | [Test] Loss: nan Accuracy: Top1: 9.9821%, Top5: 49.9701%
[Epoch 002] Time: 38.0481s | [Train] Loss: nan Accuracy: Top1: 10.0024%, Top5: 49.9880% | [Test] Loss: nan Accuracy: Top1: 9.9821%, Top5: 49.9701%
[Epoch 003] Time: 38.0553s | [Train] Loss: nan Accuracy: Top1: 10.0084%, Top5: 49.9940% | [Test] Loss: nan Accuracy: Top1: 9.9821%, Top5: 49.9701%
[Epoch 004] Time: 38.1499s | [Train] Loss: nan Accuracy: Top1: 10.0024%, Top5: 49.9880% | [Test] Loss: nan Accuracy: Top1: 9.9821%, Top5: 49.9701%
[Epoch 005] Time: 38.1148s | [Train] Loss: nan Accuracy: Top1: 9.9904%, Top5: 50.0180% | [Test] Loss: nan Accuracy: Top1: 9.9821%, Top5: 49.9701%
Checking arguments based on the model...
Files already downloaded and verified
Upscale transform not defined. Skipping dataset upscale.
Model: VGG A ConvNN_Attn
Total Parameters: 332510058
Trainable Parameters: 332510058
Checking arguments based on the model...
Files already downloaded and verified
Upscale transform not defined. Skipping dataset upscale.
Model: VGG A ConvNN_Attn
Total Parameters: 332510058
Trainable Parameters: 332510058
Checking arguments based on the model...
Files already downloaded and verified
Upscale transform not defined. Skipping dataset upscale.
Model: VGG A ConvNN_Attn
Total Parameters: 332510058
Trainable Parameters: 332510058
[Epoch 001] Time: 53.7423s | [Train] Loss: nan Accuracy: Top1: 9.9964%, Top5: 50.0000% | [Test] Loss: nan Accuracy: Top1: 9.9821%, Top5: 49.9701%
[Epoch 002] Time: 53.1436s | [Train] Loss: nan Accuracy: Top1: 10.0024%, Top5: 49.9880% | [Test] Loss: nan Accuracy: Top1: 9.9821%, Top5: 49.9701%
[Epoch 003] Time: 53.0986s | [Train] Loss: nan Accuracy: Top1: 10.0084%, Top5: 49.9940% | [Test] Loss: nan Accuracy: Top1: 9.9821%, Top5: 49.9701%
[Epoch 004] Time: 53.0449s | [Train] Loss: nan Accuracy: Top1: 10.0024%, Top5: 49.9880% | [Test] Loss: nan Accuracy: Top1: 9.9821%, Top5: 49.9701%
[Epoch 005] Time: 53.0724s | [Train] Loss: nan Accuracy: Top1: 9.9904%, Top5: 50.0180% | [Test] Loss: nan Accuracy: Top1: 9.9821%, Top5: 49.9701%
All Experiments Completed

