Checking arguments based on the model...
Files already downloaded and verified
Upscale transform not defined. Skipping dataset upscale.
Model: VGG A Conv2d
Total Parameters: 128812810
Trainable Parameters: 128812810
Checking arguments based on the model...
Files already downloaded and verified
Upscale transform not defined. Skipping dataset upscale.
Model: VGG A Conv2d_New
Total Parameters: 268284346
Trainable Parameters: 268284346
Checking arguments based on the model...
Files already downloaded and verified
Upscale transform not defined. Skipping dataset upscale.
Model: VGG A Conv2d_New_1d
Total Parameters: 268284346
Trainable Parameters: 268284346
Checking arguments based on the model...
Files already downloaded and verified
Upscale transform not defined. Skipping dataset upscale.
Model: VGG A ConvNN
Total Parameters: 268284346
Trainable Parameters: 268284346
Checking arguments based on the model...
Files already downloaded and verified
Upscale transform not defined. Skipping dataset upscale.
Model: VGG A ConvNN
Total Parameters: 268284346
Trainable Parameters: 268284346
Checking arguments based on the model...
Files already downloaded and verified
Upscale transform not defined. Skipping dataset upscale.
Model: VGG A ConvNN
Total Parameters: 268284346
Trainable Parameters: 268284346
Checking arguments based on the model...
Files already downloaded and verified
Upscale transform not defined. Skipping dataset upscale.
Model: VGG A ConvNN_Attn
Total Parameters: 332510058
Trainable Parameters: 332510058
Checking arguments based on the model...
Files already downloaded and verified
Upscale transform not defined. Skipping dataset upscale.
Model: VGG A ConvNN_Attn
Total Parameters: 332510058
Trainable Parameters: 332510058
Checking arguments based on the model...
Files already downloaded and verified
Upscale transform not defined. Skipping dataset upscale.
Model: VGG A ConvNN_Attn
Total Parameters: 332510058
Trainable Parameters: 332510058
Checking arguments based on the model...
Files already downloaded and verified
Upscale transform not defined. Skipping dataset upscale.
Model: ResNet Conv2d
Total Parameters: 11172042
Trainable Parameters: 11172042
Checking arguments based on the model...
Files already downloaded and verified
Upscale transform not defined. Skipping dataset upscale.
Model: ResNet Conv2d_New
Total Parameters: 177358250
Trainable Parameters: 177358250
Checking arguments based on the model...
Files already downloaded and verified
Upscale transform not defined. Skipping dataset upscale.
Model: ResNet Conv2d_New_1d
Total Parameters: 177358250
Trainable Parameters: 177358250
Checking arguments based on the model...
Files already downloaded and verified
Upscale transform not defined. Skipping dataset upscale.
Model: ResNet ConvNN
Total Parameters: 177358250
Trainable Parameters: 177358250
Checking arguments based on the model...
Files already downloaded and verified
Upscale transform not defined. Skipping dataset upscale.
Model: ResNet ConvNN
Total Parameters: 177358250
Trainable Parameters: 177358250
Checking arguments based on the model...
Files already downloaded and verified
Upscale transform not defined. Skipping dataset upscale.
Model: ResNet ConvNN
Total Parameters: 177358250
Trainable Parameters: 177358250
Checking arguments based on the model...
Files already downloaded and verified
Upscale transform not defined. Skipping dataset upscale.
Model: ResNet ConvNN_Attn
Total Parameters: 254100906
Trainable Parameters: 254100906
Checking arguments based on the model...
Files already downloaded and verified
Upscale transform not defined. Skipping dataset upscale.
Model: ResNet ConvNN_Attn
Total Parameters: 254100906
Trainable Parameters: 254100906
Checking arguments based on the model...
Files already downloaded and verified
Upscale transform not defined. Skipping dataset upscale.
Model: ResNet ConvNN_Attn
Total Parameters: 254100906
Trainable Parameters: 254100906
All Experiments Completed
