Checking arguments based on the model...
Files already downloaded and verified
Upscale transform not defined. Skipping dataset upscale.
Model: All Convolutional Network Conv2d
Total Parameters: 6770
Trainable Parameters: 6770
[Epoch 001] Time: 5.8981s | [Train] Loss: 2.10638767 Accuracy: Top1: 21.7911%, Top5: 70.1267% | [Test] Loss: 1.90590222 Accuracy: Top1: 31.8571%, Top5: 84.2456%
[Epoch 002] Time: 3.5476s | [Train] Loss: 1.91379970 Accuracy: Top1: 28.6565%, Top5: 81.5917% | [Test] Loss: 1.81788916 Accuracy: Top1: 34.2954%, Top5: 85.3702%
[Epoch 003] Time: 3.3465s | [Train] Loss: 1.85285333 Accuracy: Top1: 31.4238%, Top5: 83.6057% | [Test] Loss: 1.74875633 Accuracy: Top1: 38.0673%, Top5: 87.6791%
[Epoch 004] Time: 3.4326s | [Train] Loss: 1.81290368 Accuracy: Top1: 32.9104%, Top5: 84.6667% | [Test] Loss: 1.73915832 Accuracy: Top1: 38.7938%, Top5: 86.9825%
[Epoch 005] Time: 3.5124s | [Train] Loss: 1.77840834 Accuracy: Top1: 34.6367%, Top5: 85.5758% | [Test] Loss: 1.67809164 Accuracy: Top1: 41.1127%, Top5: 89.5104%
[Epoch 006] Time: 3.3839s | [Train] Loss: 1.74677774 Accuracy: Top1: 36.1633%, Top5: 86.2992% | [Test] Loss: 1.64194044 Accuracy: Top1: 42.0382%, Top5: 90.1871%
[Epoch 007] Time: 3.4766s | [Train] Loss: 1.71335067 Accuracy: Top1: 37.2043%, Top5: 87.0464% | [Test] Loss: 1.61189829 Accuracy: Top1: 44.6656%, Top5: 90.5852%
[Epoch 008] Time: 3.3861s | [Train] Loss: 1.68888493 Accuracy: Top1: 38.4631%, Top5: 87.5200% | [Test] Loss: 1.59543392 Accuracy: Top1: 44.1083%, Top5: 90.8639%
[Epoch 009] Time: 3.4194s | [Train] Loss: 1.66511033 Accuracy: Top1: 39.3622%, Top5: 88.0295% | [Test] Loss: 1.57847857 Accuracy: Top1: 44.2277%, Top5: 91.0828%
[Epoch 010] Time: 3.4943s | [Train] Loss: 1.64564908 Accuracy: Top1: 39.5780%, Top5: 88.3911% | [Test] Loss: 1.55076242 Accuracy: Top1: 46.2878%, Top5: 91.6202%
[Epoch 011] Time: 3.4758s | [Train] Loss: 1.63052955 Accuracy: Top1: 40.6230%, Top5: 88.5510% | [Test] Loss: 1.53332380 Accuracy: Top1: 46.6660%, Top5: 91.6899%
[Epoch 012] Time: 3.4253s | [Train] Loss: 1.60755357 Accuracy: Top1: 41.5541%, Top5: 89.1604% | [Test] Loss: 1.51304500 Accuracy: Top1: 47.8105%, Top5: 92.2870%
[Epoch 013] Time: 3.4024s | [Train] Loss: 1.59511581 Accuracy: Top1: 42.2375%, Top5: 89.2503% | [Test] Loss: 1.50215925 Accuracy: Top1: 47.8603%, Top5: 92.6553%
[Epoch 014] Time: 3.3942s | [Train] Loss: 1.57876155 Accuracy: Top1: 42.5052%, Top5: 89.6899% | [Test] Loss: 1.54273563 Accuracy: Top1: 46.4570%, Top5: 91.0330%
[Epoch 015] Time: 3.3772s | [Train] Loss: 1.57148351 Accuracy: Top1: 42.6990%, Top5: 89.8497% | [Test] Loss: 1.48691855 Accuracy: Top1: 48.9252%, Top5: 92.1477%
[Epoch 016] Time: 3.3830s | [Train] Loss: 1.55702849 Accuracy: Top1: 43.2525%, Top5: 89.9656% | [Test] Loss: 1.45632737 Accuracy: Top1: 48.9152%, Top5: 92.8443%
[Epoch 017] Time: 3.4168s | [Train] Loss: 1.54558520 Accuracy: Top1: 43.6041%, Top5: 90.0875% | [Test] Loss: 1.44699628 Accuracy: Top1: 50.0597%, Top5: 93.2126%
[Epoch 018] Time: 3.3929s | [Train] Loss: 1.52854294 Accuracy: Top1: 44.4533%, Top5: 90.4691% | [Test] Loss: 1.42726741 Accuracy: Top1: 51.0052%, Top5: 93.4116%
[Epoch 019] Time: 3.4358s | [Train] Loss: 1.52083438 Accuracy: Top1: 44.5352%, Top5: 90.4112% | [Test] Loss: 1.41916185 Accuracy: Top1: 50.6270%, Top5: 93.5311%
[Epoch 020] Time: 3.3616s | [Train] Loss: 1.51645809 Accuracy: Top1: 44.8350%, Top5: 90.4751% | [Test] Loss: 1.43991914 Accuracy: Top1: 49.6716%, Top5: 92.7647%
[Epoch 021] Time: 3.3455s | [Train] Loss: 1.47957124 Accuracy: Top1: 46.0338%, Top5: 91.3983% | [Test] Loss: 1.39439159 Accuracy: Top1: 51.7914%, Top5: 93.6405%
[Epoch 022] Time: 3.3764s | [Train] Loss: 1.48146950 Accuracy: Top1: 46.0438%, Top5: 91.4142% | [Test] Loss: 1.38912322 Accuracy: Top1: 52.0402%, Top5: 93.7699%
[Epoch 023] Time: 3.4477s | [Train] Loss: 1.47641003 Accuracy: Top1: 46.3635%, Top5: 91.2584% | [Test] Loss: 1.38653860 Accuracy: Top1: 52.0104%, Top5: 93.8396%
[Epoch 024] Time: 3.4054s | [Train] Loss: 1.47368536 Accuracy: Top1: 46.2556%, Top5: 91.4802% | [Test] Loss: 1.38060538 Accuracy: Top1: 52.1994%, Top5: 93.7998%
[Epoch 025] Time: 3.4422s | [Train] Loss: 1.47356022 Accuracy: Top1: 46.0318%, Top5: 91.4382% | [Test] Loss: 1.38888050 Accuracy: Top1: 51.9208%, Top5: 93.5410%
[Epoch 026] Time: 3.3649s | [Train] Loss: 1.47188604 Accuracy: Top1: 46.4434%, Top5: 91.4722% | [Test] Loss: 1.38475503 Accuracy: Top1: 52.2492%, Top5: 93.8794%
[Epoch 027] Time: 3.4058s | [Train] Loss: 1.46874212 Accuracy: Top1: 46.4434%, Top5: 91.5261% | [Test] Loss: 1.38164850 Accuracy: Top1: 52.4781%, Top5: 93.9988%
[Epoch 028] Time: 3.4563s | [Train] Loss: 1.46484528 Accuracy: Top1: 46.7032%, Top5: 91.4902% | [Test] Loss: 1.37727690 Accuracy: Top1: 52.6274%, Top5: 93.9291%
[Epoch 029] Time: 3.4255s | [Train] Loss: 1.46860438 Accuracy: Top1: 46.4994%, Top5: 91.4382% | [Test] Loss: 1.37613628 Accuracy: Top1: 52.4582%, Top5: 93.8595%
[Epoch 030] Time: 3.4086s | [Train] Loss: 1.46808381 Accuracy: Top1: 46.4614%, Top5: 91.5821% | [Test] Loss: 1.37290031 Accuracy: Top1: 52.3288%, Top5: 94.0784%
[Epoch 031] Time: 3.4444s | [Train] Loss: 1.46594028 Accuracy: Top1: 46.4534%, Top5: 91.5621% | [Test] Loss: 1.37653205 Accuracy: Top1: 52.6075%, Top5: 93.6604%
[Epoch 032] Time: 3.3750s | [Train] Loss: 1.46416322 Accuracy: Top1: 46.5293%, Top5: 91.5701% | [Test] Loss: 1.37151522 Accuracy: Top1: 52.6672%, Top5: 93.9092%
[Epoch 033] Time: 3.4547s | [Train] Loss: 1.46056861 Accuracy: Top1: 46.7491%, Top5: 91.6600% | [Test] Loss: 1.37342347 Accuracy: Top1: 52.5080%, Top5: 93.8396%
[Epoch 034] Time: 3.4207s | [Train] Loss: 1.45727651 Accuracy: Top1: 46.9030%, Top5: 91.7419% | [Test] Loss: 1.36955459 Accuracy: Top1: 52.8861%, Top5: 93.8893%
[Epoch 035] Time: 3.4278s | [Train] Loss: 1.46319404 Accuracy: Top1: 46.6792%, Top5: 91.5621% | [Test] Loss: 1.36763494 Accuracy: Top1: 52.8762%, Top5: 94.0287%
[Epoch 036] Time: 3.4423s | [Train] Loss: 1.45382699 Accuracy: Top1: 47.0868%, Top5: 91.7959% | [Test] Loss: 1.37435149 Accuracy: Top1: 52.5975%, Top5: 93.7898%
[Epoch 037] Time: 3.4516s | [Train] Loss: 1.45543050 Accuracy: Top1: 47.0828%, Top5: 91.7719% | [Test] Loss: 1.36609257 Accuracy: Top1: 52.9658%, Top5: 93.9291%
[Epoch 038] Time: 3.3496s | [Train] Loss: 1.45429312 Accuracy: Top1: 46.9369%, Top5: 91.7000% | [Test] Loss: 1.36771990 Accuracy: Top1: 52.8364%, Top5: 93.9092%
[Epoch 039] Time: 3.4268s | [Train] Loss: 1.45907540 Accuracy: Top1: 46.5633%, Top5: 91.6680% | [Test] Loss: 1.36237236 Accuracy: Top1: 52.6274%, Top5: 93.8794%
[Epoch 040] Time: 3.3854s | [Train] Loss: 1.45252758 Accuracy: Top1: 47.0988%, Top5: 91.8099% | [Test] Loss: 1.36507060 Accuracy: Top1: 53.0354%, Top5: 93.8595%
[Epoch 041] Time: 3.3197s | [Train] Loss: 1.45099300 Accuracy: Top1: 46.9030%, Top5: 91.7199% | [Test] Loss: 1.36076972 Accuracy: Top1: 53.0454%, Top5: 93.9789%
[Epoch 042] Time: 3.3987s | [Train] Loss: 1.44983546 Accuracy: Top1: 47.2526%, Top5: 91.6440% | [Test] Loss: 1.35970268 Accuracy: Top1: 53.0653%, Top5: 94.0685%
[Epoch 043] Time: 3.4106s | [Train] Loss: 1.44641828 Accuracy: Top1: 47.5304%, Top5: 91.7279% | [Test] Loss: 1.35976731 Accuracy: Top1: 52.8961%, Top5: 93.9490%
[Epoch 044] Time: 3.4717s | [Train] Loss: 1.44749372 Accuracy: Top1: 47.3905%, Top5: 91.9277% | [Test] Loss: 1.35952101 Accuracy: Top1: 52.9757%, Top5: 93.9192%
[Epoch 045] Time: 3.4421s | [Train] Loss: 1.44734751 Accuracy: Top1: 47.2087%, Top5: 91.7459% | [Test] Loss: 1.35998896 Accuracy: Top1: 53.0653%, Top5: 94.0685%
[Epoch 046] Time: 3.4987s | [Train] Loss: 1.44924716 Accuracy: Top1: 47.0129%, Top5: 91.7979% | [Test] Loss: 1.35928740 Accuracy: Top1: 52.8861%, Top5: 93.9789%
[Epoch 047] Time: 3.5657s | [Train] Loss: 1.44774638 Accuracy: Top1: 47.3685%, Top5: 91.8818% | [Test] Loss: 1.35917851 Accuracy: Top1: 52.9658%, Top5: 94.0088%
[Epoch 048] Time: 3.3797s | [Train] Loss: 1.44436624 Accuracy: Top1: 47.4445%, Top5: 91.9697% | [Test] Loss: 1.35869034 Accuracy: Top1: 52.9857%, Top5: 94.0187%
[Epoch 049] Time: 3.5640s | [Train] Loss: 1.44661486 Accuracy: Top1: 47.0608%, Top5: 91.8418% | [Test] Loss: 1.35880986 Accuracy: Top1: 52.9857%, Top5: 94.0187%
[Epoch 050] Time: 3.4011s | [Train] Loss: 1.44333309 Accuracy: Top1: 47.2706%, Top5: 91.9577% | [Test] Loss: 1.35830238 Accuracy: Top1: 52.9757%, Top5: 94.0187%
[Epoch 051] Time: 3.3932s | [Train] Loss: 1.44083356 Accuracy: Top1: 47.5324%, Top5: 91.8798% | [Test] Loss: 1.35788406 Accuracy: Top1: 53.0255%, Top5: 94.0784%
[Epoch 052] Time: 3.4556s | [Train] Loss: 1.44397434 Accuracy: Top1: 47.2926%, Top5: 91.8558% | [Test] Loss: 1.35885107 Accuracy: Top1: 52.9359%, Top5: 93.9590%
[Epoch 053] Time: 3.5147s | [Train] Loss: 1.44704153 Accuracy: Top1: 47.1008%, Top5: 91.8298% | [Test] Loss: 1.35877860 Accuracy: Top1: 52.9459%, Top5: 93.9590%
[Epoch 054] Time: 3.4324s | [Train] Loss: 1.44722717 Accuracy: Top1: 47.2007%, Top5: 91.9277% | [Test] Loss: 1.35805689 Accuracy: Top1: 52.9160%, Top5: 94.0287%
[Epoch 055] Time: 3.5246s | [Train] Loss: 1.44783367 Accuracy: Top1: 47.3625%, Top5: 91.8658% | [Test] Loss: 1.35839034 Accuracy: Top1: 52.9558%, Top5: 94.0088%
[Epoch 056] Time: 3.5032s | [Train] Loss: 1.44440345 Accuracy: Top1: 47.5024%, Top5: 91.8818% | [Test] Loss: 1.35728272 Accuracy: Top1: 52.9956%, Top5: 94.0088%
[Epoch 057] Time: 3.3255s | [Train] Loss: 1.44626572 Accuracy: Top1: 47.3765%, Top5: 91.7359% | [Test] Loss: 1.35897035 Accuracy: Top1: 52.9757%, Top5: 93.9590%
[Epoch 058] Time: 3.4318s | [Train] Loss: 1.44532080 Accuracy: Top1: 47.3685%, Top5: 91.8378% | [Test] Loss: 1.35752078 Accuracy: Top1: 52.9757%, Top5: 93.9789%
[Epoch 059] Time: 3.4681s | [Train] Loss: 1.44672847 Accuracy: Top1: 47.1647%, Top5: 91.7999% | [Test] Loss: 1.35832777 Accuracy: Top1: 52.9658%, Top5: 93.8993%
[Epoch 060] Time: 3.4779s | [Train] Loss: 1.44530832 Accuracy: Top1: 47.2406%, Top5: 91.8039% | [Test] Loss: 1.35658985 Accuracy: Top1: 52.9757%, Top5: 94.0486%
[Epoch 061] Time: 3.3882s | [Train] Loss: 1.44657157 Accuracy: Top1: 47.3386%, Top5: 91.7579% | [Test] Loss: 1.35681373 Accuracy: Top1: 52.9757%, Top5: 94.0088%
[Epoch 062] Time: 3.4127s | [Train] Loss: 1.44718990 Accuracy: Top1: 47.2566%, Top5: 91.7979% | [Test] Loss: 1.35689779 Accuracy: Top1: 52.9558%, Top5: 94.0088%
[Epoch 063] Time: 3.4216s | [Train] Loss: 1.44623768 Accuracy: Top1: 47.3166%, Top5: 91.6720% | [Test] Loss: 1.35698836 Accuracy: Top1: 52.9757%, Top5: 93.9988%
[Epoch 064] Time: 3.4402s | [Train] Loss: 1.44398924 Accuracy: Top1: 47.3945%, Top5: 91.8099% | [Test] Loss: 1.35689985 Accuracy: Top1: 53.0255%, Top5: 94.0287%
[Epoch 065] Time: 3.4205s | [Train] Loss: 1.44613819 Accuracy: Top1: 47.5703%, Top5: 91.9457% | [Test] Loss: 1.35685872 Accuracy: Top1: 52.9956%, Top5: 94.0287%
[Epoch 066] Time: 3.4075s | [Train] Loss: 1.44511305 Accuracy: Top1: 47.2966%, Top5: 91.8838% | [Test] Loss: 1.35687107 Accuracy: Top1: 53.0454%, Top5: 94.0486%
[Epoch 067] Time: 3.3598s | [Train] Loss: 1.44340373 Accuracy: Top1: 47.5783%, Top5: 91.8858% | [Test] Loss: 1.35685512 Accuracy: Top1: 52.9558%, Top5: 93.9689%
[Epoch 068] Time: 3.4579s | [Train] Loss: 1.44627310 Accuracy: Top1: 47.3705%, Top5: 91.7999% | [Test] Loss: 1.35694012 Accuracy: Top1: 52.9757%, Top5: 93.9689%
[Epoch 069] Time: 3.4417s | [Train] Loss: 1.44357119 Accuracy: Top1: 47.4784%, Top5: 91.7659% | [Test] Loss: 1.35699857 Accuracy: Top1: 52.9857%, Top5: 93.9889%
[Epoch 070] Time: 3.4831s | [Train] Loss: 1.44387093 Accuracy: Top1: 47.4604%, Top5: 91.7679% | [Test] Loss: 1.35687920 Accuracy: Top1: 53.0056%, Top5: 93.9988%
[Epoch 071] Time: 3.4176s | [Train] Loss: 1.44560453 Accuracy: Top1: 47.3126%, Top5: 91.8238% | [Test] Loss: 1.35684123 Accuracy: Top1: 53.0553%, Top5: 94.0088%
[Epoch 072] Time: 3.5055s | [Train] Loss: 1.44145489 Accuracy: Top1: 47.6203%, Top5: 91.9078% | [Test] Loss: 1.35684171 Accuracy: Top1: 53.0056%, Top5: 93.9988%
[Epoch 073] Time: 3.3803s | [Train] Loss: 1.44541101 Accuracy: Top1: 47.4884%, Top5: 91.8159% | [Test] Loss: 1.35694513 Accuracy: Top1: 52.9359%, Top5: 93.9889%
[Epoch 074] Time: 3.4626s | [Train] Loss: 1.44321511 Accuracy: Top1: 47.5424%, Top5: 91.7619% | [Test] Loss: 1.35670768 Accuracy: Top1: 53.0653%, Top5: 94.0287%
[Epoch 075] Time: 3.3938s | [Train] Loss: 1.44913992 Accuracy: Top1: 47.1008%, Top5: 91.6900% | [Test] Loss: 1.35690399 Accuracy: Top1: 52.9658%, Top5: 94.0088%
Checking arguments based on the model...
Files already downloaded and verified
Upscale transform not defined. Skipping dataset upscale.
Model: All Convolutional Network Conv2d
Total Parameters: 882
Trainable Parameters: 882
[Epoch 001] Time: 3.9892s | [Train] Loss: 2.22680702 Accuracy: Top1: 15.9307%, Top5: 64.7079% | [Test] Loss: 2.13326281 Accuracy: Top1: 20.7703%, Top5: 73.5569%
[Epoch 002] Time: 3.3690s | [Train] Loss: 2.12284026 Accuracy: Top1: 20.0707%, Top5: 72.7022% | [Test] Loss: 2.07143116 Accuracy: Top1: 23.8854%, Top5: 75.9952%
[Epoch 003] Time: 3.3746s | [Train] Loss: 2.08933719 Accuracy: Top1: 21.6152%, Top5: 74.1708% | [Test] Loss: 2.04155944 Accuracy: Top1: 24.0147%, Top5: 77.6274%
[Epoch 004] Time: 3.3749s | [Train] Loss: 2.06499537 Accuracy: Top1: 22.4584%, Top5: 75.5315% | [Test] Loss: 2.02048286 Accuracy: Top1: 25.3583%, Top5: 78.6027%
[Epoch 005] Time: 3.3420s | [Train] Loss: 2.04754891 Accuracy: Top1: 23.0958%, Top5: 76.4027% | [Test] Loss: 2.00096510 Accuracy: Top1: 26.0549%, Top5: 79.5283%
[Epoch 006] Time: 3.3814s | [Train] Loss: 2.02717890 Accuracy: Top1: 24.0469%, Top5: 77.1399% | [Test] Loss: 1.98324005 Accuracy: Top1: 26.5625%, Top5: 80.3742%
[Epoch 007] Time: 3.3520s | [Train] Loss: 2.00759340 Accuracy: Top1: 25.1539%, Top5: 78.0271% | [Test] Loss: 1.96587438 Accuracy: Top1: 27.2393%, Top5: 80.8619%
[Epoch 008] Time: 3.3420s | [Train] Loss: 1.99600890 Accuracy: Top1: 25.5555%, Top5: 78.5206% | [Test] Loss: 1.95740906 Accuracy: Top1: 28.0553%, Top5: 80.7922%
[Epoch 009] Time: 3.4361s | [Train] Loss: 1.98426902 Accuracy: Top1: 26.0350%, Top5: 78.5945% | [Test] Loss: 1.93904446 Accuracy: Top1: 29.0506%, Top5: 81.0410%
[Epoch 010] Time: 3.4126s | [Train] Loss: 1.96921193 Accuracy: Top1: 27.1140%, Top5: 79.2719% | [Test] Loss: 1.93430417 Accuracy: Top1: 29.2197%, Top5: 81.1903%
[Epoch 011] Time: 3.3696s | [Train] Loss: 1.96059672 Accuracy: Top1: 27.6535%, Top5: 79.6375% | [Test] Loss: 1.92505302 Accuracy: Top1: 29.7870%, Top5: 81.5784%
[Epoch 012] Time: 3.3239s | [Train] Loss: 1.95291588 Accuracy: Top1: 28.0191%, Top5: 79.9173% | [Test] Loss: 1.91388420 Accuracy: Top1: 30.6728%, Top5: 81.9467%
[Epoch 013] Time: 3.3836s | [Train] Loss: 1.94643645 Accuracy: Top1: 28.6445%, Top5: 80.0372% | [Test] Loss: 1.91312648 Accuracy: Top1: 30.4439%, Top5: 81.8969%
[Epoch 014] Time: 3.3839s | [Train] Loss: 1.93969925 Accuracy: Top1: 28.5906%, Top5: 80.1111% | [Test] Loss: 1.90934642 Accuracy: Top1: 30.8221%, Top5: 82.1656%
[Epoch 015] Time: 3.4277s | [Train] Loss: 1.93538267 Accuracy: Top1: 29.1400%, Top5: 80.4488% | [Test] Loss: 1.90799515 Accuracy: Top1: 30.6131%, Top5: 82.0462%
[Epoch 016] Time: 3.3612s | [Train] Loss: 1.93149398 Accuracy: Top1: 29.0881%, Top5: 80.7365% | [Test] Loss: 1.89477778 Accuracy: Top1: 31.5088%, Top5: 82.6035%
[Epoch 017] Time: 3.3304s | [Train] Loss: 1.92551340 Accuracy: Top1: 29.4557%, Top5: 80.8724% | [Test] Loss: 1.89312607 Accuracy: Top1: 31.2799%, Top5: 82.6334%
[Epoch 018] Time: 3.4248s | [Train] Loss: 1.92219822 Accuracy: Top1: 29.8254%, Top5: 80.8584% | [Test] Loss: 1.89120919 Accuracy: Top1: 31.5685%, Top5: 82.2452%
[Epoch 019] Time: 3.3822s | [Train] Loss: 1.92044399 Accuracy: Top1: 30.1251%, Top5: 80.9703% | [Test] Loss: 1.88710381 Accuracy: Top1: 31.8969%, Top5: 82.5936%
[Epoch 020] Time: 3.3879s | [Train] Loss: 1.91737031 Accuracy: Top1: 29.9792%, Top5: 81.0082% | [Test] Loss: 1.88399295 Accuracy: Top1: 32.0561%, Top5: 82.6234%
[Epoch 021] Time: 3.2744s | [Train] Loss: 1.90739327 Accuracy: Top1: 30.5786%, Top5: 81.3959% | [Test] Loss: 1.87571154 Accuracy: Top1: 32.2154%, Top5: 82.8324%
[Epoch 022] Time: 3.3011s | [Train] Loss: 1.90268989 Accuracy: Top1: 30.7605%, Top5: 81.4898% | [Test] Loss: 1.87483783 Accuracy: Top1: 32.4642%, Top5: 82.8424%
[Epoch 023] Time: 3.3372s | [Train] Loss: 1.90308910 Accuracy: Top1: 30.6646%, Top5: 81.5817% | [Test] Loss: 1.87296756 Accuracy: Top1: 32.6035%, Top5: 83.0414%
[Epoch 024] Time: 3.3358s | [Train] Loss: 1.90019512 Accuracy: Top1: 30.6546%, Top5: 81.6276% | [Test] Loss: 1.87274429 Accuracy: Top1: 32.6234%, Top5: 82.8523%
[Epoch 025] Time: 3.3576s | [Train] Loss: 1.90368638 Accuracy: Top1: 30.9583%, Top5: 81.4059% | [Test] Loss: 1.87307913 Accuracy: Top1: 32.5438%, Top5: 83.0812%
[Epoch 026] Time: 3.3344s | [Train] Loss: 1.89932033 Accuracy: Top1: 30.6965%, Top5: 81.5757% | [Test] Loss: 1.87178104 Accuracy: Top1: 32.5836%, Top5: 82.9518%
[Epoch 027] Time: 3.3551s | [Train] Loss: 1.90028822 Accuracy: Top1: 30.7565%, Top5: 81.4618% | [Test] Loss: 1.87279971 Accuracy: Top1: 32.5040%, Top5: 82.9120%
[Epoch 028] Time: 3.3224s | [Train] Loss: 1.89815239 Accuracy: Top1: 30.7605%, Top5: 81.5797% | [Test] Loss: 1.87113244 Accuracy: Top1: 32.7329%, Top5: 82.8623%
[Epoch 029] Time: 3.3484s | [Train] Loss: 1.90014430 Accuracy: Top1: 30.7005%, Top5: 81.4918% | [Test] Loss: 1.87388305 Accuracy: Top1: 32.2950%, Top5: 82.8623%
[Epoch 030] Time: 3.4365s | [Train] Loss: 1.90082498 Accuracy: Top1: 30.7485%, Top5: 81.6316% | [Test] Loss: 1.87132662 Accuracy: Top1: 32.7826%, Top5: 83.0115%
[Epoch 031] Time: 3.3215s | [Train] Loss: 1.90106279 Accuracy: Top1: 30.7765%, Top5: 81.5817% | [Test] Loss: 1.87139638 Accuracy: Top1: 32.7030%, Top5: 82.9120%
[Epoch 032] Time: 3.3331s | [Train] Loss: 1.89973636 Accuracy: Top1: 30.6366%, Top5: 81.6296% | [Test] Loss: 1.86962023 Accuracy: Top1: 32.7926%, Top5: 82.9817%
[Epoch 033] Time: 3.3136s | [Train] Loss: 1.89679708 Accuracy: Top1: 30.9583%, Top5: 81.6376% | [Test] Loss: 1.86955395 Accuracy: Top1: 32.8324%, Top5: 83.0215%
[Epoch 034] Time: 3.3709s | [Train] Loss: 1.89785359 Accuracy: Top1: 31.0562%, Top5: 81.5897% | [Test] Loss: 1.87101925 Accuracy: Top1: 32.7727%, Top5: 82.8822%
[Epoch 035] Time: 3.3071s | [Train] Loss: 1.89756059 Accuracy: Top1: 30.9543%, Top5: 81.7315% | [Test] Loss: 1.87000789 Accuracy: Top1: 32.7627%, Top5: 82.9817%
[Epoch 036] Time: 3.4411s | [Train] Loss: 1.89711182 Accuracy: Top1: 30.9463%, Top5: 81.6516% | [Test] Loss: 1.86928559 Accuracy: Top1: 32.4443%, Top5: 82.9220%
[Epoch 037] Time: 3.3688s | [Train] Loss: 1.89553737 Accuracy: Top1: 30.9523%, Top5: 81.6356% | [Test] Loss: 1.86933809 Accuracy: Top1: 32.8025%, Top5: 82.8125%
[Epoch 038] Time: 3.3241s | [Train] Loss: 1.89665615 Accuracy: Top1: 30.8524%, Top5: 81.5677% | [Test] Loss: 1.86772391 Accuracy: Top1: 32.8225%, Top5: 82.9419%
[Epoch 039] Time: 3.4097s | [Train] Loss: 1.89822483 Accuracy: Top1: 30.8124%, Top5: 81.6416% | [Test] Loss: 1.86782020 Accuracy: Top1: 32.6433%, Top5: 82.9319%
[Epoch 040] Time: 3.4017s | [Train] Loss: 1.89636328 Accuracy: Top1: 30.7805%, Top5: 81.6336% | [Test] Loss: 1.86868947 Accuracy: Top1: 32.5537%, Top5: 82.7329%
[Epoch 041] Time: 3.3752s | [Train] Loss: 1.89396390 Accuracy: Top1: 31.0462%, Top5: 81.8035% | [Test] Loss: 1.86706203 Accuracy: Top1: 32.7428%, Top5: 82.8722%
[Epoch 042] Time: 3.3585s | [Train] Loss: 1.89601220 Accuracy: Top1: 30.9563%, Top5: 81.8175% | [Test] Loss: 1.86691331 Accuracy: Top1: 32.6831%, Top5: 83.0713%
[Epoch 043] Time: 3.3993s | [Train] Loss: 1.89532386 Accuracy: Top1: 30.9063%, Top5: 81.7116% | [Test] Loss: 1.86687802 Accuracy: Top1: 32.7428%, Top5: 82.9618%
[Epoch 044] Time: 3.3317s | [Train] Loss: 1.89366828 Accuracy: Top1: 30.8004%, Top5: 81.7415% | [Test] Loss: 1.86675476 Accuracy: Top1: 32.7627%, Top5: 82.9916%
[Epoch 045] Time: 3.3901s | [Train] Loss: 1.89258739 Accuracy: Top1: 31.2440%, Top5: 81.9134% | [Test] Loss: 1.86670954 Accuracy: Top1: 32.7130%, Top5: 83.0115%
[Epoch 046] Time: 3.2879s | [Train] Loss: 1.89535064 Accuracy: Top1: 31.0182%, Top5: 81.7395% | [Test] Loss: 1.86678138 Accuracy: Top1: 32.6931%, Top5: 83.0115%
[Epoch 047] Time: 3.4346s | [Train] Loss: 1.89416121 Accuracy: Top1: 30.7165%, Top5: 81.7755% | [Test] Loss: 1.86680750 Accuracy: Top1: 32.7329%, Top5: 83.0016%
[Epoch 048] Time: 3.3077s | [Train] Loss: 1.89356496 Accuracy: Top1: 31.1201%, Top5: 81.7935% | [Test] Loss: 1.86668553 Accuracy: Top1: 32.7130%, Top5: 83.0414%
[Epoch 049] Time: 3.3706s | [Train] Loss: 1.89342733 Accuracy: Top1: 30.9483%, Top5: 81.8334% | [Test] Loss: 1.86659586 Accuracy: Top1: 32.8225%, Top5: 83.0613%
[Epoch 050] Time: 3.3309s | [Train] Loss: 1.89446759 Accuracy: Top1: 30.9003%, Top5: 81.7016% | [Test] Loss: 1.86665354 Accuracy: Top1: 32.8125%, Top5: 83.0414%
[Epoch 051] Time: 3.2925s | [Train] Loss: 1.89365888 Accuracy: Top1: 31.0862%, Top5: 81.6556% | [Test] Loss: 1.86671427 Accuracy: Top1: 32.7627%, Top5: 82.9717%
[Epoch 052] Time: 3.3702s | [Train] Loss: 1.89573700 Accuracy: Top1: 30.8804%, Top5: 81.8354% | [Test] Loss: 1.86664240 Accuracy: Top1: 32.7727%, Top5: 83.0115%
[Epoch 053] Time: 3.3710s | [Train] Loss: 1.89540188 Accuracy: Top1: 30.9483%, Top5: 81.8834% | [Test] Loss: 1.86667119 Accuracy: Top1: 32.7727%, Top5: 83.1111%
[Epoch 054] Time: 3.2913s | [Train] Loss: 1.89534080 Accuracy: Top1: 30.8384%, Top5: 81.9234% | [Test] Loss: 1.86664478 Accuracy: Top1: 32.7030%, Top5: 82.9618%
[Epoch 055] Time: 3.2962s | [Train] Loss: 1.89513002 Accuracy: Top1: 30.9283%, Top5: 81.7395% | [Test] Loss: 1.86665114 Accuracy: Top1: 32.7130%, Top5: 82.9021%
[Epoch 056] Time: 3.3808s | [Train] Loss: 1.89478901 Accuracy: Top1: 30.9443%, Top5: 81.6476% | [Test] Loss: 1.86664470 Accuracy: Top1: 32.7627%, Top5: 83.0215%
[Epoch 057] Time: 3.4064s | [Train] Loss: 1.89438124 Accuracy: Top1: 31.0602%, Top5: 81.7335% | [Test] Loss: 1.86646057 Accuracy: Top1: 32.7528%, Top5: 82.9916%
[Epoch 058] Time: 3.4257s | [Train] Loss: 1.89418841 Accuracy: Top1: 31.0302%, Top5: 81.7315% | [Test] Loss: 1.86665541 Accuracy: Top1: 32.7528%, Top5: 83.0115%
[Epoch 059] Time: 3.3517s | [Train] Loss: 1.89447529 Accuracy: Top1: 30.9303%, Top5: 81.8314% | [Test] Loss: 1.86652247 Accuracy: Top1: 32.7030%, Top5: 83.0414%
[Epoch 060] Time: 3.3389s | [Train] Loss: 1.89236341 Accuracy: Top1: 31.0462%, Top5: 81.7495% | [Test] Loss: 1.86654737 Accuracy: Top1: 32.7030%, Top5: 82.9916%
[Epoch 061] Time: 3.3887s | [Train] Loss: 1.89451444 Accuracy: Top1: 31.0222%, Top5: 81.6496% | [Test] Loss: 1.86649555 Accuracy: Top1: 32.6632%, Top5: 83.0713%
[Epoch 062] Time: 3.3836s | [Train] Loss: 1.89326424 Accuracy: Top1: 30.9203%, Top5: 81.7395% | [Test] Loss: 1.86649015 Accuracy: Top1: 32.6632%, Top5: 83.0613%
[Epoch 063] Time: 3.3889s | [Train] Loss: 1.89539979 Accuracy: Top1: 30.8584%, Top5: 81.8914% | [Test] Loss: 1.86645418 Accuracy: Top1: 32.6931%, Top5: 83.1011%
[Epoch 064] Time: 3.3884s | [Train] Loss: 1.89277437 Accuracy: Top1: 31.3159%, Top5: 81.7815% | [Test] Loss: 1.86644659 Accuracy: Top1: 32.6931%, Top5: 83.1011%
[Epoch 065] Time: 3.3428s | [Train] Loss: 1.89589443 Accuracy: Top1: 31.1021%, Top5: 81.7515% | [Test] Loss: 1.86642989 Accuracy: Top1: 32.7030%, Top5: 83.0912%
[Epoch 066] Time: 3.3761s | [Train] Loss: 1.89517832 Accuracy: Top1: 30.8963%, Top5: 81.6656% | [Test] Loss: 1.86643769 Accuracy: Top1: 32.7030%, Top5: 83.0912%
[Epoch 067] Time: 3.3291s | [Train] Loss: 1.89363825 Accuracy: Top1: 31.0981%, Top5: 82.0153% | [Test] Loss: 1.86642043 Accuracy: Top1: 32.7229%, Top5: 83.0912%
[Epoch 068] Time: 3.3672s | [Train] Loss: 1.89289143 Accuracy: Top1: 31.0002%, Top5: 81.7435% | [Test] Loss: 1.86641851 Accuracy: Top1: 32.7229%, Top5: 83.0812%
[Epoch 069] Time: 3.4252s | [Train] Loss: 1.89269695 Accuracy: Top1: 31.2880%, Top5: 81.7315% | [Test] Loss: 1.86640809 Accuracy: Top1: 32.7229%, Top5: 83.0713%
[Epoch 070] Time: 3.3443s | [Train] Loss: 1.89364322 Accuracy: Top1: 30.8684%, Top5: 81.7595% | [Test] Loss: 1.86640067 Accuracy: Top1: 32.7229%, Top5: 83.0812%
[Epoch 071] Time: 3.3415s | [Train] Loss: 1.89188370 Accuracy: Top1: 31.0682%, Top5: 81.8254% | [Test] Loss: 1.86638055 Accuracy: Top1: 32.7627%, Top5: 83.0713%
[Epoch 072] Time: 3.4247s | [Train] Loss: 1.89117717 Accuracy: Top1: 31.2320%, Top5: 81.9134% | [Test] Loss: 1.86636648 Accuracy: Top1: 32.7528%, Top5: 83.0613%
[Epoch 073] Time: 3.3272s | [Train] Loss: 1.89333888 Accuracy: Top1: 30.9643%, Top5: 81.7715% | [Test] Loss: 1.86636934 Accuracy: Top1: 32.7727%, Top5: 83.0613%
[Epoch 074] Time: 3.3867s | [Train] Loss: 1.89540970 Accuracy: Top1: 30.8084%, Top5: 81.6516% | [Test] Loss: 1.86637006 Accuracy: Top1: 32.7627%, Top5: 83.0613%
[Epoch 075] Time: 3.3312s | [Train] Loss: 1.89532863 Accuracy: Top1: 31.1041%, Top5: 81.7136% | [Test] Loss: 1.86636527 Accuracy: Top1: 32.7528%, Top5: 83.0613%
Checking arguments based on the model...
Files already downloaded and verified
Upscale transform not defined. Skipping dataset upscale.
Model: All Convolutional Network ConvNN
Total Parameters: 6770
Trainable Parameters: 6770
Checking arguments based on the model...
Files already downloaded and verified
Upscale transform not defined. Skipping dataset upscale.
Model: All Convolutional Network ConvNN
Total Parameters: 882
Trainable Parameters: 882
