/mnt/research/j.farias/mkang2/miniconda3/envs/mingi/lib/python3.11/site-packages/torch/nn/modules/instancenorm.py:115: UserWarning: input's size at dim=1 does not match num_features. You can silence this warning by not passing in num_features, which is not used because affine=False
  warnings.warn(
/mnt/research/j.farias/mkang2/miniconda3/envs/mingi/lib/python3.11/site-packages/torch/nn/modules/conv.py:549: UserWarning: Using padding='same' with even kernel lengths and odd dilation may require a zero-padded copy of the input be created (Triggered internally at /opt/conda/conda-bld/pytorch_1729647348947/work/aten/src/ATen/native/Convolution.cpp:1036.)
  return F.conv2d(
/mnt/research/j.farias/mkang2/miniconda3/envs/mingi/lib/python3.11/site-packages/torch/nn/modules/instancenorm.py:115: UserWarning: input's size at dim=1 does not match num_features. You can silence this warning by not passing in num_features, which is not used because affine=False
  warnings.warn(
Traceback (most recent call last):
  File "/mnt/research/j.farias/mkang2/Convolutional-Nearest-Neighbor/allconvnet_main.py", line 158, in <module>
    main(args)
  File "/mnt/research/j.farias/mkang2/Convolutional-Nearest-Neighbor/allconvnet_main.py", line 143, in main
    train_eval_results = Train_Eval(args, 
                         ^^^^^^^^^^^^^^^^
  File "/mnt/research/j.farias/mkang2/Convolutional-Nearest-Neighbor/train_eval.py", line 92, in Train_Eval
    outputs = model(images)
              ^^^^^^^^^^^^^
  File "/mnt/research/j.farias/mkang2/miniconda3/envs/mingi/lib/python3.11/site-packages/torch/nn/modules/module.py", line 1736, in _wrapped_call_impl
    return self._call_impl(*args, **kwargs)
           ^^^^^^^^^^^^^^^^^^^^^^^^^^^^^^^^
  File "/mnt/research/j.farias/mkang2/miniconda3/envs/mingi/lib/python3.11/site-packages/torch/nn/modules/module.py", line 1747, in _call_impl
    return forward_call(*args, **kwargs)
           ^^^^^^^^^^^^^^^^^^^^^^^^^^^^^
  File "/mnt/research/j.farias/mkang2/Convolutional-Nearest-Neighbor/models/allconvnet.py", line 193, in forward
    x = self.features(x)
        ^^^^^^^^^^^^^^^^
  File "/mnt/research/j.farias/mkang2/miniconda3/envs/mingi/lib/python3.11/site-packages/torch/nn/modules/module.py", line 1736, in _wrapped_call_impl
    return self._call_impl(*args, **kwargs)
           ^^^^^^^^^^^^^^^^^^^^^^^^^^^^^^^^
  File "/mnt/research/j.farias/mkang2/miniconda3/envs/mingi/lib/python3.11/site-packages/torch/nn/modules/module.py", line 1747, in _call_impl
    return forward_call(*args, **kwargs)
           ^^^^^^^^^^^^^^^^^^^^^^^^^^^^^
  File "/mnt/research/j.farias/mkang2/miniconda3/envs/mingi/lib/python3.11/site-packages/torch/nn/modules/container.py", line 250, in forward
    input = module(input)
            ^^^^^^^^^^^^^
  File "/mnt/research/j.farias/mkang2/miniconda3/envs/mingi/lib/python3.11/site-packages/torch/nn/modules/module.py", line 1736, in _wrapped_call_impl
    return self._call_impl(*args, **kwargs)
           ^^^^^^^^^^^^^^^^^^^^^^^^^^^^^^^^
  File "/mnt/research/j.farias/mkang2/miniconda3/envs/mingi/lib/python3.11/site-packages/torch/nn/modules/module.py", line 1747, in _call_impl
    return forward_call(*args, **kwargs)
           ^^^^^^^^^^^^^^^^^^^^^^^^^^^^^
  File "/mnt/research/j.farias/mkang2/Convolutional-Nearest-Neighbor/models/layers2d.py", line 301, in forward
    x = self.unflatten(x)
        ^^^^^^^^^^^^^^^^^
  File "/mnt/research/j.farias/mkang2/miniconda3/envs/mingi/lib/python3.11/site-packages/torch/nn/modules/module.py", line 1736, in _wrapped_call_impl
    return self._call_impl(*args, **kwargs)
           ^^^^^^^^^^^^^^^^^^^^^^^^^^^^^^^^
  File "/mnt/research/j.farias/mkang2/miniconda3/envs/mingi/lib/python3.11/site-packages/torch/nn/modules/module.py", line 1747, in _call_impl
    return forward_call(*args, **kwargs)
           ^^^^^^^^^^^^^^^^^^^^^^^^^^^^^
  File "/mnt/research/j.farias/mkang2/miniconda3/envs/mingi/lib/python3.11/site-packages/torch/nn/modules/flatten.py", line 155, in forward
    return input.unflatten(self.dim, self.unflattened_size)
           ^^^^^^^^^^^^^^^^^^^^^^^^^^^^^^^^^^^^^^^^^^^^^^^^
  File "/mnt/research/j.farias/mkang2/miniconda3/envs/mingi/lib/python3.11/site-packages/torch/_tensor.py", line 1376, in unflatten
    return super().unflatten(dim, sizes)
           ^^^^^^^^^^^^^^^^^^^^^^^^^^^^^
RuntimeError: unflatten: Provided sizes [32, 32] don't multiply up to the size of dim 2 (1156) in the input tensor
/mnt/research/j.farias/mkang2/miniconda3/envs/mingi/lib/python3.11/site-packages/torch/nn/modules/instancenorm.py:115: UserWarning: input's size at dim=1 does not match num_features. You can silence this warning by not passing in num_features, which is not used because affine=False
  warnings.warn(
Traceback (most recent call last):
  File "/mnt/research/j.farias/mkang2/Convolutional-Nearest-Neighbor/allconvnet_main.py", line 158, in <module>
    main(args)
  File "/mnt/research/j.farias/mkang2/Convolutional-Nearest-Neighbor/allconvnet_main.py", line 143, in main
    train_eval_results = Train_Eval(args, 
                         ^^^^^^^^^^^^^^^^
  File "/mnt/research/j.farias/mkang2/Convolutional-Nearest-Neighbor/train_eval.py", line 92, in Train_Eval
    outputs = model(images)
              ^^^^^^^^^^^^^
  File "/mnt/research/j.farias/mkang2/miniconda3/envs/mingi/lib/python3.11/site-packages/torch/nn/modules/module.py", line 1736, in _wrapped_call_impl
    return self._call_impl(*args, **kwargs)
           ^^^^^^^^^^^^^^^^^^^^^^^^^^^^^^^^
  File "/mnt/research/j.farias/mkang2/miniconda3/envs/mingi/lib/python3.11/site-packages/torch/nn/modules/module.py", line 1747, in _call_impl
    return forward_call(*args, **kwargs)
           ^^^^^^^^^^^^^^^^^^^^^^^^^^^^^
  File "/mnt/research/j.farias/mkang2/Convolutional-Nearest-Neighbor/models/allconvnet.py", line 193, in forward
    x = self.features(x)
        ^^^^^^^^^^^^^^^^
  File "/mnt/research/j.farias/mkang2/miniconda3/envs/mingi/lib/python3.11/site-packages/torch/nn/modules/module.py", line 1736, in _wrapped_call_impl
    return self._call_impl(*args, **kwargs)
           ^^^^^^^^^^^^^^^^^^^^^^^^^^^^^^^^
  File "/mnt/research/j.farias/mkang2/miniconda3/envs/mingi/lib/python3.11/site-packages/torch/nn/modules/module.py", line 1747, in _call_impl
    return forward_call(*args, **kwargs)
           ^^^^^^^^^^^^^^^^^^^^^^^^^^^^^
  File "/mnt/research/j.farias/mkang2/miniconda3/envs/mingi/lib/python3.11/site-packages/torch/nn/modules/container.py", line 250, in forward
    input = module(input)
            ^^^^^^^^^^^^^
  File "/mnt/research/j.farias/mkang2/miniconda3/envs/mingi/lib/python3.11/site-packages/torch/nn/modules/module.py", line 1736, in _wrapped_call_impl
    return self._call_impl(*args, **kwargs)
           ^^^^^^^^^^^^^^^^^^^^^^^^^^^^^^^^
  File "/mnt/research/j.farias/mkang2/miniconda3/envs/mingi/lib/python3.11/site-packages/torch/nn/modules/module.py", line 1747, in _call_impl
    return forward_call(*args, **kwargs)
           ^^^^^^^^^^^^^^^^^^^^^^^^^^^^^
  File "/mnt/research/j.farias/mkang2/Convolutional-Nearest-Neighbor/models/layers2d.py", line 301, in forward
    x = self.unflatten(x)
        ^^^^^^^^^^^^^^^^^
  File "/mnt/research/j.farias/mkang2/miniconda3/envs/mingi/lib/python3.11/site-packages/torch/nn/modules/module.py", line 1736, in _wrapped_call_impl
    return self._call_impl(*args, **kwargs)
           ^^^^^^^^^^^^^^^^^^^^^^^^^^^^^^^^
  File "/mnt/research/j.farias/mkang2/miniconda3/envs/mingi/lib/python3.11/site-packages/torch/nn/modules/module.py", line 1747, in _call_impl
    return forward_call(*args, **kwargs)
           ^^^^^^^^^^^^^^^^^^^^^^^^^^^^^
  File "/mnt/research/j.farias/mkang2/miniconda3/envs/mingi/lib/python3.11/site-packages/torch/nn/modules/flatten.py", line 155, in forward
    return input.unflatten(self.dim, self.unflattened_size)
           ^^^^^^^^^^^^^^^^^^^^^^^^^^^^^^^^^^^^^^^^^^^^^^^^
  File "/mnt/research/j.farias/mkang2/miniconda3/envs/mingi/lib/python3.11/site-packages/torch/_tensor.py", line 1376, in unflatten
    return super().unflatten(dim, sizes)
           ^^^^^^^^^^^^^^^^^^^^^^^^^^^^^
RuntimeError: unflatten: Provided sizes [32, 32] don't multiply up to the size of dim 2 (1156) in the input tensor
/mnt/research/j.farias/mkang2/miniconda3/envs/mingi/lib/python3.11/site-packages/torch/nn/modules/instancenorm.py:115: UserWarning: input's size at dim=1 does not match num_features. You can silence this warning by not passing in num_features, which is not used because affine=False
  warnings.warn(
slurmstepd: error: *** JOB 19469 ON moose63 CANCELLED AT 2025-08-31T18:01:36 ***
