Checking arguments based on the model...
Files already downloaded and verified
Upscale transform not defined. Skipping dataset upscale.
Model: All Convolutional Network ConvNN
Total Parameters: 6770
Trainable Parameters: 6770
[Epoch 001] Time: 36.8455s | [Train] Loss: 2.15614028 Accuracy: Top1: 21.3375%, Top5: 70.3944% | [Test] Loss: 1.98949997 Accuracy: Top1: 32.4940%, Top5: 83.3101%
[Epoch 002] Time: 36.5910s | [Train] Loss: 2.00938236 Accuracy: Top1: 28.9242%, Top5: 80.1790% | [Test] Loss: 1.91660075 Accuracy: Top1: 33.6883%, Top5: 85.5892%
[Epoch 003] Time: 36.5545s | [Train] Loss: 1.95902744 Accuracy: Top1: 31.0422%, Top5: 82.4289% | [Test] Loss: 1.87732862 Accuracy: Top1: 35.7186%, Top5: 87.4602%
[Epoch 004] Time: 36.6122s | [Train] Loss: 1.93346624 Accuracy: Top1: 32.3509%, Top5: 83.3260% | [Test] Loss: 1.86684623 Accuracy: Top1: 36.2759%, Top5: 87.5100%
[Epoch 005] Time: 36.5719s | [Train] Loss: 1.91706083 Accuracy: Top1: 32.9344%, Top5: 83.9994% | [Test] Loss: 1.84088307 Accuracy: Top1: 38.2265%, Top5: 88.2962%
[Epoch 006] Time: 36.6022s | [Train] Loss: 1.90175617 Accuracy: Top1: 34.0074%, Top5: 84.4409% | [Test] Loss: 1.84817075 Accuracy: Top1: 38.5151%, Top5: 88.0673%
[Epoch 007] Time: 36.5978s | [Train] Loss: 1.88519887 Accuracy: Top1: 34.9305%, Top5: 85.0863% | [Test] Loss: 1.82641377 Accuracy: Top1: 39.2018%, Top5: 88.9132%
[Epoch 008] Time: 36.5581s | [Train] Loss: 1.87345350 Accuracy: Top1: 35.8416%, Top5: 85.1702% | [Test] Loss: 1.82724788 Accuracy: Top1: 39.0824%, Top5: 89.1322%
[Epoch 009] Time: 36.6151s | [Train] Loss: 1.86120362 Accuracy: Top1: 36.9186%, Top5: 85.5199% | [Test] Loss: 1.81269254 Accuracy: Top1: 39.8487%, Top5: 88.8037%
[Epoch 010] Time: 36.6001s | [Train] Loss: 1.84744719 Accuracy: Top1: 37.7278%, Top5: 86.0834% | [Test] Loss: 1.77948064 Accuracy: Top1: 41.8193%, Top5: 90.0179%
[Epoch 011] Time: 36.5831s | [Train] Loss: 1.83526551 Accuracy: Top1: 38.3492%, Top5: 86.3171% | [Test] Loss: 1.77856788 Accuracy: Top1: 42.0780%, Top5: 89.9084%
[Epoch 012] Time: 36.5985s | [Train] Loss: 1.82941720 Accuracy: Top1: 39.0145%, Top5: 86.3291% | [Test] Loss: 1.77538245 Accuracy: Top1: 42.6553%, Top5: 89.8288%
[Epoch 013] Time: 36.6105s | [Train] Loss: 1.81969397 Accuracy: Top1: 39.6579%, Top5: 86.6648% | [Test] Loss: 1.74964229 Accuracy: Top1: 43.5609%, Top5: 90.8937%
[Epoch 014] Time: 36.6078s | [Train] Loss: 1.80863779 Accuracy: Top1: 39.8358%, Top5: 87.1124% | [Test] Loss: 1.81428790 Accuracy: Top1: 39.8089%, Top5: 87.8284%
[Epoch 015] Time: 36.5837s | [Train] Loss: 1.79952021 Accuracy: Top1: 40.7289%, Top5: 87.2103% | [Test] Loss: 1.75071759 Accuracy: Top1: 43.4116%, Top5: 90.2369%
[Epoch 016] Time: 36.6094s | [Train] Loss: 1.79373604 Accuracy: Top1: 40.8668%, Top5: 87.4281% | [Test] Loss: 1.71842605 Accuracy: Top1: 44.8846%, Top5: 91.2619%
[Epoch 017] Time: 36.6212s | [Train] Loss: 1.78597242 Accuracy: Top1: 41.2984%, Top5: 87.4061% | [Test] Loss: 1.71988773 Accuracy: Top1: 45.3623%, Top5: 91.2122%
[Epoch 018] Time: 36.5752s | [Train] Loss: 1.77713057 Accuracy: Top1: 41.9777%, Top5: 87.6239% | [Test] Loss: 1.72045239 Accuracy: Top1: 44.9642%, Top5: 91.1724%
[Epoch 019] Time: 36.5962s | [Train] Loss: 1.76970810 Accuracy: Top1: 41.9857%, Top5: 87.9576% | [Test] Loss: 1.70002289 Accuracy: Top1: 45.7404%, Top5: 91.7695%
[Epoch 020] Time: 36.5908s | [Train] Loss: 1.76603822 Accuracy: Top1: 42.6151%, Top5: 88.0055% | [Test] Loss: 1.70142341 Accuracy: Top1: 45.5314%, Top5: 91.5307%
[Epoch 021] Time: 36.6023s | [Train] Loss: 1.73791803 Accuracy: Top1: 43.7280%, Top5: 88.8807% | [Test] Loss: 1.67535673 Accuracy: Top1: 47.4025%, Top5: 91.7496%
[Epoch 022] Time: 36.5756s | [Train] Loss: 1.73695139 Accuracy: Top1: 43.7760%, Top5: 88.9047% | [Test] Loss: 1.67550526 Accuracy: Top1: 48.1091%, Top5: 91.9984%
[Epoch 023] Time: 36.5767s | [Train] Loss: 1.73543881 Accuracy: Top1: 43.8579%, Top5: 88.9426% | [Test] Loss: 1.67139316 Accuracy: Top1: 47.8901%, Top5: 91.9486%
[Epoch 024] Time: 36.6278s | [Train] Loss: 1.73013570 Accuracy: Top1: 44.2475%, Top5: 89.1264% | [Test] Loss: 1.67496705 Accuracy: Top1: 47.6911%, Top5: 92.0979%
[Epoch 025] Time: 36.5972s | [Train] Loss: 1.73082077 Accuracy: Top1: 44.3015%, Top5: 89.0125% | [Test] Loss: 1.67429110 Accuracy: Top1: 47.6214%, Top5: 91.9984%
[Epoch 026] Time: 36.6247s | [Train] Loss: 1.72911867 Accuracy: Top1: 44.1137%, Top5: 89.0565% | [Test] Loss: 1.66844018 Accuracy: Top1: 48.2484%, Top5: 92.0880%
[Epoch 027] Time: 36.6019s | [Train] Loss: 1.72780433 Accuracy: Top1: 44.5053%, Top5: 89.0205% | [Test] Loss: 1.66827949 Accuracy: Top1: 48.0693%, Top5: 92.0283%
[Epoch 028] Time: 36.5876s | [Train] Loss: 1.72760845 Accuracy: Top1: 44.4953%, Top5: 88.9366% | [Test] Loss: 1.67080788 Accuracy: Top1: 48.0195%, Top5: 92.0084%
[Epoch 029] Time: 36.6129s | [Train] Loss: 1.72673905 Accuracy: Top1: 44.3414%, Top5: 89.0725% | [Test] Loss: 1.66492540 Accuracy: Top1: 48.5470%, Top5: 92.0780%
[Epoch 030] Time: 36.5520s | [Train] Loss: 1.72776451 Accuracy: Top1: 44.4254%, Top5: 89.0825% | [Test] Loss: 1.66424412 Accuracy: Top1: 48.2285%, Top5: 92.1676%
[Epoch 031] Time: 36.6232s | [Train] Loss: 1.72668961 Accuracy: Top1: 44.4014%, Top5: 89.0905% | [Test] Loss: 1.66657608 Accuracy: Top1: 47.9697%, Top5: 92.0581%
[Epoch 032] Time: 36.6079s | [Train] Loss: 1.72302388 Accuracy: Top1: 44.5752%, Top5: 89.3023% | [Test] Loss: 1.66478415 Accuracy: Top1: 47.9996%, Top5: 92.2373%
[Epoch 033] Time: 36.6154s | [Train] Loss: 1.72607888 Accuracy: Top1: 44.5412%, Top5: 89.0365% | [Test] Loss: 1.66545264 Accuracy: Top1: 48.2285%, Top5: 92.2174%
[Epoch 034] Time: 36.6157s | [Train] Loss: 1.72461974 Accuracy: Top1: 44.6052%, Top5: 89.2064% | [Test] Loss: 1.66248185 Accuracy: Top1: 48.7958%, Top5: 92.2373%
[Epoch 035] Time: 36.5877s | [Train] Loss: 1.72171046 Accuracy: Top1: 44.6332%, Top5: 89.2863% | [Test] Loss: 1.66038194 Accuracy: Top1: 48.6764%, Top5: 92.1975%
[Epoch 036] Time: 36.5969s | [Train] Loss: 1.72048686 Accuracy: Top1: 44.9868%, Top5: 89.1964% | [Test] Loss: 1.66464416 Accuracy: Top1: 48.3678%, Top5: 92.1079%
[Epoch 037] Time: 36.5944s | [Train] Loss: 1.72148241 Accuracy: Top1: 44.8110%, Top5: 89.2084% | [Test] Loss: 1.65789892 Accuracy: Top1: 48.7062%, Top5: 92.1477%
[Epoch 038] Time: 36.5960s | [Train] Loss: 1.71770290 Accuracy: Top1: 44.9109%, Top5: 89.3482% | [Test] Loss: 1.65665385 Accuracy: Top1: 48.6365%, Top5: 92.2771%
[Epoch 039] Time: 36.6134s | [Train] Loss: 1.72072380 Accuracy: Top1: 45.2645%, Top5: 89.2503% | [Test] Loss: 1.65550723 Accuracy: Top1: 48.8754%, Top5: 92.2174%
[Epoch 040] Time: 36.5664s | [Train] Loss: 1.71737383 Accuracy: Top1: 44.9409%, Top5: 89.3502% | [Test] Loss: 1.65992238 Accuracy: Top1: 48.2683%, Top5: 92.1676%
[Epoch 041] Time: 36.6166s | [Train] Loss: 1.71574766 Accuracy: Top1: 45.0328%, Top5: 89.3722% | [Test] Loss: 1.65414524 Accuracy: Top1: 48.5967%, Top5: 92.1477%
[Epoch 042] Time: 36.5918s | [Train] Loss: 1.71413920 Accuracy: Top1: 44.8390%, Top5: 89.4821% | [Test] Loss: 1.65361484 Accuracy: Top1: 48.7261%, Top5: 92.2174%
[Epoch 043] Time: 36.5976s | [Train] Loss: 1.71490746 Accuracy: Top1: 45.0228%, Top5: 89.4102% | [Test] Loss: 1.65383768 Accuracy: Top1: 48.7162%, Top5: 92.2572%
[Epoch 044] Time: 36.6188s | [Train] Loss: 1.71409531 Accuracy: Top1: 45.0927%, Top5: 89.3922% | [Test] Loss: 1.65362353 Accuracy: Top1: 48.7958%, Top5: 92.2074%
[Epoch 045] Time: 36.5686s | [Train] Loss: 1.71271434 Accuracy: Top1: 45.1227%, Top5: 89.3183% | [Test] Loss: 1.65387528 Accuracy: Top1: 48.8157%, Top5: 92.3368%
[Epoch 046] Time: 36.6053s | [Train] Loss: 1.71550091 Accuracy: Top1: 45.0108%, Top5: 89.3962% | [Test] Loss: 1.65417553 Accuracy: Top1: 48.8157%, Top5: 92.2074%
[Epoch 047] Time: 36.5985s | [Train] Loss: 1.71688231 Accuracy: Top1: 45.0967%, Top5: 89.3402% | [Test] Loss: 1.65415376 Accuracy: Top1: 48.8754%, Top5: 92.3169%
[Epoch 048] Time: 36.5860s | [Train] Loss: 1.71289504 Accuracy: Top1: 45.0128%, Top5: 89.4861% | [Test] Loss: 1.65300902 Accuracy: Top1: 48.8057%, Top5: 92.2671%
[Epoch 049] Time: 36.5911s | [Train] Loss: 1.71307456 Accuracy: Top1: 45.2306%, Top5: 89.3842% | [Test] Loss: 1.65373254 Accuracy: Top1: 48.9053%, Top5: 92.2174%
[Epoch 050] Time: 36.5936s | [Train] Loss: 1.71465347 Accuracy: Top1: 45.1487%, Top5: 89.4681% | [Test] Loss: 1.65250125 Accuracy: Top1: 48.9252%, Top5: 92.3169%
[Epoch 051] Time: 36.5972s | [Train] Loss: 1.71158507 Accuracy: Top1: 45.1626%, Top5: 89.5660% | [Test] Loss: 1.65298802 Accuracy: Top1: 48.9053%, Top5: 92.2671%
[Epoch 052] Time: 36.5943s | [Train] Loss: 1.71029320 Accuracy: Top1: 45.1547%, Top5: 89.5860% | [Test] Loss: 1.65270612 Accuracy: Top1: 48.8953%, Top5: 92.2472%
[Epoch 053] Time: 36.5944s | [Train] Loss: 1.71076441 Accuracy: Top1: 45.2985%, Top5: 89.4761% | [Test] Loss: 1.65233543 Accuracy: Top1: 48.9451%, Top5: 92.3368%
[Epoch 054] Time: 36.5995s | [Train] Loss: 1.71565995 Accuracy: Top1: 45.0268%, Top5: 89.4521% | [Test] Loss: 1.65296806 Accuracy: Top1: 48.9550%, Top5: 92.3069%
[Epoch 055] Time: 36.5760s | [Train] Loss: 1.71235637 Accuracy: Top1: 45.2566%, Top5: 89.3083% | [Test] Loss: 1.65233663 Accuracy: Top1: 48.9550%, Top5: 92.3965%
[Epoch 056] Time: 36.6025s | [Train] Loss: 1.71678938 Accuracy: Top1: 44.7530%, Top5: 89.3882% | [Test] Loss: 1.65259918 Accuracy: Top1: 48.8654%, Top5: 92.3069%
[Epoch 057] Time: 36.6046s | [Train] Loss: 1.71092767 Accuracy: Top1: 45.1826%, Top5: 89.5181% | [Test] Loss: 1.65198296 Accuracy: Top1: 49.0346%, Top5: 92.3965%
[Epoch 058] Time: 36.5792s | [Train] Loss: 1.71183833 Accuracy: Top1: 45.2546%, Top5: 89.5301% | [Test] Loss: 1.65262738 Accuracy: Top1: 49.0346%, Top5: 92.2970%
[Epoch 059] Time: 36.5895s | [Train] Loss: 1.71260049 Accuracy: Top1: 45.1467%, Top5: 89.5680% | [Test] Loss: 1.65266909 Accuracy: Top1: 48.9351%, Top5: 92.2870%
[Epoch 060] Time: 36.6042s | [Train] Loss: 1.71486230 Accuracy: Top1: 45.1746%, Top5: 89.2543% | [Test] Loss: 1.65190315 Accuracy: Top1: 48.9252%, Top5: 92.3368%
[Epoch 061] Time: 36.6027s | [Train] Loss: 1.71460463 Accuracy: Top1: 44.8829%, Top5: 89.3262% | [Test] Loss: 1.65214176 Accuracy: Top1: 48.9351%, Top5: 92.3169%
[Epoch 062] Time: 36.6408s | [Train] Loss: 1.71488476 Accuracy: Top1: 45.0428%, Top5: 89.2983% | [Test] Loss: 1.65223434 Accuracy: Top1: 48.9053%, Top5: 92.3169%
[Epoch 063] Time: 36.6260s | [Train] Loss: 1.71239936 Accuracy: Top1: 45.0807%, Top5: 89.4162% | [Test] Loss: 1.65217218 Accuracy: Top1: 48.8953%, Top5: 92.3169%
[Epoch 064] Time: 36.5582s | [Train] Loss: 1.71061474 Accuracy: Top1: 45.2026%, Top5: 89.5700% | [Test] Loss: 1.65209117 Accuracy: Top1: 48.9152%, Top5: 92.3069%
[Epoch 065] Time: 36.6051s | [Train] Loss: 1.71347296 Accuracy: Top1: 45.3105%, Top5: 89.4062% | [Test] Loss: 1.65209599 Accuracy: Top1: 48.8953%, Top5: 92.2970%
[Epoch 066] Time: 36.6201s | [Train] Loss: 1.71525082 Accuracy: Top1: 45.1746%, Top5: 89.3083% | [Test] Loss: 1.65211807 Accuracy: Top1: 48.9053%, Top5: 92.3368%
[Epoch 067] Time: 36.6017s | [Train] Loss: 1.71517925 Accuracy: Top1: 45.1626%, Top5: 89.5720% | [Test] Loss: 1.65228280 Accuracy: Top1: 48.9053%, Top5: 92.3169%
[Epoch 068] Time: 36.6057s | [Train] Loss: 1.71084847 Accuracy: Top1: 45.3844%, Top5: 89.4741% | [Test] Loss: 1.65208266 Accuracy: Top1: 48.8555%, Top5: 92.3467%
[Epoch 069] Time: 36.5947s | [Train] Loss: 1.71146161 Accuracy: Top1: 45.1926%, Top5: 89.5400% | [Test] Loss: 1.65208848 Accuracy: Top1: 48.9053%, Top5: 92.3169%
[Epoch 070] Time: 36.5895s | [Train] Loss: 1.71359817 Accuracy: Top1: 45.1187%, Top5: 89.4142% | [Test] Loss: 1.65207273 Accuracy: Top1: 48.8654%, Top5: 92.2970%
[Epoch 071] Time: 36.6284s | [Train] Loss: 1.71114337 Accuracy: Top1: 45.3764%, Top5: 89.4821% | [Test] Loss: 1.65218383 Accuracy: Top1: 48.9053%, Top5: 92.3069%
[Epoch 072] Time: 36.5822s | [Train] Loss: 1.71252533 Accuracy: Top1: 44.8809%, Top5: 89.4361% | [Test] Loss: 1.65204863 Accuracy: Top1: 48.8555%, Top5: 92.3268%
[Epoch 073] Time: 36.6321s | [Train] Loss: 1.71384905 Accuracy: Top1: 45.2745%, Top5: 89.4381% | [Test] Loss: 1.65208121 Accuracy: Top1: 48.8754%, Top5: 92.3069%
[Epoch 074] Time: 36.6208s | [Train] Loss: 1.71396499 Accuracy: Top1: 45.2286%, Top5: 89.4981% | [Test] Loss: 1.65193735 Accuracy: Top1: 48.9252%, Top5: 92.3368%
[Epoch 075] Time: 36.5995s | [Train] Loss: 1.71033731 Accuracy: Top1: 45.2845%, Top5: 89.6020% | [Test] Loss: 1.65202620 Accuracy: Top1: 48.8953%, Top5: 92.3069%
Checking arguments based on the model...
Files already downloaded and verified
Upscale transform not defined. Skipping dataset upscale.
Model: All Convolutional Network ConvNN
Total Parameters: 3090
Trainable Parameters: 3090
[Epoch 001] Time: 35.4447s | [Train] Loss: 2.19502847 Accuracy: Top1: 18.2645%, Top5: 67.8409% | [Test] Loss: 2.05632832 Accuracy: Top1: 27.2592%, Top5: 80.4737%
[Epoch 002] Time: 35.1721s | [Train] Loss: 2.04573513 Accuracy: Top1: 25.9031%, Top5: 79.3478% | [Test] Loss: 1.96835960 Accuracy: Top1: 30.4041%, Top5: 83.9471%
[Epoch 003] Time: 35.1117s | [Train] Loss: 1.99661846 Accuracy: Top1: 28.4906%, Top5: 81.5837% | [Test] Loss: 1.92980913 Accuracy: Top1: 32.3447%, Top5: 85.5096%
[Epoch 004] Time: 35.1378s | [Train] Loss: 1.96793523 Accuracy: Top1: 29.8813%, Top5: 82.5567% | [Test] Loss: 1.90614409 Accuracy: Top1: 33.8177%, Top5: 86.3455%
[Epoch 005] Time: 35.0754s | [Train] Loss: 1.95029107 Accuracy: Top1: 31.0222%, Top5: 83.0263% | [Test] Loss: 1.89097474 Accuracy: Top1: 34.9323%, Top5: 86.4252%
[Epoch 006] Time: 35.1057s | [Train] Loss: 1.93071773 Accuracy: Top1: 31.6676%, Top5: 83.8535% | [Test] Loss: 1.87196531 Accuracy: Top1: 36.1764%, Top5: 87.1019%
[Epoch 007] Time: 35.1111s | [Train] Loss: 1.91200730 Accuracy: Top1: 32.5747%, Top5: 84.6188% | [Test] Loss: 1.86492877 Accuracy: Top1: 36.0669%, Top5: 87.1019%
[Epoch 008] Time: 35.0980s | [Train] Loss: 1.90398880 Accuracy: Top1: 33.0543%, Top5: 84.6128% | [Test] Loss: 1.86354558 Accuracy: Top1: 35.4001%, Top5: 87.4403%
[Epoch 009] Time: 35.1421s | [Train] Loss: 1.89351161 Accuracy: Top1: 33.6697%, Top5: 84.8685% | [Test] Loss: 1.86426873 Accuracy: Top1: 35.3105%, Top5: 86.6839%
[Epoch 010] Time: 35.1280s | [Train] Loss: 1.88333973 Accuracy: Top1: 34.3370%, Top5: 85.1582% | [Test] Loss: 1.81958991 Accuracy: Top1: 37.6095%, Top5: 88.7739%
[Epoch 011] Time: 35.1235s | [Train] Loss: 1.87113371 Accuracy: Top1: 34.9085%, Top5: 85.7037% | [Test] Loss: 1.81561334 Accuracy: Top1: 38.7639%, Top5: 88.7838%
[Epoch 012] Time: 35.1114s | [Train] Loss: 1.86252518 Accuracy: Top1: 35.4340%, Top5: 85.9615% | [Test] Loss: 1.80807083 Accuracy: Top1: 39.5999%, Top5: 89.4307%
[Epoch 013] Time: 35.0598s | [Train] Loss: 1.85470820 Accuracy: Top1: 35.8736%, Top5: 86.2172% | [Test] Loss: 1.83133770 Accuracy: Top1: 36.0470%, Top5: 87.8284%
[Epoch 014] Time: 35.0942s | [Train] Loss: 1.84915674 Accuracy: Top1: 36.1953%, Top5: 86.3951% | [Test] Loss: 1.82960187 Accuracy: Top1: 37.7289%, Top5: 87.5697%
[Epoch 015] Time: 35.1452s | [Train] Loss: 1.84152821 Accuracy: Top1: 36.8167%, Top5: 86.7947% | [Test] Loss: 1.80769712 Accuracy: Top1: 39.7990%, Top5: 88.8236%
[Epoch 016] Time: 35.1233s | [Train] Loss: 1.83511559 Accuracy: Top1: 37.0105%, Top5: 86.8726% | [Test] Loss: 1.77084402 Accuracy: Top1: 41.4610%, Top5: 90.4359%
[Epoch 017] Time: 35.1175s | [Train] Loss: 1.82743687 Accuracy: Top1: 37.6539%, Top5: 86.9525% | [Test] Loss: 1.77092232 Accuracy: Top1: 42.0880%, Top5: 90.2966%
[Epoch 018] Time: 35.1060s | [Train] Loss: 1.81806373 Accuracy: Top1: 38.3432%, Top5: 87.2123% | [Test] Loss: 1.77152847 Accuracy: Top1: 41.7596%, Top5: 90.1971%
[Epoch 019] Time: 35.1066s | [Train] Loss: 1.81080970 Accuracy: Top1: 38.3472%, Top5: 87.5180% | [Test] Loss: 1.78014604 Accuracy: Top1: 39.9283%, Top5: 89.7691%
[Epoch 020] Time: 35.1205s | [Train] Loss: 1.81078378 Accuracy: Top1: 38.6809%, Top5: 87.7737% | [Test] Loss: 1.75793823 Accuracy: Top1: 42.5557%, Top5: 90.0776%
[Epoch 021] Time: 35.1371s | [Train] Loss: 1.78853411 Accuracy: Top1: 39.8777%, Top5: 88.1594% | [Test] Loss: 1.73123458 Accuracy: Top1: 44.3869%, Top5: 91.2918%
[Epoch 022] Time: 35.0675s | [Train] Loss: 1.78828645 Accuracy: Top1: 40.2174%, Top5: 88.1654% | [Test] Loss: 1.73388180 Accuracy: Top1: 44.1083%, Top5: 91.0629%
[Epoch 023] Time: 35.1460s | [Train] Loss: 1.78560782 Accuracy: Top1: 40.1814%, Top5: 88.4291% | [Test] Loss: 1.73041310 Accuracy: Top1: 43.8893%, Top5: 91.1823%
[Epoch 024] Time: 35.1170s | [Train] Loss: 1.78357110 Accuracy: Top1: 40.1495%, Top5: 88.4491% | [Test] Loss: 1.73177863 Accuracy: Top1: 44.3571%, Top5: 91.0231%
[Epoch 025] Time: 35.1216s | [Train] Loss: 1.78351707 Accuracy: Top1: 40.0016%, Top5: 88.3152% | [Test] Loss: 1.72953025 Accuracy: Top1: 44.4068%, Top5: 91.2221%
[Epoch 026] Time: 35.0840s | [Train] Loss: 1.78431227 Accuracy: Top1: 39.8418%, Top5: 88.4711% | [Test] Loss: 1.72664644 Accuracy: Top1: 44.5064%, Top5: 91.4908%
[Epoch 027] Time: 35.1133s | [Train] Loss: 1.78089371 Accuracy: Top1: 40.2613%, Top5: 88.3332% | [Test] Loss: 1.72667928 Accuracy: Top1: 44.4865%, Top5: 91.3316%
[Epoch 028] Time: 35.1240s | [Train] Loss: 1.78004673 Accuracy: Top1: 40.1654%, Top5: 88.5270% | [Test] Loss: 1.72484655 Accuracy: Top1: 44.5760%, Top5: 91.3515%
[Epoch 029] Time: 35.1134s | [Train] Loss: 1.77835429 Accuracy: Top1: 40.0316%, Top5: 88.6329% | [Test] Loss: 1.72835646 Accuracy: Top1: 44.2377%, Top5: 91.1724%
[Epoch 030] Time: 35.0919s | [Train] Loss: 1.78150636 Accuracy: Top1: 40.2354%, Top5: 88.4251% | [Test] Loss: 1.72749432 Accuracy: Top1: 44.1979%, Top5: 91.2818%
[Epoch 031] Time: 35.1087s | [Train] Loss: 1.78014258 Accuracy: Top1: 40.1874%, Top5: 88.3792% | [Test] Loss: 1.72505455 Accuracy: Top1: 44.4467%, Top5: 91.4610%
[Epoch 032] Time: 35.0903s | [Train] Loss: 1.77772181 Accuracy: Top1: 40.2294%, Top5: 88.6509% | [Test] Loss: 1.72281229 Accuracy: Top1: 44.3173%, Top5: 91.2221%
[Epoch 033] Time: 35.1365s | [Train] Loss: 1.77624024 Accuracy: Top1: 40.3273%, Top5: 88.6629% | [Test] Loss: 1.72263020 Accuracy: Top1: 44.7353%, Top5: 91.3018%
[Epoch 034] Time: 35.1528s | [Train] Loss: 1.77622726 Accuracy: Top1: 40.3992%, Top5: 88.8147% | [Test] Loss: 1.72232375 Accuracy: Top1: 44.8049%, Top5: 91.4809%
[Epoch 035] Time: 35.1043s | [Train] Loss: 1.77840469 Accuracy: Top1: 40.5171%, Top5: 88.2453% | [Test] Loss: 1.71902868 Accuracy: Top1: 44.9244%, Top5: 91.3316%
[Epoch 036] Time: 35.1200s | [Train] Loss: 1.77336415 Accuracy: Top1: 40.5890%, Top5: 88.6829% | [Test] Loss: 1.72369135 Accuracy: Top1: 44.3272%, Top5: 91.1624%
[Epoch 037] Time: 35.1201s | [Train] Loss: 1.77462811 Accuracy: Top1: 40.4492%, Top5: 88.6289% | [Test] Loss: 1.71813988 Accuracy: Top1: 44.9841%, Top5: 91.2520%
[Epoch 038] Time: 35.1251s | [Train] Loss: 1.77282505 Accuracy: Top1: 40.5990%, Top5: 88.5590% | [Test] Loss: 1.72071125 Accuracy: Top1: 44.6158%, Top5: 91.4013%
[Epoch 039] Time: 35.0774s | [Train] Loss: 1.77497575 Accuracy: Top1: 40.2534%, Top5: 88.7008% | [Test] Loss: 1.71909969 Accuracy: Top1: 44.7950%, Top5: 91.5506%
[Epoch 040] Time: 35.1077s | [Train] Loss: 1.76937885 Accuracy: Top1: 40.9067%, Top5: 88.7108% | [Test] Loss: 1.71745760 Accuracy: Top1: 44.6756%, Top5: 91.3913%
[Epoch 041] Time: 35.0732s | [Train] Loss: 1.77209024 Accuracy: Top1: 40.6190%, Top5: 88.6609% | [Test] Loss: 1.71344481 Accuracy: Top1: 45.1931%, Top5: 91.6998%
[Epoch 042] Time: 35.1486s | [Train] Loss: 1.77179781 Accuracy: Top1: 40.7609%, Top5: 88.7108% | [Test] Loss: 1.71376730 Accuracy: Top1: 45.0936%, Top5: 91.5904%
[Epoch 043] Time: 35.0968s | [Train] Loss: 1.76834579 Accuracy: Top1: 41.0486%, Top5: 88.7508% | [Test] Loss: 1.71322749 Accuracy: Top1: 45.0936%, Top5: 91.6401%
[Epoch 044] Time: 35.1260s | [Train] Loss: 1.77036353 Accuracy: Top1: 40.7349%, Top5: 88.8387% | [Test] Loss: 1.71353081 Accuracy: Top1: 45.0338%, Top5: 91.6202%
[Epoch 045] Time: 35.1194s | [Train] Loss: 1.76740022 Accuracy: Top1: 41.1805%, Top5: 88.8227% | [Test] Loss: 1.71335317 Accuracy: Top1: 45.0040%, Top5: 91.4112%
[Epoch 046] Time: 35.1129s | [Train] Loss: 1.77186509 Accuracy: Top1: 40.5511%, Top5: 88.7488% | [Test] Loss: 1.71335287 Accuracy: Top1: 45.1931%, Top5: 91.6302%
[Epoch 047] Time: 35.1104s | [Train] Loss: 1.77051823 Accuracy: Top1: 40.6390%, Top5: 88.7688% | [Test] Loss: 1.71347456 Accuracy: Top1: 45.0438%, Top5: 91.6103%
[Epoch 048] Time: 35.1237s | [Train] Loss: 1.76915286 Accuracy: Top1: 40.6710%, Top5: 88.8187% | [Test] Loss: 1.71342153 Accuracy: Top1: 45.0139%, Top5: 91.6103%
[Epoch 049] Time: 35.0753s | [Train] Loss: 1.77199204 Accuracy: Top1: 40.6410%, Top5: 88.5170% | [Test] Loss: 1.71378799 Accuracy: Top1: 45.0736%, Top5: 91.5904%
[Epoch 050] Time: 35.1161s | [Train] Loss: 1.77022758 Accuracy: Top1: 40.7029%, Top5: 88.6549% | [Test] Loss: 1.71257327 Accuracy: Top1: 45.2428%, Top5: 91.6700%
[Epoch 051] Time: 35.1153s | [Train] Loss: 1.76984804 Accuracy: Top1: 40.7209%, Top5: 88.7648% | [Test] Loss: 1.71330227 Accuracy: Top1: 45.1831%, Top5: 91.4013%
[Epoch 052] Time: 35.0903s | [Train] Loss: 1.76975853 Accuracy: Top1: 40.6710%, Top5: 88.8467% | [Test] Loss: 1.71294770 Accuracy: Top1: 45.2428%, Top5: 91.6600%
[Epoch 053] Time: 35.0904s | [Train] Loss: 1.76782522 Accuracy: Top1: 40.8987%, Top5: 88.7368% | [Test] Loss: 1.71235701 Accuracy: Top1: 45.2627%, Top5: 91.6501%
[Epoch 054] Time: 35.1385s | [Train] Loss: 1.77077429 Accuracy: Top1: 40.4612%, Top5: 88.7388% | [Test] Loss: 1.71269574 Accuracy: Top1: 45.1433%, Top5: 91.5307%
[Epoch 055] Time: 35.1365s | [Train] Loss: 1.76745760 Accuracy: Top1: 40.8708%, Top5: 88.8727% | [Test] Loss: 1.71247176 Accuracy: Top1: 45.1135%, Top5: 91.6302%
[Epoch 056] Time: 35.1155s | [Train] Loss: 1.76810864 Accuracy: Top1: 40.7908%, Top5: 88.8487% | [Test] Loss: 1.71227126 Accuracy: Top1: 45.2130%, Top5: 91.6302%
[Epoch 057] Time: 35.1072s | [Train] Loss: 1.76949473 Accuracy: Top1: 40.7449%, Top5: 88.8647% | [Test] Loss: 1.71263040 Accuracy: Top1: 45.1732%, Top5: 91.6202%
[Epoch 058] Time: 35.1233s | [Train] Loss: 1.77007491 Accuracy: Top1: 40.8768%, Top5: 88.7448% | [Test] Loss: 1.71274990 Accuracy: Top1: 45.1035%, Top5: 91.6700%
[Epoch 059] Time: 35.0751s | [Train] Loss: 1.76843837 Accuracy: Top1: 40.9587%, Top5: 88.6389% | [Test] Loss: 1.71355049 Accuracy: Top1: 45.0139%, Top5: 91.6899%
[Epoch 060] Time: 35.1284s | [Train] Loss: 1.76764375 Accuracy: Top1: 40.7149%, Top5: 88.8367% | [Test] Loss: 1.71229244 Accuracy: Top1: 45.2130%, Top5: 91.5406%
[Epoch 061] Time: 35.0815s | [Train] Loss: 1.76951247 Accuracy: Top1: 40.9767%, Top5: 88.6569% | [Test] Loss: 1.71218298 Accuracy: Top1: 45.1035%, Top5: 91.6501%
[Epoch 062] Time: 35.1409s | [Train] Loss: 1.76852652 Accuracy: Top1: 40.6809%, Top5: 89.0066% | [Test] Loss: 1.71216017 Accuracy: Top1: 45.1135%, Top5: 91.6501%
[Epoch 063] Time: 35.1344s | [Train] Loss: 1.76670780 Accuracy: Top1: 41.0246%, Top5: 88.7708% | [Test] Loss: 1.71210375 Accuracy: Top1: 45.1533%, Top5: 91.6202%
[Epoch 064] Time: 35.1246s | [Train] Loss: 1.76951505 Accuracy: Top1: 40.7409%, Top5: 88.7928% | [Test] Loss: 1.71205656 Accuracy: Top1: 45.0338%, Top5: 91.6899%
[Epoch 065] Time: 35.0875s | [Train] Loss: 1.77069061 Accuracy: Top1: 40.8867%, Top5: 88.7428% | [Test] Loss: 1.71207018 Accuracy: Top1: 45.0936%, Top5: 91.6899%
[Epoch 066] Time: 35.1344s | [Train] Loss: 1.76817205 Accuracy: Top1: 41.2104%, Top5: 88.9606% | [Test] Loss: 1.71198815 Accuracy: Top1: 45.1334%, Top5: 91.6600%
[Epoch 067] Time: 35.0849s | [Train] Loss: 1.76828462 Accuracy: Top1: 40.9867%, Top5: 88.6649% | [Test] Loss: 1.71203219 Accuracy: Top1: 45.1035%, Top5: 91.6302%
[Epoch 068] Time: 35.1125s | [Train] Loss: 1.76788847 Accuracy: Top1: 41.0886%, Top5: 88.7688% | [Test] Loss: 1.71195460 Accuracy: Top1: 45.0836%, Top5: 91.6700%
[Epoch 069] Time: 35.0700s | [Train] Loss: 1.76796424 Accuracy: Top1: 40.9787%, Top5: 88.8087% | [Test] Loss: 1.71206063 Accuracy: Top1: 45.2329%, Top5: 91.6700%
[Epoch 070] Time: 35.1052s | [Train] Loss: 1.76560464 Accuracy: Top1: 41.0106%, Top5: 89.0026% | [Test] Loss: 1.71199371 Accuracy: Top1: 45.1533%, Top5: 91.6401%
[Epoch 071] Time: 35.1197s | [Train] Loss: 1.76669798 Accuracy: Top1: 40.7549%, Top5: 88.8107% | [Test] Loss: 1.71195624 Accuracy: Top1: 45.1632%, Top5: 91.6302%
[Epoch 072] Time: 35.1507s | [Train] Loss: 1.76798899 Accuracy: Top1: 40.8288%, Top5: 88.7828% | [Test] Loss: 1.71188298 Accuracy: Top1: 45.1732%, Top5: 91.6401%
[Epoch 073] Time: 35.1170s | [Train] Loss: 1.76803899 Accuracy: Top1: 40.7449%, Top5: 88.6669% | [Test] Loss: 1.71186282 Accuracy: Top1: 45.1334%, Top5: 91.6501%
[Epoch 074] Time: 35.0960s | [Train] Loss: 1.76907041 Accuracy: Top1: 40.9447%, Top5: 88.8147% | [Test] Loss: 1.71179766 Accuracy: Top1: 45.1234%, Top5: 91.7197%
[Epoch 075] Time: 35.1067s | [Train] Loss: 1.76849181 Accuracy: Top1: 41.1405%, Top5: 88.9246% | [Test] Loss: 1.71188112 Accuracy: Top1: 45.1931%, Top5: 91.6202%
Checking arguments based on the model...
Files already downloaded and verified
Upscale transform not defined. Skipping dataset upscale.
Model: All Convolutional Network ConvNN
Total Parameters: 882
Trainable Parameters: 882
[Epoch 001] Time: 19.4946s | [Train] Loss: 2.25859427 Accuracy: Top1: 16.2464%, Top5: 63.3132% | [Test] Loss: 2.17555851 Accuracy: Top1: 22.8503%, Top5: 73.3280%
[Epoch 002] Time: 19.1170s | [Train] Loss: 2.15528571 Accuracy: Top1: 21.2916%, Top5: 72.7721% | [Test] Loss: 2.09744485 Accuracy: Top1: 25.6967%, Top5: 77.4781%
[Epoch 003] Time: 19.1329s | [Train] Loss: 2.10812593 Accuracy: Top1: 23.6073%, Top5: 75.7932% | [Test] Loss: 2.06524639 Accuracy: Top1: 27.3985%, Top5: 79.5283%
[Epoch 004] Time: 19.1175s | [Train] Loss: 2.08183051 Accuracy: Top1: 24.9401%, Top5: 77.3577% | [Test] Loss: 2.04973399 Accuracy: Top1: 28.0653%, Top5: 79.7970%
[Epoch 005] Time: 19.1303s | [Train] Loss: 2.06510100 Accuracy: Top1: 26.0410%, Top5: 77.9332% | [Test] Loss: 2.02947388 Accuracy: Top1: 29.4586%, Top5: 80.6131%
[Epoch 006] Time: 19.1065s | [Train] Loss: 2.05108017 Accuracy: Top1: 26.6504%, Top5: 79.0561% | [Test] Loss: 2.03227317 Accuracy: Top1: 28.3539%, Top5: 79.4984%
[Epoch 007] Time: 19.0916s | [Train] Loss: 2.04072717 Accuracy: Top1: 27.2259%, Top5: 79.5716% | [Test] Loss: 2.02130754 Accuracy: Top1: 29.9761%, Top5: 80.5832%
[Epoch 008] Time: 19.1089s | [Train] Loss: 2.03433150 Accuracy: Top1: 27.6714%, Top5: 79.6875% | [Test] Loss: 1.99809843 Accuracy: Top1: 30.9017%, Top5: 81.5486%
[Epoch 009] Time: 19.1171s | [Train] Loss: 2.02805060 Accuracy: Top1: 27.7733%, Top5: 79.9852% | [Test] Loss: 1.99293883 Accuracy: Top1: 31.0211%, Top5: 81.6580%
[Epoch 010] Time: 19.1109s | [Train] Loss: 2.02416365 Accuracy: Top1: 28.1130%, Top5: 80.4268% | [Test] Loss: 1.99030345 Accuracy: Top1: 31.4689%, Top5: 82.0263%
[Epoch 011] Time: 19.1055s | [Train] Loss: 2.01899571 Accuracy: Top1: 28.5126%, Top5: 80.6746% | [Test] Loss: 1.98389111 Accuracy: Top1: 30.6728%, Top5: 82.0561%
[Epoch 012] Time: 19.0784s | [Train] Loss: 2.01352936 Accuracy: Top1: 28.8403%, Top5: 80.7665% | [Test] Loss: 1.97856967 Accuracy: Top1: 31.9068%, Top5: 82.7826%
[Epoch 013] Time: 19.1137s | [Train] Loss: 2.01004898 Accuracy: Top1: 28.7604%, Top5: 81.0961% | [Test] Loss: 1.98006005 Accuracy: Top1: 31.6381%, Top5: 82.7528%
[Epoch 014] Time: 19.1482s | [Train] Loss: 2.00485407 Accuracy: Top1: 29.1400%, Top5: 81.3139% | [Test] Loss: 1.97218338 Accuracy: Top1: 32.1357%, Top5: 82.5736%
[Epoch 015] Time: 19.0963s | [Train] Loss: 2.00165758 Accuracy: Top1: 29.3398%, Top5: 81.3719% | [Test] Loss: 1.97161687 Accuracy: Top1: 32.9120%, Top5: 82.6931%
[Epoch 016] Time: 19.1029s | [Train] Loss: 1.99994087 Accuracy: Top1: 29.6036%, Top5: 81.3059% | [Test] Loss: 1.97506966 Accuracy: Top1: 32.2054%, Top5: 82.8822%
[Epoch 017] Time: 19.1426s | [Train] Loss: 1.99577789 Accuracy: Top1: 29.7894%, Top5: 81.5237% | [Test] Loss: 1.97060434 Accuracy: Top1: 32.2950%, Top5: 82.8125%
[Epoch 018] Time: 19.1226s | [Train] Loss: 1.99464236 Accuracy: Top1: 29.7514%, Top5: 81.6796% | [Test] Loss: 1.96265894 Accuracy: Top1: 32.3547%, Top5: 83.0115%
[Epoch 019] Time: 19.1082s | [Train] Loss: 1.99045113 Accuracy: Top1: 30.0032%, Top5: 81.9913% | [Test] Loss: 1.95769851 Accuracy: Top1: 32.8025%, Top5: 83.8077%
[Epoch 020] Time: 19.1252s | [Train] Loss: 1.98846578 Accuracy: Top1: 30.2909%, Top5: 81.8394% | [Test] Loss: 1.95821556 Accuracy: Top1: 32.8623%, Top5: 83.4594%
[Epoch 021] Time: 19.1211s | [Train] Loss: 1.97799824 Accuracy: Top1: 30.9922%, Top5: 82.4469% | [Test] Loss: 1.94957795 Accuracy: Top1: 33.3101%, Top5: 83.7679%
[Epoch 022] Time: 19.1135s | [Train] Loss: 1.97541866 Accuracy: Top1: 30.5707%, Top5: 82.4788% | [Test] Loss: 1.94882082 Accuracy: Top1: 33.4494%, Top5: 83.7480%
[Epoch 023] Time: 19.1065s | [Train] Loss: 1.97352852 Accuracy: Top1: 31.0902%, Top5: 82.6047% | [Test] Loss: 1.94852419 Accuracy: Top1: 33.3997%, Top5: 83.9371%
[Epoch 024] Time: 19.1000s | [Train] Loss: 1.97301526 Accuracy: Top1: 30.8824%, Top5: 82.5707% | [Test] Loss: 1.94807761 Accuracy: Top1: 33.4096%, Top5: 83.7878%
[Epoch 025] Time: 19.1003s | [Train] Loss: 1.97365970 Accuracy: Top1: 31.0902%, Top5: 82.6227% | [Test] Loss: 1.94995177 Accuracy: Top1: 33.8177%, Top5: 83.8575%
[Epoch 026] Time: 19.1294s | [Train] Loss: 1.97582414 Accuracy: Top1: 30.9703%, Top5: 82.4029% | [Test] Loss: 1.94762386 Accuracy: Top1: 33.4793%, Top5: 83.9371%
[Epoch 027] Time: 19.1149s | [Train] Loss: 1.97351803 Accuracy: Top1: 30.8943%, Top5: 82.3689% | [Test] Loss: 1.94790119 Accuracy: Top1: 33.6684%, Top5: 84.0963%
[Epoch 028] Time: 19.1428s | [Train] Loss: 1.97501390 Accuracy: Top1: 30.8224%, Top5: 82.4968% | [Test] Loss: 1.94622084 Accuracy: Top1: 33.6883%, Top5: 83.9670%
[Epoch 029] Time: 19.1036s | [Train] Loss: 1.97214045 Accuracy: Top1: 31.1101%, Top5: 82.7146% | [Test] Loss: 1.94728431 Accuracy: Top1: 33.8077%, Top5: 83.8973%
[Epoch 030] Time: 19.1071s | [Train] Loss: 1.97508299 Accuracy: Top1: 30.8264%, Top5: 82.3010% | [Test] Loss: 1.94956824 Accuracy: Top1: 33.3201%, Top5: 83.9371%
[Epoch 031] Time: 19.1282s | [Train] Loss: 1.97435153 Accuracy: Top1: 31.0182%, Top5: 82.5747% | [Test] Loss: 1.94560038 Accuracy: Top1: 33.7978%, Top5: 84.0963%
[Epoch 032] Time: 19.1299s | [Train] Loss: 1.97354892 Accuracy: Top1: 31.0522%, Top5: 82.3889% | [Test] Loss: 1.94423781 Accuracy: Top1: 33.6584%, Top5: 83.9869%
[Epoch 033] Time: 19.0987s | [Train] Loss: 1.97183811 Accuracy: Top1: 31.2520%, Top5: 82.4349% | [Test] Loss: 1.94714358 Accuracy: Top1: 33.7182%, Top5: 84.1063%
[Epoch 034] Time: 19.1096s | [Train] Loss: 1.96961155 Accuracy: Top1: 31.3859%, Top5: 82.5947% | [Test] Loss: 1.94422713 Accuracy: Top1: 34.0068%, Top5: 84.0366%
[Epoch 035] Time: 19.1135s | [Train] Loss: 1.97200701 Accuracy: Top1: 31.1021%, Top5: 82.5208% | [Test] Loss: 1.94400557 Accuracy: Top1: 34.0665%, Top5: 84.0864%
[Epoch 036] Time: 19.1265s | [Train] Loss: 1.97108314 Accuracy: Top1: 31.1441%, Top5: 82.6826% | [Test] Loss: 1.94399768 Accuracy: Top1: 34.0864%, Top5: 83.8575%
[Epoch 037] Time: 19.0964s | [Train] Loss: 1.97079080 Accuracy: Top1: 31.1741%, Top5: 82.7286% | [Test] Loss: 1.94409915 Accuracy: Top1: 33.7779%, Top5: 83.8873%
[Epoch 038] Time: 19.1046s | [Train] Loss: 1.97085280 Accuracy: Top1: 31.0242%, Top5: 82.4748% | [Test] Loss: 1.94304578 Accuracy: Top1: 33.7779%, Top5: 84.0466%
[Epoch 039] Time: 19.1239s | [Train] Loss: 1.97004780 Accuracy: Top1: 31.2620%, Top5: 82.7146% | [Test] Loss: 1.94426931 Accuracy: Top1: 34.0068%, Top5: 84.0665%
[Epoch 040] Time: 19.1261s | [Train] Loss: 1.96947895 Accuracy: Top1: 31.2940%, Top5: 82.7546% | [Test] Loss: 1.94353934 Accuracy: Top1: 33.8973%, Top5: 83.8873%
[Epoch 041] Time: 19.1307s | [Train] Loss: 1.96979870 Accuracy: Top1: 31.2500%, Top5: 82.6427% | [Test] Loss: 1.94256623 Accuracy: Top1: 34.0167%, Top5: 84.0864%
[Epoch 042] Time: 19.0968s | [Train] Loss: 1.96680882 Accuracy: Top1: 31.4178%, Top5: 82.7745% | [Test] Loss: 1.94242396 Accuracy: Top1: 34.0466%, Top5: 84.0963%
[Epoch 043] Time: 19.1305s | [Train] Loss: 1.96885188 Accuracy: Top1: 31.2820%, Top5: 82.8884% | [Test] Loss: 1.94226852 Accuracy: Top1: 34.1162%, Top5: 84.1063%
[Epoch 044] Time: 19.0997s | [Train] Loss: 1.96961234 Accuracy: Top1: 31.3499%, Top5: 82.6826% | [Test] Loss: 1.94248862 Accuracy: Top1: 34.1162%, Top5: 84.1859%
[Epoch 045] Time: 19.1195s | [Train] Loss: 1.96738274 Accuracy: Top1: 31.3059%, Top5: 82.7106% | [Test] Loss: 1.94224257 Accuracy: Top1: 34.1063%, Top5: 84.1262%
[Epoch 046] Time: 19.1324s | [Train] Loss: 1.96981587 Accuracy: Top1: 31.2840%, Top5: 82.7346% | [Test] Loss: 1.94239621 Accuracy: Top1: 34.1063%, Top5: 84.2058%
[Epoch 047] Time: 19.1228s | [Train] Loss: 1.96902437 Accuracy: Top1: 31.3599%, Top5: 82.8125% | [Test] Loss: 1.94238464 Accuracy: Top1: 34.1063%, Top5: 84.1561%
[Epoch 048] Time: 19.1124s | [Train] Loss: 1.96790424 Accuracy: Top1: 31.3819%, Top5: 82.8345% | [Test] Loss: 1.94250192 Accuracy: Top1: 34.1162%, Top5: 84.1660%
[Epoch 049] Time: 19.1202s | [Train] Loss: 1.96922945 Accuracy: Top1: 31.2780%, Top5: 82.7685% | [Test] Loss: 1.94235009 Accuracy: Top1: 33.9968%, Top5: 84.1859%
[Epoch 050] Time: 19.1249s | [Train] Loss: 1.96623063 Accuracy: Top1: 31.5117%, Top5: 82.9244% | [Test] Loss: 1.94207874 Accuracy: Top1: 34.0764%, Top5: 84.1660%
[Epoch 051] Time: 19.1039s | [Train] Loss: 1.96776761 Accuracy: Top1: 31.1721%, Top5: 82.8884% | [Test] Loss: 1.94200412 Accuracy: Top1: 34.0665%, Top5: 84.1561%
[Epoch 052] Time: 19.1213s | [Train] Loss: 1.96636466 Accuracy: Top1: 31.5617%, Top5: 82.7685% | [Test] Loss: 1.94222979 Accuracy: Top1: 34.1063%, Top5: 84.2556%
[Epoch 053] Time: 19.1168s | [Train] Loss: 1.96773259 Accuracy: Top1: 31.0102%, Top5: 82.7586% | [Test] Loss: 1.94194898 Accuracy: Top1: 34.1561%, Top5: 84.0565%
[Epoch 054] Time: 19.1237s | [Train] Loss: 1.96957477 Accuracy: Top1: 31.3479%, Top5: 82.4688% | [Test] Loss: 1.94183126 Accuracy: Top1: 34.0963%, Top5: 84.0764%
[Epoch 055] Time: 19.1427s | [Train] Loss: 1.96676641 Accuracy: Top1: 31.2920%, Top5: 83.0283% | [Test] Loss: 1.94174965 Accuracy: Top1: 34.1162%, Top5: 84.0565%
[Epoch 056] Time: 19.1127s | [Train] Loss: 1.96815731 Accuracy: Top1: 31.0722%, Top5: 82.8445% | [Test] Loss: 1.94195237 Accuracy: Top1: 34.0565%, Top5: 84.1660%
[Epoch 057] Time: 19.1090s | [Train] Loss: 1.96846178 Accuracy: Top1: 31.3639%, Top5: 82.7865% | [Test] Loss: 1.94235868 Accuracy: Top1: 34.1262%, Top5: 84.1660%
[Epoch 058] Time: 19.0902s | [Train] Loss: 1.96709431 Accuracy: Top1: 31.1361%, Top5: 82.8884% | [Test] Loss: 1.94208817 Accuracy: Top1: 33.9670%, Top5: 84.1859%
[Epoch 059] Time: 19.1128s | [Train] Loss: 1.96835103 Accuracy: Top1: 31.1861%, Top5: 82.7226% | [Test] Loss: 1.94213543 Accuracy: Top1: 34.1859%, Top5: 84.1561%
[Epoch 060] Time: 19.0838s | [Train] Loss: 1.96846284 Accuracy: Top1: 31.2640%, Top5: 82.8045% | [Test] Loss: 1.94191331 Accuracy: Top1: 34.1561%, Top5: 84.1162%
[Epoch 061] Time: 19.0969s | [Train] Loss: 1.96870363 Accuracy: Top1: 31.4478%, Top5: 82.6646% | [Test] Loss: 1.94195763 Accuracy: Top1: 34.1859%, Top5: 84.1361%
[Epoch 062] Time: 19.1214s | [Train] Loss: 1.96576228 Accuracy: Top1: 31.5457%, Top5: 82.8305% | [Test] Loss: 1.94196262 Accuracy: Top1: 34.1760%, Top5: 84.1461%
[Epoch 063] Time: 19.1223s | [Train] Loss: 1.96814329 Accuracy: Top1: 31.2580%, Top5: 82.9004% | [Test] Loss: 1.94195754 Accuracy: Top1: 34.1760%, Top5: 84.1361%
[Epoch 064] Time: 19.1499s | [Train] Loss: 1.96688754 Accuracy: Top1: 31.2460%, Top5: 82.8784% | [Test] Loss: 1.94195367 Accuracy: Top1: 34.1461%, Top5: 84.1162%
[Epoch 065] Time: 19.1131s | [Train] Loss: 1.96562456 Accuracy: Top1: 31.4658%, Top5: 82.8605% | [Test] Loss: 1.94192995 Accuracy: Top1: 34.1461%, Top5: 84.1361%
[Epoch 066] Time: 19.1523s | [Train] Loss: 1.96796462 Accuracy: Top1: 31.2180%, Top5: 82.8085% | [Test] Loss: 1.94192358 Accuracy: Top1: 34.1361%, Top5: 84.1162%
[Epoch 067] Time: 19.0933s | [Train] Loss: 1.96809207 Accuracy: Top1: 31.3499%, Top5: 82.8804% | [Test] Loss: 1.94195728 Accuracy: Top1: 34.1262%, Top5: 84.1461%
[Epoch 068] Time: 19.1111s | [Train] Loss: 1.96699322 Accuracy: Top1: 31.3439%, Top5: 82.7366% | [Test] Loss: 1.94192023 Accuracy: Top1: 34.1461%, Top5: 84.0963%
[Epoch 069] Time: 19.0920s | [Train] Loss: 1.96728513 Accuracy: Top1: 31.4958%, Top5: 82.8085% | [Test] Loss: 1.94192817 Accuracy: Top1: 34.1660%, Top5: 84.1361%
[Epoch 070] Time: 19.1026s | [Train] Loss: 1.96939058 Accuracy: Top1: 31.0442%, Top5: 82.8045% | [Test] Loss: 1.94192948 Accuracy: Top1: 34.1262%, Top5: 84.1361%
[Epoch 071] Time: 19.1032s | [Train] Loss: 1.96820007 Accuracy: Top1: 31.2400%, Top5: 82.7446% | [Test] Loss: 1.94192971 Accuracy: Top1: 34.1063%, Top5: 84.1461%
[Epoch 072] Time: 19.1116s | [Train] Loss: 1.96660964 Accuracy: Top1: 31.3059%, Top5: 82.8525% | [Test] Loss: 1.94189888 Accuracy: Top1: 34.1162%, Top5: 84.1162%
[Epoch 073] Time: 19.1402s | [Train] Loss: 1.96936189 Accuracy: Top1: 31.4338%, Top5: 82.4848% | [Test] Loss: 1.94192724 Accuracy: Top1: 34.1063%, Top5: 84.1262%
[Epoch 074] Time: 19.1286s | [Train] Loss: 1.96708648 Accuracy: Top1: 31.3159%, Top5: 82.8325% | [Test] Loss: 1.94188895 Accuracy: Top1: 34.1361%, Top5: 84.1063%
[Epoch 075] Time: 19.1488s | [Train] Loss: 1.96797716 Accuracy: Top1: 31.3020%, Top5: 82.8405% | [Test] Loss: 1.94190866 Accuracy: Top1: 34.1262%, Top5: 84.1063%
