Checking arguments based on the model...
Files already downloaded and verified
Upscale transform not defined. Skipping dataset upscale.
Model: All Convolutional Network ConvNN
Total Parameters: 6714
Trainable Parameters: 6714
[Epoch 001] Time: 42.7799s | [Train] Loss: 2.29962862 Accuracy: Top1: 12.4261%, Top5: 53.4067% | [Test] Loss: 2.27541659 Accuracy: Top1: 14.6298%, Top5: 59.1063%
[Epoch 002] Time: 36.1974s | [Train] Loss: 2.24934511 Accuracy: Top1: 17.0476%, Top5: 64.6599% | [Test] Loss: 2.23121376 Accuracy: Top1: 18.3221%, Top5: 66.6998%
[Epoch 003] Time: 36.3335s | [Train] Loss: 2.20707826 Accuracy: Top1: 20.0288%, Top5: 69.1236% | [Test] Loss: 2.19012962 Accuracy: Top1: 21.3475%, Top5: 69.5462%
[Epoch 004] Time: 36.4210s | [Train] Loss: 2.16995935 Accuracy: Top1: 21.7511%, Top5: 70.5263% | [Test] Loss: 2.15805963 Accuracy: Top1: 22.3328%, Top5: 69.9542%
[Epoch 005] Time: 36.4952s | [Train] Loss: 2.14101552 Accuracy: Top1: 22.7162%, Top5: 71.8610% | [Test] Loss: 2.12864180 Accuracy: Top1: 23.4176%, Top5: 72.0143%
[Epoch 006] Time: 36.4796s | [Train] Loss: 2.11626074 Accuracy: Top1: 23.3656%, Top5: 73.5374% | [Test] Loss: 2.10664148 Accuracy: Top1: 24.2735%, Top5: 74.4526%
[Epoch 007] Time: 36.4659s | [Train] Loss: 2.09382242 Accuracy: Top1: 24.7902%, Top5: 75.5715% | [Test] Loss: 2.08688165 Accuracy: Top1: 25.0199%, Top5: 76.4431%
[Epoch 008] Time: 36.4583s | [Train] Loss: 2.08060493 Accuracy: Top1: 25.3437%, Top5: 76.8482% | [Test] Loss: 2.07617002 Accuracy: Top1: 25.5275%, Top5: 76.7814%
[Epoch 009] Time: 36.4107s | [Train] Loss: 2.06613976 Accuracy: Top1: 26.0370%, Top5: 77.8093% | [Test] Loss: 2.05752330 Accuracy: Top1: 26.5725%, Top5: 77.8165%
[Epoch 010] Time: 36.4654s | [Train] Loss: 2.05134916 Accuracy: Top1: 26.9062%, Top5: 78.8443% | [Test] Loss: 2.04481290 Accuracy: Top1: 27.3985%, Top5: 78.6027%
[Epoch 011] Time: 36.4698s | [Train] Loss: 2.03919351 Accuracy: Top1: 27.3877%, Top5: 79.2339% | [Test] Loss: 2.04032051 Accuracy: Top1: 27.0502%, Top5: 79.1103%
[Epoch 012] Time: 36.4844s | [Train] Loss: 2.03326309 Accuracy: Top1: 28.1530%, Top5: 79.5257% | [Test] Loss: 2.02976712 Accuracy: Top1: 28.7022%, Top5: 79.6278%
[Epoch 013] Time: 36.4537s | [Train] Loss: 2.02313813 Accuracy: Top1: 29.0261%, Top5: 79.8813% | [Test] Loss: 2.02331114 Accuracy: Top1: 29.3889%, Top5: 80.1851%
[Epoch 014] Time: 36.4899s | [Train] Loss: 2.01411784 Accuracy: Top1: 29.4198%, Top5: 80.1850% | [Test] Loss: 2.01245514 Accuracy: Top1: 29.6079%, Top5: 80.8021%
[Epoch 015] Time: 36.4569s | [Train] Loss: 2.00810963 Accuracy: Top1: 30.0611%, Top5: 80.5587% | [Test] Loss: 2.00400067 Accuracy: Top1: 29.5780%, Top5: 80.8818%
[Epoch 016] Time: 36.4583s | [Train] Loss: 2.00257490 Accuracy: Top1: 30.3369%, Top5: 80.8064% | [Test] Loss: 2.00549921 Accuracy: Top1: 30.1951%, Top5: 80.6330%
[Epoch 017] Time: 36.4919s | [Train] Loss: 1.99740276 Accuracy: Top1: 30.6166%, Top5: 80.9843% | [Test] Loss: 1.99514288 Accuracy: Top1: 30.2747%, Top5: 80.9912%
[Epoch 018] Time: 36.4290s | [Train] Loss: 1.98843097 Accuracy: Top1: 31.1501%, Top5: 81.4718% | [Test] Loss: 1.98854901 Accuracy: Top1: 30.9216%, Top5: 81.5983%
[Epoch 019] Time: 36.4628s | [Train] Loss: 1.98379681 Accuracy: Top1: 31.1121%, Top5: 81.5997% | [Test] Loss: 1.98676167 Accuracy: Top1: 31.0111%, Top5: 81.3893%
[Epoch 020] Time: 36.4905s | [Train] Loss: 1.98189123 Accuracy: Top1: 31.3099%, Top5: 81.5517% | [Test] Loss: 1.98424011 Accuracy: Top1: 30.8021%, Top5: 81.8073%
[Epoch 021] Time: 36.4756s | [Train] Loss: 1.97195612 Accuracy: Top1: 31.8075%, Top5: 82.0093% | [Test] Loss: 1.97510421 Accuracy: Top1: 32.0263%, Top5: 81.8571%
[Epoch 022] Time: 36.4746s | [Train] Loss: 1.97163619 Accuracy: Top1: 31.7755%, Top5: 82.1411% | [Test] Loss: 1.97830453 Accuracy: Top1: 31.2699%, Top5: 81.6779%
[Epoch 023] Time: 36.4574s | [Train] Loss: 1.97191915 Accuracy: Top1: 32.0093%, Top5: 81.8674% | [Test] Loss: 1.97338468 Accuracy: Top1: 31.4192%, Top5: 81.9367%
[Epoch 024] Time: 36.4253s | [Train] Loss: 1.96888697 Accuracy: Top1: 31.8834%, Top5: 82.1631% | [Test] Loss: 1.97903087 Accuracy: Top1: 31.4490%, Top5: 81.6481%
[Epoch 025] Time: 36.4464s | [Train] Loss: 1.97003055 Accuracy: Top1: 32.1511%, Top5: 81.7615% | [Test] Loss: 1.97865859 Accuracy: Top1: 31.4291%, Top5: 81.4789%
[Epoch 026] Time: 36.4495s | [Train] Loss: 1.96920227 Accuracy: Top1: 32.0332%, Top5: 81.9493% | [Test] Loss: 1.96904236 Accuracy: Top1: 31.9566%, Top5: 82.1059%
[Epoch 027] Time: 36.4782s | [Train] Loss: 1.97164713 Accuracy: Top1: 31.8834%, Top5: 81.8394% | [Test] Loss: 1.97796120 Accuracy: Top1: 31.7178%, Top5: 81.5287%
[Epoch 028] Time: 36.4891s | [Train] Loss: 1.96860861 Accuracy: Top1: 31.8075%, Top5: 82.0752% | [Test] Loss: 1.96625294 Accuracy: Top1: 31.7178%, Top5: 82.2751%
[Epoch 029] Time: 36.4607s | [Train] Loss: 1.97092112 Accuracy: Top1: 31.9014%, Top5: 81.7915% | [Test] Loss: 1.97512442 Accuracy: Top1: 31.3993%, Top5: 81.9467%
[Epoch 030] Time: 36.4803s | [Train] Loss: 1.96784405 Accuracy: Top1: 31.8195%, Top5: 82.1691% | [Test] Loss: 1.97016325 Accuracy: Top1: 31.3197%, Top5: 82.1756%
[Epoch 031] Time: 36.4772s | [Train] Loss: 1.96901530 Accuracy: Top1: 31.8654%, Top5: 81.9473% | [Test] Loss: 1.96535611 Accuracy: Top1: 31.7377%, Top5: 82.5836%
[Epoch 032] Time: 36.4755s | [Train] Loss: 1.96605546 Accuracy: Top1: 32.1391%, Top5: 82.1032% | [Test] Loss: 1.96912879 Accuracy: Top1: 31.5784%, Top5: 81.9168%
[Epoch 033] Time: 36.4724s | [Train] Loss: 1.96659350 Accuracy: Top1: 32.1312%, Top5: 82.1192% | [Test] Loss: 1.96844350 Accuracy: Top1: 31.6182%, Top5: 82.3945%
[Epoch 034] Time: 36.4927s | [Train] Loss: 1.96616951 Accuracy: Top1: 32.0293%, Top5: 82.2610% | [Test] Loss: 1.97171112 Accuracy: Top1: 31.5287%, Top5: 81.9566%
[Epoch 035] Time: 36.4950s | [Train] Loss: 1.96642740 Accuracy: Top1: 31.9234%, Top5: 82.1951% | [Test] Loss: 1.96605326 Accuracy: Top1: 31.7675%, Top5: 82.3248%
[Epoch 036] Time: 36.4533s | [Train] Loss: 1.96495264 Accuracy: Top1: 32.1411%, Top5: 82.1731% | [Test] Loss: 1.97084877 Accuracy: Top1: 31.5983%, Top5: 81.9666%
[Epoch 037] Time: 36.5111s | [Train] Loss: 1.96486516 Accuracy: Top1: 32.1751%, Top5: 82.2710% | [Test] Loss: 1.97257633 Accuracy: Top1: 31.9765%, Top5: 81.5685%
[Epoch 038] Time: 36.4869s | [Train] Loss: 1.96344612 Accuracy: Top1: 32.1451%, Top5: 82.2011% | [Test] Loss: 1.97380296 Accuracy: Top1: 31.5884%, Top5: 81.6381%
[Epoch 039] Time: 36.4902s | [Train] Loss: 1.96243179 Accuracy: Top1: 32.2371%, Top5: 82.3449% | [Test] Loss: 1.96916372 Accuracy: Top1: 31.5784%, Top5: 82.1059%
[Epoch 040] Time: 36.4377s | [Train] Loss: 1.96329174 Accuracy: Top1: 32.0932%, Top5: 82.2410% | [Test] Loss: 1.97532466 Accuracy: Top1: 31.6381%, Top5: 81.7476%
[Epoch 041] Time: 36.4593s | [Train] Loss: 1.96212923 Accuracy: Top1: 32.3769%, Top5: 82.1012% | [Test] Loss: 1.96822865 Accuracy: Top1: 31.6580%, Top5: 81.7576%
[Epoch 042] Time: 36.4791s | [Train] Loss: 1.95974499 Accuracy: Top1: 32.5048%, Top5: 82.3789% | [Test] Loss: 1.96942975 Accuracy: Top1: 31.7675%, Top5: 81.6481%
[Epoch 043] Time: 36.5067s | [Train] Loss: 1.96191055 Accuracy: Top1: 32.3629%, Top5: 82.4588% | [Test] Loss: 1.96127404 Accuracy: Top1: 31.6680%, Top5: 82.3547%
[Epoch 044] Time: 36.4726s | [Train] Loss: 1.95900064 Accuracy: Top1: 32.6467%, Top5: 82.4029% | [Test] Loss: 1.96532715 Accuracy: Top1: 31.5884%, Top5: 82.1059%
[Epoch 045] Time: 36.4508s | [Train] Loss: 1.96047678 Accuracy: Top1: 32.4548%, Top5: 82.4249% | [Test] Loss: 1.96487871 Accuracy: Top1: 32.5438%, Top5: 82.2751%
[Epoch 046] Time: 36.4912s | [Train] Loss: 1.95964431 Accuracy: Top1: 32.5827%, Top5: 82.4648% | [Test] Loss: 1.97038621 Accuracy: Top1: 30.9813%, Top5: 81.8770%
[Epoch 047] Time: 36.4581s | [Train] Loss: 1.96092423 Accuracy: Top1: 32.3050%, Top5: 82.3569% | [Test] Loss: 1.96877705 Accuracy: Top1: 32.1955%, Top5: 82.0163%
[Epoch 048] Time: 36.4555s | [Train] Loss: 1.96187394 Accuracy: Top1: 32.4069%, Top5: 82.1991% | [Test] Loss: 1.96859183 Accuracy: Top1: 31.6282%, Top5: 81.8770%
[Epoch 049] Time: 36.4543s | [Train] Loss: 1.96050824 Accuracy: Top1: 32.5847%, Top5: 82.3210% | [Test] Loss: 1.97111470 Accuracy: Top1: 31.5685%, Top5: 82.0760%
[Epoch 050] Time: 36.4433s | [Train] Loss: 1.95872052 Accuracy: Top1: 32.5927%, Top5: 82.5647% | [Test] Loss: 1.96580000 Accuracy: Top1: 32.4642%, Top5: 82.0064%
Checking arguments based on the model...
Files already downloaded and verified
Upscale transform not defined. Skipping dataset upscale.
Model: All Convolutional Network ConvNN
Total Parameters: 3034
Trainable Parameters: 3034
[Epoch 001] Time: 35.3337s | [Train] Loss: 2.30800466 Accuracy: Top1: 10.9455%, Top5: 53.2249% | [Test] Loss: 2.29163559 Accuracy: Top1: 14.7691%, Top5: 55.8021%
[Epoch 002] Time: 34.9925s | [Train] Loss: 2.27504507 Accuracy: Top1: 16.2804%, Top5: 60.3021% | [Test] Loss: 2.25744153 Accuracy: Top1: 17.1079%, Top5: 63.4654%
[Epoch 003] Time: 34.9934s | [Train] Loss: 2.23764241 Accuracy: Top1: 17.2095%, Top5: 65.6969% | [Test] Loss: 2.22089175 Accuracy: Top1: 17.0283%, Top5: 66.8989%
[Epoch 004] Time: 35.0032s | [Train] Loss: 2.19832248 Accuracy: Top1: 17.8489%, Top5: 70.2665% | [Test] Loss: 2.17647423 Accuracy: Top1: 18.7102%, Top5: 71.4371%
[Epoch 005] Time: 34.9932s | [Train] Loss: 2.16213238 Accuracy: Top1: 19.2535%, Top5: 72.8381% | [Test] Loss: 2.14640843 Accuracy: Top1: 19.5064%, Top5: 73.9948%
[Epoch 006] Time: 35.0159s | [Train] Loss: 2.13340757 Accuracy: Top1: 20.1626%, Top5: 74.5564% | [Test] Loss: 2.12086421 Accuracy: Top1: 21.3475%, Top5: 75.8161%
[Epoch 007] Time: 35.0382s | [Train] Loss: 2.11519002 Accuracy: Top1: 21.2216%, Top5: 75.5695% | [Test] Loss: 2.11389106 Accuracy: Top1: 20.7106%, Top5: 75.4578%
[Epoch 008] Time: 35.0113s | [Train] Loss: 2.09989883 Accuracy: Top1: 22.0468%, Top5: 76.5485% | [Test] Loss: 2.09394127 Accuracy: Top1: 22.6115%, Top5: 77.5279%
[Epoch 009] Time: 35.0381s | [Train] Loss: 2.09148058 Accuracy: Top1: 22.6702%, Top5: 76.9901% | [Test] Loss: 2.08248950 Accuracy: Top1: 23.4674%, Top5: 77.4582%
[Epoch 010] Time: 35.0468s | [Train] Loss: 2.08326471 Accuracy: Top1: 23.5074%, Top5: 77.3557% | [Test] Loss: 2.07562321 Accuracy: Top1: 23.3977%, Top5: 78.0553%
[Epoch 011] Time: 35.0051s | [Train] Loss: 2.07442056 Accuracy: Top1: 24.0549%, Top5: 77.8313% | [Test] Loss: 2.07089263 Accuracy: Top1: 24.2038%, Top5: 78.7420%
[Epoch 012] Time: 35.0016s | [Train] Loss: 2.06594780 Accuracy: Top1: 24.8761%, Top5: 78.5006% | [Test] Loss: 2.06673565 Accuracy: Top1: 24.4029%, Top5: 78.5131%
[Epoch 013] Time: 35.0152s | [Train] Loss: 2.06112563 Accuracy: Top1: 25.2058%, Top5: 78.5246% | [Test] Loss: 2.06626428 Accuracy: Top1: 24.7412%, Top5: 78.6226%
[Epoch 014] Time: 35.0063s | [Train] Loss: 2.05719454 Accuracy: Top1: 25.3417%, Top5: 78.6645% | [Test] Loss: 2.05697729 Accuracy: Top1: 26.1246%, Top5: 78.9610%
[Epoch 015] Time: 35.0073s | [Train] Loss: 2.04787146 Accuracy: Top1: 26.0570%, Top5: 79.1021% | [Test] Loss: 2.04531058 Accuracy: Top1: 26.7317%, Top5: 79.4387%
[Epoch 016] Time: 35.0095s | [Train] Loss: 2.04659702 Accuracy: Top1: 26.0550%, Top5: 78.9982% | [Test] Loss: 2.04204443 Accuracy: Top1: 26.7416%, Top5: 79.5581%
[Epoch 017] Time: 35.0275s | [Train] Loss: 2.04068207 Accuracy: Top1: 26.5185%, Top5: 79.3998% | [Test] Loss: 2.04367038 Accuracy: Top1: 26.6720%, Top5: 79.4387%
[Epoch 018] Time: 35.0098s | [Train] Loss: 2.03581603 Accuracy: Top1: 26.6085%, Top5: 79.6875% | [Test] Loss: 2.03660194 Accuracy: Top1: 26.9108%, Top5: 79.5880%
[Epoch 019] Time: 35.0325s | [Train] Loss: 2.03240442 Accuracy: Top1: 27.3358%, Top5: 79.8054% | [Test] Loss: 2.03092392 Accuracy: Top1: 26.9705%, Top5: 79.7174%
[Epoch 020] Time: 35.0330s | [Train] Loss: 2.02729933 Accuracy: Top1: 27.3677%, Top5: 79.9453% | [Test] Loss: 2.02249760 Accuracy: Top1: 27.6075%, Top5: 80.1154%
[Epoch 021] Time: 35.0290s | [Train] Loss: 2.02182144 Accuracy: Top1: 27.8692%, Top5: 80.1690% | [Test] Loss: 2.02475314 Accuracy: Top1: 27.6572%, Top5: 80.0756%
[Epoch 022] Time: 35.0354s | [Train] Loss: 2.02101912 Accuracy: Top1: 27.5675%, Top5: 80.1930% | [Test] Loss: 2.01878208 Accuracy: Top1: 28.0155%, Top5: 80.8917%
[Epoch 023] Time: 35.0012s | [Train] Loss: 2.02098463 Accuracy: Top1: 27.9512%, Top5: 80.0871% | [Test] Loss: 2.02826832 Accuracy: Top1: 27.1596%, Top5: 79.9064%
[Epoch 024] Time: 35.0372s | [Train] Loss: 2.02114337 Accuracy: Top1: 27.6455%, Top5: 80.0771% | [Test] Loss: 2.02082096 Accuracy: Top1: 27.5677%, Top5: 80.3045%
[Epoch 025] Time: 35.0082s | [Train] Loss: 2.02225315 Accuracy: Top1: 27.6555%, Top5: 80.0412% | [Test] Loss: 2.02536098 Accuracy: Top1: 27.1497%, Top5: 79.6278%
[Epoch 026] Time: 35.0296s | [Train] Loss: 2.01720283 Accuracy: Top1: 27.9112%, Top5: 80.3409% | [Test] Loss: 2.02286716 Accuracy: Top1: 27.8861%, Top5: 80.0756%
[Epoch 027] Time: 35.0138s | [Train] Loss: 2.02106080 Accuracy: Top1: 27.6774%, Top5: 80.1650% | [Test] Loss: 2.02438897 Accuracy: Top1: 27.0402%, Top5: 79.7870%
[Epoch 028] Time: 35.0141s | [Train] Loss: 2.01971422 Accuracy: Top1: 28.0750%, Top5: 80.1331% | [Test] Loss: 2.02474993 Accuracy: Top1: 27.0203%, Top5: 79.8169%
[Epoch 029] Time: 35.0234s | [Train] Loss: 2.01878376 Accuracy: Top1: 28.0191%, Top5: 80.3629% | [Test] Loss: 2.02476905 Accuracy: Top1: 27.6572%, Top5: 79.9562%
[Epoch 030] Time: 35.0652s | [Train] Loss: 2.02059282 Accuracy: Top1: 27.9791%, Top5: 80.1331% | [Test] Loss: 2.02017700 Accuracy: Top1: 27.8165%, Top5: 80.3742%
[Epoch 031] Time: 35.0182s | [Train] Loss: 2.01779624 Accuracy: Top1: 28.0930%, Top5: 80.2550% | [Test] Loss: 2.01878600 Accuracy: Top1: 27.7369%, Top5: 80.3244%
[Epoch 032] Time: 35.0388s | [Train] Loss: 2.01657584 Accuracy: Top1: 28.1969%, Top5: 80.4927% | [Test] Loss: 2.01900874 Accuracy: Top1: 27.5577%, Top5: 80.0060%
[Epoch 033] Time: 35.0387s | [Train] Loss: 2.01460061 Accuracy: Top1: 28.2189%, Top5: 80.4028% | [Test] Loss: 2.02033790 Accuracy: Top1: 27.2293%, Top5: 80.0060%
[Epoch 034] Time: 35.0619s | [Train] Loss: 2.01701477 Accuracy: Top1: 28.0850%, Top5: 80.3089% | [Test] Loss: 2.02044030 Accuracy: Top1: 27.8861%, Top5: 80.2747%
[Epoch 035] Time: 35.0085s | [Train] Loss: 2.01529575 Accuracy: Top1: 28.1450%, Top5: 80.5567% | [Test] Loss: 2.01872678 Accuracy: Top1: 28.1549%, Top5: 80.2349%
[Epoch 036] Time: 35.0580s | [Train] Loss: 2.01426246 Accuracy: Top1: 28.4447%, Top5: 80.3728% | [Test] Loss: 2.01797543 Accuracy: Top1: 28.0354%, Top5: 80.3941%
[Epoch 037] Time: 35.0247s | [Train] Loss: 2.01803411 Accuracy: Top1: 28.1530%, Top5: 80.1970% | [Test] Loss: 2.01664039 Accuracy: Top1: 27.8961%, Top5: 80.5434%
[Epoch 038] Time: 35.0118s | [Train] Loss: 2.01847894 Accuracy: Top1: 27.8193%, Top5: 80.2270% | [Test] Loss: 2.01926994 Accuracy: Top1: 27.7966%, Top5: 79.8467%
[Epoch 039] Time: 35.0289s | [Train] Loss: 2.01477678 Accuracy: Top1: 28.3288%, Top5: 80.3349% | [Test] Loss: 2.01774620 Accuracy: Top1: 27.8961%, Top5: 80.1752%
[Epoch 040] Time: 35.0388s | [Train] Loss: 2.01430152 Accuracy: Top1: 28.2529%, Top5: 80.2130% | [Test] Loss: 2.01275697 Accuracy: Top1: 28.6525%, Top5: 80.5036%
[Epoch 041] Time: 35.0680s | [Train] Loss: 2.01742041 Accuracy: Top1: 27.9711%, Top5: 80.2070% | [Test] Loss: 2.01792902 Accuracy: Top1: 27.8762%, Top5: 80.2349%
[Epoch 042] Time: 35.0163s | [Train] Loss: 2.01562400 Accuracy: Top1: 28.1789%, Top5: 80.4168% | [Test] Loss: 2.01694354 Accuracy: Top1: 28.0553%, Top5: 80.4936%
[Epoch 043] Time: 35.0456s | [Train] Loss: 2.01436515 Accuracy: Top1: 28.2509%, Top5: 80.4168% | [Test] Loss: 2.01733192 Accuracy: Top1: 27.7369%, Top5: 80.1354%
[Epoch 044] Time: 35.0378s | [Train] Loss: 2.01463026 Accuracy: Top1: 28.2589%, Top5: 80.3309% | [Test] Loss: 2.01570308 Accuracy: Top1: 27.9757%, Top5: 80.4339%
[Epoch 045] Time: 35.0170s | [Train] Loss: 2.01475302 Accuracy: Top1: 28.2509%, Top5: 80.5127% | [Test] Loss: 2.01784904 Accuracy: Top1: 27.6672%, Top5: 80.3941%
[Epoch 046] Time: 35.0232s | [Train] Loss: 2.01434434 Accuracy: Top1: 28.2129%, Top5: 80.4987% | [Test] Loss: 2.01813118 Accuracy: Top1: 27.7767%, Top5: 80.1752%
[Epoch 047] Time: 35.0075s | [Train] Loss: 2.01335364 Accuracy: Top1: 28.1550%, Top5: 80.4428% | [Test] Loss: 2.02020675 Accuracy: Top1: 27.6075%, Top5: 80.0856%
[Epoch 048] Time: 35.0115s | [Train] Loss: 2.01426071 Accuracy: Top1: 28.2429%, Top5: 80.5007% | [Test] Loss: 2.01675674 Accuracy: Top1: 27.7966%, Top5: 80.1752%
[Epoch 049] Time: 35.0377s | [Train] Loss: 2.01079276 Accuracy: Top1: 28.4187%, Top5: 80.6306% | [Test] Loss: 2.01180197 Accuracy: Top1: 28.0553%, Top5: 80.5036%
[Epoch 050] Time: 35.0109s | [Train] Loss: 2.01223743 Accuracy: Top1: 28.2569%, Top5: 80.3708% | [Test] Loss: 2.01302723 Accuracy: Top1: 28.1947%, Top5: 80.4737%
Checking arguments based on the model...
Files already downloaded and verified
Upscale transform not defined. Skipping dataset upscale.
Model: All Convolutional Network ConvNN
Total Parameters: 826
Trainable Parameters: 826
[Epoch 001] Time: 19.8070s | [Train] Loss: 2.31814078 Accuracy: Top1: 11.8766%, Top5: 50.8032% | [Test] Loss: 2.30332421 Accuracy: Top1: 13.4952%, Top5: 52.0999%
[Epoch 002] Time: 19.0501s | [Train] Loss: 2.29341015 Accuracy: Top1: 13.4091%, Top5: 56.2740% | [Test] Loss: 2.28308572 Accuracy: Top1: 14.5104%, Top5: 59.0963%
[Epoch 003] Time: 19.0104s | [Train] Loss: 2.27668590 Accuracy: Top1: 14.3982%, Top5: 60.8276% | [Test] Loss: 2.26655646 Accuracy: Top1: 15.7444%, Top5: 63.0673%
[Epoch 004] Time: 19.0190s | [Train] Loss: 2.26208231 Accuracy: Top1: 15.4332%, Top5: 64.1504% | [Test] Loss: 2.25497484 Accuracy: Top1: 15.2269%, Top5: 65.6250%
[Epoch 005] Time: 19.0463s | [Train] Loss: 2.24947391 Accuracy: Top1: 15.6510%, Top5: 66.1025% | [Test] Loss: 2.24374847 Accuracy: Top1: 15.8639%, Top5: 66.7098%
[Epoch 006] Time: 19.0161s | [Train] Loss: 2.23757857 Accuracy: Top1: 16.7519%, Top5: 67.2694% | [Test] Loss: 2.23190643 Accuracy: Top1: 15.9037%, Top5: 67.7448%
[Epoch 007] Time: 19.0506s | [Train] Loss: 2.22731955 Accuracy: Top1: 17.0996%, Top5: 67.8249% | [Test] Loss: 2.22468307 Accuracy: Top1: 16.5307%, Top5: 67.7050%
[Epoch 008] Time: 19.0299s | [Train] Loss: 2.21883153 Accuracy: Top1: 17.2155%, Top5: 68.3064% | [Test] Loss: 2.21407333 Accuracy: Top1: 17.5060%, Top5: 68.5111%
[Epoch 009] Time: 19.0083s | [Train] Loss: 2.21235721 Accuracy: Top1: 17.2874%, Top5: 68.6161% | [Test] Loss: 2.20999502 Accuracy: Top1: 16.9686%, Top5: 69.0187%
[Epoch 010] Time: 19.0557s | [Train] Loss: 2.20497115 Accuracy: Top1: 17.7270%, Top5: 69.2415% | [Test] Loss: 2.20228363 Accuracy: Top1: 17.8941%, Top5: 69.0585%
[Epoch 011] Time: 19.0500s | [Train] Loss: 2.19789352 Accuracy: Top1: 17.9887%, Top5: 69.5532% | [Test] Loss: 2.19768164 Accuracy: Top1: 17.5955%, Top5: 69.4765%
[Epoch 012] Time: 19.0103s | [Train] Loss: 2.19364256 Accuracy: Top1: 18.0227%, Top5: 69.9788% | [Test] Loss: 2.18954801 Accuracy: Top1: 18.3320%, Top5: 70.2826%
[Epoch 013] Time: 19.0387s | [Train] Loss: 2.18690780 Accuracy: Top1: 18.5082%, Top5: 70.4723% | [Test] Loss: 2.18318028 Accuracy: Top1: 18.8694%, Top5: 71.0689%
[Epoch 014] Time: 19.0249s | [Train] Loss: 2.18160427 Accuracy: Top1: 18.8639%, Top5: 70.8959% | [Test] Loss: 2.18302664 Accuracy: Top1: 18.7400%, Top5: 70.6708%
[Epoch 015] Time: 19.0315s | [Train] Loss: 2.17593864 Accuracy: Top1: 19.4214%, Top5: 71.0038% | [Test] Loss: 2.17762374 Accuracy: Top1: 19.7651%, Top5: 70.6011%
[Epoch 016] Time: 19.0552s | [Train] Loss: 2.17288500 Accuracy: Top1: 19.5432%, Top5: 71.3975% | [Test] Loss: 2.17160104 Accuracy: Top1: 19.6955%, Top5: 71.4271%
[Epoch 017] Time: 19.0437s | [Train] Loss: 2.16747808 Accuracy: Top1: 19.8669%, Top5: 71.5633% | [Test] Loss: 2.16968860 Accuracy: Top1: 20.5016%, Top5: 71.3575%
[Epoch 018] Time: 19.0244s | [Train] Loss: 2.16357110 Accuracy: Top1: 20.5683%, Top5: 71.9629% | [Test] Loss: 2.16754156 Accuracy: Top1: 20.3722%, Top5: 71.4670%
[Epoch 019] Time: 19.0617s | [Train] Loss: 2.16188908 Accuracy: Top1: 20.4823%, Top5: 72.0029% | [Test] Loss: 2.16065621 Accuracy: Top1: 21.1385%, Top5: 72.0641%
[Epoch 020] Time: 19.0007s | [Train] Loss: 2.15795013 Accuracy: Top1: 20.9379%, Top5: 72.2706% | [Test] Loss: 2.15905949 Accuracy: Top1: 21.6859%, Top5: 71.7456%
[Epoch 021] Time: 18.9976s | [Train] Loss: 2.15577637 Accuracy: Top1: 20.9239%, Top5: 72.4804% | [Test] Loss: 2.15631120 Accuracy: Top1: 21.4072%, Top5: 72.4821%
[Epoch 022] Time: 19.0614s | [Train] Loss: 2.15502866 Accuracy: Top1: 21.0198%, Top5: 72.5943% | [Test] Loss: 2.15827649 Accuracy: Top1: 21.0092%, Top5: 71.8750%
[Epoch 023] Time: 19.0398s | [Train] Loss: 2.15556196 Accuracy: Top1: 21.0918%, Top5: 72.3106% | [Test] Loss: 2.16212611 Accuracy: Top1: 20.8599%, Top5: 72.0143%
[Epoch 024] Time: 19.0676s | [Train] Loss: 2.15301642 Accuracy: Top1: 21.3655%, Top5: 72.7402% | [Test] Loss: 2.15775846 Accuracy: Top1: 21.0788%, Top5: 72.2432%
[Epoch 025] Time: 19.0538s | [Train] Loss: 2.15306340 Accuracy: Top1: 21.1377%, Top5: 72.7362% | [Test] Loss: 2.16051415 Accuracy: Top1: 20.7205%, Top5: 72.0641%
[Epoch 026] Time: 19.0349s | [Train] Loss: 2.15269666 Accuracy: Top1: 21.1637%, Top5: 72.7302% | [Test] Loss: 2.15664978 Accuracy: Top1: 21.1883%, Top5: 72.2432%
[Epoch 027] Time: 19.0479s | [Train] Loss: 2.15359284 Accuracy: Top1: 21.0178%, Top5: 72.6403% | [Test] Loss: 2.15574067 Accuracy: Top1: 21.3475%, Top5: 72.5020%
[Epoch 028] Time: 19.0279s | [Train] Loss: 2.15387193 Accuracy: Top1: 21.0098%, Top5: 72.4145% | [Test] Loss: 2.15763956 Accuracy: Top1: 21.4670%, Top5: 72.2731%
[Epoch 029] Time: 19.0173s | [Train] Loss: 2.15352646 Accuracy: Top1: 21.3335%, Top5: 72.3346% | [Test] Loss: 2.15240120 Accuracy: Top1: 21.4072%, Top5: 72.6015%
[Epoch 030] Time: 19.0302s | [Train] Loss: 2.15287463 Accuracy: Top1: 21.1937%, Top5: 72.5504% | [Test] Loss: 2.15425555 Accuracy: Top1: 21.1485%, Top5: 72.4423%
[Epoch 031] Time: 19.0419s | [Train] Loss: 2.15280922 Accuracy: Top1: 21.3195%, Top5: 72.5324% | [Test] Loss: 2.15460458 Accuracy: Top1: 21.5466%, Top5: 72.4224%
[Epoch 032] Time: 19.0027s | [Train] Loss: 2.15344671 Accuracy: Top1: 21.0698%, Top5: 72.4205% | [Test] Loss: 2.15734487 Accuracy: Top1: 21.6859%, Top5: 72.1338%
[Epoch 033] Time: 19.0358s | [Train] Loss: 2.15123294 Accuracy: Top1: 21.1996%, Top5: 72.7162% | [Test] Loss: 2.15306316 Accuracy: Top1: 21.3674%, Top5: 72.7209%
[Epoch 034] Time: 19.0420s | [Train] Loss: 2.15047818 Accuracy: Top1: 21.1937%, Top5: 72.8660% | [Test] Loss: 2.15551437 Accuracy: Top1: 21.1087%, Top5: 71.8750%
[Epoch 035] Time: 19.0425s | [Train] Loss: 2.15152879 Accuracy: Top1: 21.3215%, Top5: 72.9400% | [Test] Loss: 2.15301791 Accuracy: Top1: 21.5864%, Top5: 72.4920%
[Epoch 036] Time: 19.0006s | [Train] Loss: 2.14887692 Accuracy: Top1: 21.4894%, Top5: 72.8341% | [Test] Loss: 2.15431554 Accuracy: Top1: 21.5764%, Top5: 72.3527%
[Epoch 037] Time: 19.0385s | [Train] Loss: 2.15043677 Accuracy: Top1: 21.3855%, Top5: 72.8241% | [Test] Loss: 2.15658866 Accuracy: Top1: 21.9845%, Top5: 72.0044%
[Epoch 038] Time: 19.0272s | [Train] Loss: 2.15115193 Accuracy: Top1: 21.2336%, Top5: 72.9220% | [Test] Loss: 2.15374365 Accuracy: Top1: 21.4869%, Top5: 72.4821%
[Epoch 039] Time: 19.0018s | [Train] Loss: 2.14990759 Accuracy: Top1: 21.2596%, Top5: 72.8181% | [Test] Loss: 2.15579455 Accuracy: Top1: 21.1883%, Top5: 72.2333%
[Epoch 040] Time: 19.0311s | [Train] Loss: 2.14999711 Accuracy: Top1: 21.4434%, Top5: 72.6902% | [Test] Loss: 2.15515939 Accuracy: Top1: 21.6461%, Top5: 72.4821%
[Epoch 041] Time: 19.0320s | [Train] Loss: 2.15096886 Accuracy: Top1: 21.5533%, Top5: 72.5883% | [Test] Loss: 2.15451797 Accuracy: Top1: 21.4371%, Top5: 72.4124%
[Epoch 042] Time: 18.9931s | [Train] Loss: 2.14838931 Accuracy: Top1: 21.3435%, Top5: 73.1078% | [Test] Loss: 2.15198321 Accuracy: Top1: 21.3276%, Top5: 72.8304%
[Epoch 043] Time: 19.0330s | [Train] Loss: 2.14990017 Accuracy: Top1: 21.3915%, Top5: 72.8561% | [Test] Loss: 2.15593153 Accuracy: Top1: 21.2082%, Top5: 72.6413%
[Epoch 044] Time: 19.0123s | [Train] Loss: 2.15032566 Accuracy: Top1: 21.5094%, Top5: 72.8161% | [Test] Loss: 2.15391993 Accuracy: Top1: 21.3376%, Top5: 72.4721%
[Epoch 045] Time: 19.0327s | [Train] Loss: 2.15034184 Accuracy: Top1: 21.2356%, Top5: 72.7102% | [Test] Loss: 2.15595008 Accuracy: Top1: 21.1087%, Top5: 72.1935%
[Epoch 046] Time: 19.0177s | [Train] Loss: 2.14898653 Accuracy: Top1: 21.3475%, Top5: 72.9699% | [Test] Loss: 2.15532871 Accuracy: Top1: 21.2878%, Top5: 72.3925%
[Epoch 047] Time: 19.0506s | [Train] Loss: 2.14789767 Accuracy: Top1: 21.6852%, Top5: 72.9899% | [Test] Loss: 2.15038079 Accuracy: Top1: 21.6361%, Top5: 72.8304%
[Epoch 048] Time: 19.0547s | [Train] Loss: 2.14635358 Accuracy: Top1: 21.6412%, Top5: 73.2057% | [Test] Loss: 2.15132123 Accuracy: Top1: 21.9347%, Top5: 72.6612%
[Epoch 049] Time: 19.0259s | [Train] Loss: 2.14883926 Accuracy: Top1: 21.5693%, Top5: 72.7402% | [Test] Loss: 2.15075585 Accuracy: Top1: 21.3575%, Top5: 72.7010%
[Epoch 050] Time: 19.0211s | [Train] Loss: 2.14724595 Accuracy: Top1: 21.5153%, Top5: 73.0219% | [Test] Loss: 2.15265480 Accuracy: Top1: 21.2580%, Top5: 72.7607%
Checking arguments based on the model...
Files already downloaded and verified
Upscale transform not defined. Skipping dataset upscale.
Model: All Convolutional Network Conv2d
Total Parameters: 6714
Trainable Parameters: 6714
[Epoch 001] Time: 4.1504s | [Train] Loss: 2.31530008 Accuracy: Top1: 12.2243%, Top5: 53.9742% | [Test] Loss: 2.30087942 Accuracy: Top1: 15.4757%, Top5: 57.1756%
[Epoch 002] Time: 3.3675s | [Train] Loss: 2.27865141 Accuracy: Top1: 16.9857%, Top5: 61.1433% | [Test] Loss: 2.24895182 Accuracy: Top1: 19.8447%, Top5: 64.9084%
[Epoch 003] Time: 3.3945s | [Train] Loss: 2.19375897 Accuracy: Top1: 21.1277%, Top5: 70.3625% | [Test] Loss: 2.13151605 Accuracy: Top1: 22.5418%, Top5: 74.5024%
[Epoch 004] Time: 3.3152s | [Train] Loss: 2.07694753 Accuracy: Top1: 23.3196%, Top5: 76.5665% | [Test] Loss: 2.03023007 Accuracy: Top1: 25.0597%, Top5: 78.2942%
[Epoch 005] Time: 3.4228s | [Train] Loss: 2.00540551 Accuracy: Top1: 25.7193%, Top5: 78.3828% | [Test] Loss: 1.98329232 Accuracy: Top1: 26.5725%, Top5: 79.2994%
[Epoch 006] Time: 3.4533s | [Train] Loss: 1.97172914 Accuracy: Top1: 27.1679%, Top5: 79.4537% | [Test] Loss: 1.95905098 Accuracy: Top1: 27.4682%, Top5: 79.8567%
[Epoch 007] Time: 3.3180s | [Train] Loss: 1.94370297 Accuracy: Top1: 28.0830%, Top5: 80.3529% | [Test] Loss: 1.93370061 Accuracy: Top1: 28.3539%, Top5: 80.7026%
[Epoch 008] Time: 3.3410s | [Train] Loss: 1.92673686 Accuracy: Top1: 28.7364%, Top5: 80.6706% | [Test] Loss: 1.91313821 Accuracy: Top1: 28.9908%, Top5: 80.9415%
[Epoch 009] Time: 3.3535s | [Train] Loss: 1.91021921 Accuracy: Top1: 29.1041%, Top5: 81.3179% | [Test] Loss: 1.90427566 Accuracy: Top1: 30.0756%, Top5: 81.2898%
[Epoch 010] Time: 3.4461s | [Train] Loss: 1.89862598 Accuracy: Top1: 30.0152%, Top5: 81.6137% | [Test] Loss: 1.88482749 Accuracy: Top1: 31.1206%, Top5: 82.1756%
[Epoch 011] Time: 3.3423s | [Train] Loss: 1.88731898 Accuracy: Top1: 30.1191%, Top5: 82.1032% | [Test] Loss: 1.88544661 Accuracy: Top1: 30.4339%, Top5: 81.9566%
[Epoch 012] Time: 3.4805s | [Train] Loss: 1.88018271 Accuracy: Top1: 30.3029%, Top5: 82.3030% | [Test] Loss: 1.88220240 Accuracy: Top1: 30.8917%, Top5: 81.9765%
[Epoch 013] Time: 3.4188s | [Train] Loss: 1.87113938 Accuracy: Top1: 31.2420%, Top5: 82.3090% | [Test] Loss: 1.87959738 Accuracy: Top1: 30.3244%, Top5: 82.2552%
[Epoch 014] Time: 3.4474s | [Train] Loss: 1.86702128 Accuracy: Top1: 31.0902%, Top5: 82.3629% | [Test] Loss: 1.85627189 Accuracy: Top1: 31.4391%, Top5: 82.9717%
[Epoch 015] Time: 3.3698s | [Train] Loss: 1.85829321 Accuracy: Top1: 31.5237%, Top5: 82.7026% | [Test] Loss: 1.85211916 Accuracy: Top1: 32.4443%, Top5: 83.1608%
[Epoch 016] Time: 3.3916s | [Train] Loss: 1.85141596 Accuracy: Top1: 31.6556%, Top5: 83.2101% | [Test] Loss: 1.85805452 Accuracy: Top1: 31.4192%, Top5: 83.1011%
[Epoch 017] Time: 3.4543s | [Train] Loss: 1.84798921 Accuracy: Top1: 31.9333%, Top5: 83.1342% | [Test] Loss: 1.85021789 Accuracy: Top1: 32.4642%, Top5: 82.5936%
[Epoch 018] Time: 3.4934s | [Train] Loss: 1.83923669 Accuracy: Top1: 32.2091%, Top5: 83.4339% | [Test] Loss: 1.82891610 Accuracy: Top1: 32.5438%, Top5: 83.9471%
[Epoch 019] Time: 3.4047s | [Train] Loss: 1.83496363 Accuracy: Top1: 32.2790%, Top5: 83.5398% | [Test] Loss: 1.83023223 Accuracy: Top1: 32.2850%, Top5: 83.9271%
[Epoch 020] Time: 3.3805s | [Train] Loss: 1.82730361 Accuracy: Top1: 32.4508%, Top5: 83.9055% | [Test] Loss: 1.83693958 Accuracy: Top1: 32.3049%, Top5: 83.1409%
[Epoch 021] Time: 3.3368s | [Train] Loss: 1.81702488 Accuracy: Top1: 32.9004%, Top5: 84.0893% | [Test] Loss: 1.82357874 Accuracy: Top1: 32.7030%, Top5: 83.6883%
[Epoch 022] Time: 3.3768s | [Train] Loss: 1.81892804 Accuracy: Top1: 32.5907%, Top5: 84.0733% | [Test] Loss: 1.82774272 Accuracy: Top1: 32.7428%, Top5: 83.6385%
[Epoch 023] Time: 3.4031s | [Train] Loss: 1.82006924 Accuracy: Top1: 32.9803%, Top5: 83.7996% | [Test] Loss: 1.81896756 Accuracy: Top1: 32.8921%, Top5: 84.1162%
[Epoch 024] Time: 3.3256s | [Train] Loss: 1.81657069 Accuracy: Top1: 32.9564%, Top5: 84.0693% | [Test] Loss: 1.82311429 Accuracy: Top1: 32.7727%, Top5: 83.9769%
[Epoch 025] Time: 3.3247s | [Train] Loss: 1.81509146 Accuracy: Top1: 33.0802%, Top5: 84.1372% | [Test] Loss: 1.81775719 Accuracy: Top1: 33.0016%, Top5: 84.0864%
[Epoch 026] Time: 3.3875s | [Train] Loss: 1.81628894 Accuracy: Top1: 32.8365%, Top5: 84.1592% | [Test] Loss: 1.81758147 Accuracy: Top1: 32.9916%, Top5: 84.2058%
[Epoch 027] Time: 3.4087s | [Train] Loss: 1.81554309 Accuracy: Top1: 32.8345%, Top5: 84.0413% | [Test] Loss: 1.81617526 Accuracy: Top1: 33.3101%, Top5: 84.2357%
[Epoch 028] Time: 3.3463s | [Train] Loss: 1.81778135 Accuracy: Top1: 33.1482%, Top5: 84.0993% | [Test] Loss: 1.81591871 Accuracy: Top1: 32.9916%, Top5: 84.2755%
[Epoch 029] Time: 3.3783s | [Train] Loss: 1.81782916 Accuracy: Top1: 32.8724%, Top5: 84.1572% | [Test] Loss: 1.81490009 Accuracy: Top1: 32.9717%, Top5: 84.5143%
[Epoch 030] Time: 3.3886s | [Train] Loss: 1.81398636 Accuracy: Top1: 33.1542%, Top5: 84.1752% | [Test] Loss: 1.82391521 Accuracy: Top1: 32.9120%, Top5: 83.6684%
[Epoch 031] Time: 3.3609s | [Train] Loss: 1.81266708 Accuracy: Top1: 33.2581%, Top5: 84.1492% | [Test] Loss: 1.81999470 Accuracy: Top1: 32.9916%, Top5: 83.9172%
[Epoch 032] Time: 3.4237s | [Train] Loss: 1.81606860 Accuracy: Top1: 33.0643%, Top5: 83.9394% | [Test] Loss: 1.81592248 Accuracy: Top1: 33.6684%, Top5: 83.9172%
[Epoch 033] Time: 3.4189s | [Train] Loss: 1.81210879 Accuracy: Top1: 32.9304%, Top5: 84.2331% | [Test] Loss: 1.82443869 Accuracy: Top1: 32.5637%, Top5: 84.1561%
[Epoch 034] Time: 3.3274s | [Train] Loss: 1.81325711 Accuracy: Top1: 33.1502%, Top5: 84.2911% | [Test] Loss: 1.81593971 Accuracy: Top1: 32.8025%, Top5: 84.5740%
[Epoch 035] Time: 3.3051s | [Train] Loss: 1.81159700 Accuracy: Top1: 33.0323%, Top5: 84.2391% | [Test] Loss: 1.80352665 Accuracy: Top1: 33.3798%, Top5: 84.8229%
[Epoch 036] Time: 3.3103s | [Train] Loss: 1.81117106 Accuracy: Top1: 33.1202%, Top5: 84.3650% | [Test] Loss: 1.81771870 Accuracy: Top1: 32.6831%, Top5: 84.2854%
[Epoch 037] Time: 3.3695s | [Train] Loss: 1.81081239 Accuracy: Top1: 33.2381%, Top5: 84.4349% | [Test] Loss: 1.81337444 Accuracy: Top1: 33.2902%, Top5: 84.3750%
[Epoch 038] Time: 3.5045s | [Train] Loss: 1.81359323 Accuracy: Top1: 33.0063%, Top5: 84.1053% | [Test] Loss: 1.81835616 Accuracy: Top1: 32.6433%, Top5: 84.3551%
[Epoch 039] Time: 3.4009s | [Train] Loss: 1.80942427 Accuracy: Top1: 33.2980%, Top5: 84.3590% | [Test] Loss: 1.80830985 Accuracy: Top1: 33.0514%, Top5: 84.4148%
[Epoch 040] Time: 3.3977s | [Train] Loss: 1.80701326 Accuracy: Top1: 33.0543%, Top5: 84.4969% | [Test] Loss: 1.81567169 Accuracy: Top1: 32.9817%, Top5: 84.1063%
[Epoch 041] Time: 3.4084s | [Train] Loss: 1.80992146 Accuracy: Top1: 33.0423%, Top5: 84.1992% | [Test] Loss: 1.81560443 Accuracy: Top1: 32.9021%, Top5: 84.1959%
[Epoch 042] Time: 3.4313s | [Train] Loss: 1.81153676 Accuracy: Top1: 33.6857%, Top5: 84.2971% | [Test] Loss: 1.81053711 Accuracy: Top1: 33.4594%, Top5: 84.5442%
[Epoch 043] Time: 3.4869s | [Train] Loss: 1.81060358 Accuracy: Top1: 33.1841%, Top5: 84.3610% | [Test] Loss: 1.81929833 Accuracy: Top1: 32.5438%, Top5: 83.9869%
[Epoch 044] Time: 3.4636s | [Train] Loss: 1.81048413 Accuracy: Top1: 33.2880%, Top5: 84.1033% | [Test] Loss: 1.80898828 Accuracy: Top1: 33.1409%, Top5: 84.6338%
[Epoch 045] Time: 3.3586s | [Train] Loss: 1.80822578 Accuracy: Top1: 33.4619%, Top5: 84.1972% | [Test] Loss: 1.80952571 Accuracy: Top1: 33.2205%, Top5: 84.1063%
[Epoch 046] Time: 3.3405s | [Train] Loss: 1.80872756 Accuracy: Top1: 33.3060%, Top5: 84.1792% | [Test] Loss: 1.82221661 Accuracy: Top1: 32.9120%, Top5: 83.7679%
[Epoch 047] Time: 3.3773s | [Train] Loss: 1.80530477 Accuracy: Top1: 33.3899%, Top5: 84.3071% | [Test] Loss: 1.80618033 Accuracy: Top1: 33.9271%, Top5: 84.0764%
[Epoch 048] Time: 3.3697s | [Train] Loss: 1.80651752 Accuracy: Top1: 33.5078%, Top5: 84.2351% | [Test] Loss: 1.81521857 Accuracy: Top1: 33.1409%, Top5: 84.0466%
[Epoch 049] Time: 3.3478s | [Train] Loss: 1.80565530 Accuracy: Top1: 33.2281%, Top5: 84.3370% | [Test] Loss: 1.81378689 Accuracy: Top1: 33.3798%, Top5: 84.2954%
[Epoch 050] Time: 3.3532s | [Train] Loss: 1.80775944 Accuracy: Top1: 33.2501%, Top5: 84.3310% | [Test] Loss: 1.81964432 Accuracy: Top1: 33.0215%, Top5: 83.9670%
Checking arguments based on the model...
Files already downloaded and verified
Upscale transform not defined. Skipping dataset upscale.
Model: All Convolutional Network Conv2d
Total Parameters: 3034
Trainable Parameters: 3034
[Epoch 001] Time: 3.9795s | [Train] Loss: 2.30092921 Accuracy: Top1: 13.3012%, Top5: 52.6215% | [Test] Loss: 2.28697242 Accuracy: Top1: 15.6150%, Top5: 55.2846%
[Epoch 002] Time: 3.4666s | [Train] Loss: 2.27358791 Accuracy: Top1: 16.2784%, Top5: 58.8995% | [Test] Loss: 2.25985825 Accuracy: Top1: 16.4112%, Top5: 62.1019%
[Epoch 003] Time: 3.3695s | [Train] Loss: 2.23825570 Accuracy: Top1: 18.9918%, Top5: 66.2384% | [Test] Loss: 2.21498476 Accuracy: Top1: 20.1533%, Top5: 69.2775%
[Epoch 004] Time: 3.4224s | [Train] Loss: 2.18736465 Accuracy: Top1: 21.2716%, Top5: 71.6612% | [Test] Loss: 2.16016237 Accuracy: Top1: 22.2830%, Top5: 73.9053%
[Epoch 005] Time: 3.4138s | [Train] Loss: 2.12977875 Accuracy: Top1: 22.3745%, Top5: 74.4805% | [Test] Loss: 2.10036454 Accuracy: Top1: 23.1588%, Top5: 75.7464%
[Epoch 006] Time: 3.4415s | [Train] Loss: 2.07678134 Accuracy: Top1: 23.2936%, Top5: 76.3567% | [Test] Loss: 2.06377401 Accuracy: Top1: 23.3479%, Top5: 76.1246%
[Epoch 007] Time: 3.4802s | [Train] Loss: 2.03720421 Accuracy: Top1: 24.4765%, Top5: 77.7594% | [Test] Loss: 2.02217145 Accuracy: Top1: 24.5521%, Top5: 77.8563%
[Epoch 008] Time: 3.5113s | [Train] Loss: 2.01149381 Accuracy: Top1: 25.2218%, Top5: 78.4887% | [Test] Loss: 2.00280828 Accuracy: Top1: 25.1393%, Top5: 78.7420%
[Epoch 009] Time: 3.4516s | [Train] Loss: 1.99620659 Accuracy: Top1: 25.6014%, Top5: 78.6285% | [Test] Loss: 1.98702466 Accuracy: Top1: 26.0350%, Top5: 79.1302%
[Epoch 010] Time: 3.4171s | [Train] Loss: 1.97589765 Accuracy: Top1: 26.2588%, Top5: 79.6156% | [Test] Loss: 1.97437501 Accuracy: Top1: 26.3834%, Top5: 79.4686%
[Epoch 011] Time: 3.4057s | [Train] Loss: 1.97052273 Accuracy: Top1: 26.4426%, Top5: 79.6216% | [Test] Loss: 1.96687839 Accuracy: Top1: 26.4729%, Top5: 79.8368%
[Epoch 012] Time: 3.3904s | [Train] Loss: 1.95955511 Accuracy: Top1: 26.9242%, Top5: 79.9872% | [Test] Loss: 1.95709666 Accuracy: Top1: 27.0104%, Top5: 80.3443%
[Epoch 013] Time: 3.5009s | [Train] Loss: 1.94988923 Accuracy: Top1: 27.2398%, Top5: 80.1750% | [Test] Loss: 1.95353527 Accuracy: Top1: 27.7468%, Top5: 80.0358%
[Epoch 014] Time: 3.4082s | [Train] Loss: 1.94456717 Accuracy: Top1: 27.7534%, Top5: 80.4747% | [Test] Loss: 1.94221188 Accuracy: Top1: 27.6473%, Top5: 80.9116%
[Epoch 015] Time: 3.4938s | [Train] Loss: 1.93622046 Accuracy: Top1: 27.8193%, Top5: 80.7105% | [Test] Loss: 1.93139806 Accuracy: Top1: 28.9411%, Top5: 80.8121%
[Epoch 016] Time: 3.5217s | [Train] Loss: 1.92658523 Accuracy: Top1: 28.2769%, Top5: 81.1861% | [Test] Loss: 1.92871530 Accuracy: Top1: 28.4634%, Top5: 80.7822%
[Epoch 017] Time: 3.5080s | [Train] Loss: 1.92584534 Accuracy: Top1: 28.3927%, Top5: 80.9183% | [Test] Loss: 1.92438061 Accuracy: Top1: 28.1449%, Top5: 81.2500%
[Epoch 018] Time: 3.5115s | [Train] Loss: 1.91862198 Accuracy: Top1: 28.6645%, Top5: 81.1621% | [Test] Loss: 1.91582677 Accuracy: Top1: 28.6823%, Top5: 81.2301%
[Epoch 019] Time: 3.4736s | [Train] Loss: 1.91373353 Accuracy: Top1: 28.7384%, Top5: 81.3000% | [Test] Loss: 1.91209485 Accuracy: Top1: 28.8615%, Top5: 81.1803%
[Epoch 020] Time: 3.4294s | [Train] Loss: 1.91080680 Accuracy: Top1: 29.0841%, Top5: 81.1681% | [Test] Loss: 1.90809363 Accuracy: Top1: 29.3093%, Top5: 81.6680%
[Epoch 021] Time: 3.4290s | [Train] Loss: 1.90480469 Accuracy: Top1: 29.2040%, Top5: 81.6216% | [Test] Loss: 1.90627062 Accuracy: Top1: 29.3093%, Top5: 81.8571%
[Epoch 022] Time: 3.4352s | [Train] Loss: 1.90044951 Accuracy: Top1: 29.5736%, Top5: 81.8015% | [Test] Loss: 1.90364178 Accuracy: Top1: 30.0458%, Top5: 81.3794%
[Epoch 023] Time: 3.6143s | [Train] Loss: 1.90130307 Accuracy: Top1: 29.3758%, Top5: 81.5098% | [Test] Loss: 1.90349926 Accuracy: Top1: 29.1600%, Top5: 81.9068%
[Epoch 024] Time: 3.4101s | [Train] Loss: 1.90116555 Accuracy: Top1: 29.2439%, Top5: 81.6176% | [Test] Loss: 1.90350809 Accuracy: Top1: 29.6278%, Top5: 81.7178%
[Epoch 025] Time: 3.4236s | [Train] Loss: 1.90086502 Accuracy: Top1: 29.5416%, Top5: 81.7355% | [Test] Loss: 1.89914898 Accuracy: Top1: 30.5135%, Top5: 81.7277%
[Epoch 026] Time: 3.4633s | [Train] Loss: 1.89794858 Accuracy: Top1: 29.7854%, Top5: 81.7016% | [Test] Loss: 1.90671950 Accuracy: Top1: 29.4188%, Top5: 81.7775%
[Epoch 027] Time: 3.4047s | [Train] Loss: 1.89838135 Accuracy: Top1: 29.4657%, Top5: 81.8754% | [Test] Loss: 1.90080714 Accuracy: Top1: 29.0506%, Top5: 81.5884%
[Epoch 028] Time: 3.5372s | [Train] Loss: 1.89510004 Accuracy: Top1: 30.0132%, Top5: 81.7375% | [Test] Loss: 1.90402484 Accuracy: Top1: 29.4785%, Top5: 81.8571%
[Epoch 029] Time: 3.4694s | [Train] Loss: 1.89754897 Accuracy: Top1: 29.5696%, Top5: 81.8334% | [Test] Loss: 1.90270718 Accuracy: Top1: 29.5979%, Top5: 81.7078%
[Epoch 030] Time: 3.4361s | [Train] Loss: 1.89669517 Accuracy: Top1: 29.7794%, Top5: 81.9174% | [Test] Loss: 1.89970115 Accuracy: Top1: 29.5780%, Top5: 82.1756%
[Epoch 031] Time: 3.4183s | [Train] Loss: 1.89620887 Accuracy: Top1: 29.7035%, Top5: 81.7735% | [Test] Loss: 1.90394542 Accuracy: Top1: 29.8169%, Top5: 81.4192%
[Epoch 032] Time: 3.4385s | [Train] Loss: 1.89589231 Accuracy: Top1: 29.7355%, Top5: 81.6756% | [Test] Loss: 1.89725199 Accuracy: Top1: 29.7771%, Top5: 81.8173%
[Epoch 033] Time: 3.5136s | [Train] Loss: 1.89294501 Accuracy: Top1: 30.1670%, Top5: 81.9333% | [Test] Loss: 1.90023287 Accuracy: Top1: 29.0506%, Top5: 82.1855%
[Epoch 034] Time: 3.4290s | [Train] Loss: 1.89629469 Accuracy: Top1: 29.8473%, Top5: 81.5877% | [Test] Loss: 1.90166354 Accuracy: Top1: 29.4287%, Top5: 81.6083%
[Epoch 035] Time: 3.4727s | [Train] Loss: 1.89484193 Accuracy: Top1: 29.7434%, Top5: 81.9593% | [Test] Loss: 1.89688392 Accuracy: Top1: 29.7472%, Top5: 81.8471%
[Epoch 036] Time: 3.3978s | [Train] Loss: 1.89567794 Accuracy: Top1: 29.7414%, Top5: 81.7195% | [Test] Loss: 1.89319473 Accuracy: Top1: 30.1154%, Top5: 81.9467%
[Epoch 037] Time: 3.4175s | [Train] Loss: 1.89493923 Accuracy: Top1: 29.6775%, Top5: 81.9254% | [Test] Loss: 1.88916473 Accuracy: Top1: 29.8666%, Top5: 81.8770%
[Epoch 038] Time: 3.4998s | [Train] Loss: 1.89303627 Accuracy: Top1: 29.9453%, Top5: 81.7715% | [Test] Loss: 1.89803798 Accuracy: Top1: 30.1055%, Top5: 81.7277%
[Epoch 039] Time: 3.4834s | [Train] Loss: 1.89482018 Accuracy: Top1: 29.6915%, Top5: 81.7475% | [Test] Loss: 1.89902468 Accuracy: Top1: 30.1652%, Top5: 81.3495%
[Epoch 040] Time: 3.4623s | [Train] Loss: 1.89397312 Accuracy: Top1: 29.8973%, Top5: 81.7076% | [Test] Loss: 1.89868558 Accuracy: Top1: 29.7771%, Top5: 81.3495%
[Epoch 041] Time: 3.4566s | [Train] Loss: 1.88872363 Accuracy: Top1: 30.0412%, Top5: 81.9453% | [Test] Loss: 1.89117714 Accuracy: Top1: 29.7671%, Top5: 82.2950%
[Epoch 042] Time: 3.4018s | [Train] Loss: 1.89413561 Accuracy: Top1: 29.8953%, Top5: 81.6956% | [Test] Loss: 1.89034807 Accuracy: Top1: 30.0458%, Top5: 82.4940%
[Epoch 043] Time: 3.4574s | [Train] Loss: 1.88832879 Accuracy: Top1: 30.2150%, Top5: 82.1052% | [Test] Loss: 1.89092125 Accuracy: Top1: 29.8965%, Top5: 82.0760%
[Epoch 044] Time: 3.5622s | [Train] Loss: 1.88984085 Accuracy: Top1: 30.0731%, Top5: 82.0452% | [Test] Loss: 1.89535721 Accuracy: Top1: 29.4486%, Top5: 82.1656%
[Epoch 045] Time: 3.4289s | [Train] Loss: 1.89267616 Accuracy: Top1: 29.9053%, Top5: 81.9273% | [Test] Loss: 1.88500624 Accuracy: Top1: 30.5533%, Top5: 82.5239%
[Epoch 046] Time: 3.4449s | [Train] Loss: 1.89058583 Accuracy: Top1: 29.9832%, Top5: 81.9373% | [Test] Loss: 1.89441424 Accuracy: Top1: 30.0955%, Top5: 81.6481%
[Epoch 047] Time: 3.5752s | [Train] Loss: 1.89280419 Accuracy: Top1: 29.8194%, Top5: 81.7315% | [Test] Loss: 1.88992597 Accuracy: Top1: 30.2050%, Top5: 81.9964%
[Epoch 048] Time: 3.4618s | [Train] Loss: 1.89302866 Accuracy: Top1: 30.0052%, Top5: 81.8454% | [Test] Loss: 1.89644014 Accuracy: Top1: 30.0856%, Top5: 81.9168%
[Epoch 049] Time: 3.4722s | [Train] Loss: 1.89102533 Accuracy: Top1: 30.0172%, Top5: 81.9913% | [Test] Loss: 1.90020763 Accuracy: Top1: 29.8666%, Top5: 81.6879%
[Epoch 050] Time: 3.4477s | [Train] Loss: 1.89249347 Accuracy: Top1: 29.7534%, Top5: 81.9273% | [Test] Loss: 1.90033077 Accuracy: Top1: 29.3491%, Top5: 81.4192%
Checking arguments based on the model...
Files already downloaded and verified
Upscale transform not defined. Skipping dataset upscale.
Model: All Convolutional Network Conv2d
Total Parameters: 826
Trainable Parameters: 826
[Epoch 001] Time: 3.6443s | [Train] Loss: 2.31263661 Accuracy: Top1: 10.3221%, Top5: 52.7993% | [Test] Loss: 2.30056488 Accuracy: Top1: 10.8579%, Top5: 56.6282%
[Epoch 002] Time: 3.3208s | [Train] Loss: 2.29173779 Accuracy: Top1: 12.8597%, Top5: 58.5298% | [Test] Loss: 2.28235655 Accuracy: Top1: 14.0227%, Top5: 60.7683%
[Epoch 003] Time: 3.3335s | [Train] Loss: 2.27187163 Accuracy: Top1: 14.8358%, Top5: 62.0604% | [Test] Loss: 2.26174270 Accuracy: Top1: 15.4359%, Top5: 63.4256%
[Epoch 004] Time: 3.3899s | [Train] Loss: 2.25026055 Accuracy: Top1: 15.4392%, Top5: 64.9656% | [Test] Loss: 2.24194152 Accuracy: Top1: 15.4857%, Top5: 65.4061%
[Epoch 005] Time: 3.3431s | [Train] Loss: 2.23080425 Accuracy: Top1: 16.8019%, Top5: 66.0866% | [Test] Loss: 2.22483658 Accuracy: Top1: 17.4164%, Top5: 65.6847%
[Epoch 006] Time: 3.3042s | [Train] Loss: 2.21469909 Accuracy: Top1: 17.4792%, Top5: 66.8139% | [Test] Loss: 2.20785436 Accuracy: Top1: 17.5060%, Top5: 66.4908%
[Epoch 007] Time: 3.3763s | [Train] Loss: 2.20009016 Accuracy: Top1: 17.7609%, Top5: 67.6670% | [Test] Loss: 2.19748473 Accuracy: Top1: 17.6354%, Top5: 66.8790%
[Epoch 008] Time: 3.3976s | [Train] Loss: 2.18835762 Accuracy: Top1: 18.2505%, Top5: 68.0647% | [Test] Loss: 2.18358009 Accuracy: Top1: 18.7301%, Top5: 67.5259%
[Epoch 009] Time: 3.3324s | [Train] Loss: 2.17698489 Accuracy: Top1: 18.6061%, Top5: 68.4723% | [Test] Loss: 2.17579976 Accuracy: Top1: 18.7799%, Top5: 68.1728%
[Epoch 010] Time: 3.3089s | [Train] Loss: 2.16905400 Accuracy: Top1: 18.9059%, Top5: 68.7340% | [Test] Loss: 2.16724845 Accuracy: Top1: 19.3173%, Top5: 68.6306%
[Epoch 011] Time: 3.3256s | [Train] Loss: 2.16049890 Accuracy: Top1: 19.3714%, Top5: 69.4254% | [Test] Loss: 2.15970482 Accuracy: Top1: 19.4964%, Top5: 69.0386%
[Epoch 012] Time: 3.4091s | [Train] Loss: 2.15342643 Accuracy: Top1: 19.5532%, Top5: 69.6971% | [Test] Loss: 2.15080931 Accuracy: Top1: 19.5462%, Top5: 69.8846%
[Epoch 013] Time: 3.4375s | [Train] Loss: 2.14629759 Accuracy: Top1: 19.9928%, Top5: 70.4664% | [Test] Loss: 2.14585742 Accuracy: Top1: 20.1533%, Top5: 70.1732%
[Epoch 014] Time: 3.3737s | [Train] Loss: 2.14201506 Accuracy: Top1: 19.8629%, Top5: 70.6522% | [Test] Loss: 2.14547399 Accuracy: Top1: 20.0338%, Top5: 70.5514%
[Epoch 015] Time: 3.3837s | [Train] Loss: 2.13450492 Accuracy: Top1: 20.2526%, Top5: 71.3895% | [Test] Loss: 2.13677226 Accuracy: Top1: 20.8798%, Top5: 70.7604%
[Epoch 016] Time: 3.3766s | [Train] Loss: 2.13059792 Accuracy: Top1: 20.3744%, Top5: 71.8550% | [Test] Loss: 2.13363760 Accuracy: Top1: 19.9443%, Top5: 71.4869%
[Epoch 017] Time: 3.3970s | [Train] Loss: 2.12552088 Accuracy: Top1: 20.6082%, Top5: 72.1927% | [Test] Loss: 2.12895570 Accuracy: Top1: 20.5016%, Top5: 71.5366%
[Epoch 018] Time: 3.3957s | [Train] Loss: 2.12220851 Accuracy: Top1: 20.7900%, Top5: 72.3965% | [Test] Loss: 2.12099869 Accuracy: Top1: 20.8599%, Top5: 71.9049%
[Epoch 019] Time: 3.3332s | [Train] Loss: 2.11872413 Accuracy: Top1: 20.8060%, Top5: 72.4405% | [Test] Loss: 2.11685946 Accuracy: Top1: 21.6760%, Top5: 72.9001%
[Epoch 020] Time: 3.3107s | [Train] Loss: 2.11418632 Accuracy: Top1: 21.0838%, Top5: 72.7542% | [Test] Loss: 2.11599289 Accuracy: Top1: 21.4968%, Top5: 72.4323%
[Epoch 021] Time: 3.2840s | [Train] Loss: 2.11311512 Accuracy: Top1: 20.9239%, Top5: 72.6203% | [Test] Loss: 2.11590574 Accuracy: Top1: 21.9944%, Top5: 72.1835%
[Epoch 022] Time: 3.3087s | [Train] Loss: 2.11254800 Accuracy: Top1: 21.0458%, Top5: 72.8680% | [Test] Loss: 2.11371827 Accuracy: Top1: 21.6361%, Top5: 72.4522%
[Epoch 023] Time: 3.3803s | [Train] Loss: 2.11160154 Accuracy: Top1: 20.8420%, Top5: 72.7282% | [Test] Loss: 2.11610496 Accuracy: Top1: 20.9693%, Top5: 72.8304%
[Epoch 024] Time: 3.4284s | [Train] Loss: 2.11076225 Accuracy: Top1: 21.1137%, Top5: 72.6123% | [Test] Loss: 2.11357038 Accuracy: Top1: 21.3177%, Top5: 72.6314%
[Epoch 025] Time: 3.3391s | [Train] Loss: 2.11043500 Accuracy: Top1: 20.9599%, Top5: 73.0579% | [Test] Loss: 2.11741388 Accuracy: Top1: 20.8599%, Top5: 72.4821%
[Epoch 026] Time: 3.3847s | [Train] Loss: 2.11051478 Accuracy: Top1: 20.9439%, Top5: 72.8361% | [Test] Loss: 2.11687997 Accuracy: Top1: 21.0291%, Top5: 72.0840%
[Epoch 027] Time: 3.2616s | [Train] Loss: 2.11096587 Accuracy: Top1: 21.1677%, Top5: 72.8361% | [Test] Loss: 2.11100584 Accuracy: Top1: 21.8650%, Top5: 72.9001%
[Epoch 028] Time: 3.2347s | [Train] Loss: 2.11093710 Accuracy: Top1: 21.1637%, Top5: 72.8581% | [Test] Loss: 2.11320954 Accuracy: Top1: 21.2679%, Top5: 72.7110%
[Epoch 029] Time: 3.2965s | [Train] Loss: 2.10823577 Accuracy: Top1: 21.1877%, Top5: 72.8980% | [Test] Loss: 2.11247600 Accuracy: Top1: 21.3774%, Top5: 72.3726%
[Epoch 030] Time: 3.3292s | [Train] Loss: 2.10887364 Accuracy: Top1: 21.1277%, Top5: 73.0918% | [Test] Loss: 2.11159756 Accuracy: Top1: 21.5764%, Top5: 72.2830%
[Epoch 031] Time: 3.3248s | [Train] Loss: 2.10722764 Accuracy: Top1: 21.2176%, Top5: 73.0778% | [Test] Loss: 2.11011982 Accuracy: Top1: 21.5068%, Top5: 72.5119%
[Epoch 032] Time: 3.3324s | [Train] Loss: 2.10890368 Accuracy: Top1: 21.2516%, Top5: 72.8281% | [Test] Loss: 2.11307743 Accuracy: Top1: 21.1982%, Top5: 72.1537%
[Epoch 033] Time: 3.2228s | [Train] Loss: 2.10684514 Accuracy: Top1: 21.3215%, Top5: 73.0978% | [Test] Loss: 2.11167591 Accuracy: Top1: 21.5167%, Top5: 72.3428%
[Epoch 034] Time: 3.4499s | [Train] Loss: 2.10688722 Accuracy: Top1: 21.3935%, Top5: 73.3136% | [Test] Loss: 2.11387800 Accuracy: Top1: 20.9594%, Top5: 72.7807%
[Epoch 035] Time: 3.3307s | [Train] Loss: 2.10923344 Accuracy: Top1: 21.3135%, Top5: 72.8660% | [Test] Loss: 2.11294590 Accuracy: Top1: 21.5267%, Top5: 72.3029%
[Epoch 036] Time: 3.3286s | [Train] Loss: 2.10620461 Accuracy: Top1: 21.1917%, Top5: 73.0079% | [Test] Loss: 2.11301545 Accuracy: Top1: 20.9992%, Top5: 72.5219%
[Epoch 037] Time: 3.2996s | [Train] Loss: 2.10796145 Accuracy: Top1: 21.2676%, Top5: 73.0079% | [Test] Loss: 2.10906992 Accuracy: Top1: 21.3674%, Top5: 73.2086%
[Epoch 038] Time: 3.2872s | [Train] Loss: 2.10858048 Accuracy: Top1: 21.1897%, Top5: 72.9020% | [Test] Loss: 2.11045391 Accuracy: Top1: 21.1485%, Top5: 72.9996%
[Epoch 039] Time: 3.3848s | [Train] Loss: 2.10609926 Accuracy: Top1: 21.3355%, Top5: 72.9120% | [Test] Loss: 2.10878903 Accuracy: Top1: 21.2580%, Top5: 73.2982%
[Epoch 040] Time: 3.4966s | [Train] Loss: 2.10636442 Accuracy: Top1: 21.2556%, Top5: 73.0119% | [Test] Loss: 2.10915153 Accuracy: Top1: 21.7158%, Top5: 73.2783%
[Epoch 041] Time: 3.3761s | [Train] Loss: 2.10800481 Accuracy: Top1: 21.3635%, Top5: 73.0139% | [Test] Loss: 2.11424980 Accuracy: Top1: 21.5267%, Top5: 72.5119%
[Epoch 042] Time: 3.3430s | [Train] Loss: 2.10573350 Accuracy: Top1: 21.3495%, Top5: 73.2637% | [Test] Loss: 2.10964581 Accuracy: Top1: 21.6561%, Top5: 73.1887%
[Epoch 043] Time: 3.3446s | [Train] Loss: 2.10513816 Accuracy: Top1: 21.2936%, Top5: 73.1698% | [Test] Loss: 2.11339357 Accuracy: Top1: 21.5167%, Top5: 72.6015%
[Epoch 044] Time: 3.3186s | [Train] Loss: 2.10701541 Accuracy: Top1: 21.2476%, Top5: 73.1298% | [Test] Loss: 2.10975809 Accuracy: Top1: 21.4570%, Top5: 73.2982%
[Epoch 045] Time: 3.3642s | [Train] Loss: 2.10865929 Accuracy: Top1: 21.0638%, Top5: 72.8501% | [Test] Loss: 2.11162944 Accuracy: Top1: 21.3475%, Top5: 72.6015%
[Epoch 046] Time: 3.4086s | [Train] Loss: 2.10752079 Accuracy: Top1: 21.2756%, Top5: 73.1018% | [Test] Loss: 2.11067205 Accuracy: Top1: 21.3774%, Top5: 72.9498%
[Epoch 047] Time: 3.3119s | [Train] Loss: 2.10600773 Accuracy: Top1: 21.4154%, Top5: 73.0339% | [Test] Loss: 2.11027527 Accuracy: Top1: 21.6361%, Top5: 72.9001%
[Epoch 048] Time: 3.3407s | [Train] Loss: 2.10414212 Accuracy: Top1: 21.3915%, Top5: 73.2657% | [Test] Loss: 2.10889780 Accuracy: Top1: 21.5565%, Top5: 72.6413%
[Epoch 049] Time: 3.3980s | [Train] Loss: 2.10704017 Accuracy: Top1: 21.2436%, Top5: 73.0059% | [Test] Loss: 2.11015968 Accuracy: Top1: 21.1385%, Top5: 72.8802%
[Epoch 050] Time: 3.3432s | [Train] Loss: 2.10481735 Accuracy: Top1: 21.1917%, Top5: 73.1478% | [Test] Loss: 2.11058884 Accuracy: Top1: 21.3475%, Top5: 72.9697%
