Checking arguments based on the model...
Files already downloaded and verified
Upscale transform not defined. Skipping dataset upscale.
Model: All Convolutional Network ConvNN
Total Parameters: 6714
Trainable Parameters: 6714
[Epoch 001] Time: 83.5658s | [Train] Loss: 2.19397481 Accuracy: Top1: 18.1686%, Top5: 66.2604% | [Test] Loss: 2.14245102 Accuracy: Top1: 21.3376%, Top5: 70.0040%
[Epoch 002] Time: 81.2653s | [Train] Loss: 2.10750110 Accuracy: Top1: 21.7911%, Top5: 72.8321% | [Test] Loss: 2.08091987 Accuracy: Top1: 22.6413%, Top5: 73.4674%
[Epoch 003] Time: 81.3297s | [Train] Loss: 2.07151126 Accuracy: Top1: 23.3136%, Top5: 74.9121% | [Test] Loss: 2.05433569 Accuracy: Top1: 24.0645%, Top5: 75.4279%
[Epoch 004] Time: 81.3147s | [Train] Loss: 2.05131319 Accuracy: Top1: 24.2367%, Top5: 75.5195% | [Test] Loss: 2.03943411 Accuracy: Top1: 24.6517%, Top5: 75.9952%
[Epoch 005] Time: 81.3054s | [Train] Loss: 2.03280282 Accuracy: Top1: 25.1419%, Top5: 76.1629% | [Test] Loss: 2.02128036 Accuracy: Top1: 25.2389%, Top5: 76.2241%
[Epoch 006] Time: 81.3204s | [Train] Loss: 2.01693347 Accuracy: Top1: 25.6973%, Top5: 76.7044% | [Test] Loss: 2.01738618 Accuracy: Top1: 25.8559%, Top5: 76.4331%
[Epoch 007] Time: 81.2925s | [Train] Loss: 2.00681577 Accuracy: Top1: 26.0650%, Top5: 77.2119% | [Test] Loss: 2.02390247 Accuracy: Top1: 25.5076%, Top5: 76.3635%
[Epoch 008] Time: 81.2915s | [Train] Loss: 1.99534282 Accuracy: Top1: 26.3907%, Top5: 77.7594% | [Test] Loss: 1.99324199 Accuracy: Top1: 26.6521%, Top5: 77.8165%
[Epoch 009] Time: 81.2619s | [Train] Loss: 1.99069486 Accuracy: Top1: 26.7723%, Top5: 77.7254% | [Test] Loss: 1.98155979 Accuracy: Top1: 26.9805%, Top5: 77.7966%
[Epoch 010] Time: 81.2786s | [Train] Loss: 1.98465147 Accuracy: Top1: 27.0380%, Top5: 77.9372% | [Test] Loss: 1.97541310 Accuracy: Top1: 26.8312%, Top5: 78.2046%
[Epoch 011] Time: 81.2810s | [Train] Loss: 1.97754966 Accuracy: Top1: 27.2918%, Top5: 78.3108% | [Test] Loss: 1.97138268 Accuracy: Top1: 27.3487%, Top5: 78.8814%
[Epoch 012] Time: 81.2779s | [Train] Loss: 1.97601653 Accuracy: Top1: 27.4736%, Top5: 78.4527% | [Test] Loss: 1.96925467 Accuracy: Top1: 27.4682%, Top5: 78.7221%
[Epoch 013] Time: 81.2672s | [Train] Loss: 1.97128747 Accuracy: Top1: 27.4796%, Top5: 78.5326% | [Test] Loss: 1.96790505 Accuracy: Top1: 27.6871%, Top5: 78.3141%
[Epoch 014] Time: 81.2750s | [Train] Loss: 1.96979296 Accuracy: Top1: 27.5675%, Top5: 78.5526% | [Test] Loss: 1.96585657 Accuracy: Top1: 27.7170%, Top5: 78.3340%
[Epoch 015] Time: 81.2780s | [Train] Loss: 1.96287277 Accuracy: Top1: 27.9791%, Top5: 78.8103% | [Test] Loss: 1.96385957 Accuracy: Top1: 27.1895%, Top5: 78.7022%
[Epoch 016] Time: 81.2759s | [Train] Loss: 1.95768789 Accuracy: Top1: 28.4327%, Top5: 78.9862% | [Test] Loss: 1.95314584 Accuracy: Top1: 28.0752%, Top5: 78.9411%
[Epoch 017] Time: 81.2718s | [Train] Loss: 1.95664288 Accuracy: Top1: 28.3568%, Top5: 79.0102% | [Test] Loss: 1.96232818 Accuracy: Top1: 28.0354%, Top5: 78.4435%
[Epoch 018] Time: 81.2772s | [Train] Loss: 1.95011713 Accuracy: Top1: 28.7204%, Top5: 79.1880% | [Test] Loss: 1.95010942 Accuracy: Top1: 28.3838%, Top5: 79.0406%
[Epoch 019] Time: 81.2826s | [Train] Loss: 1.95256808 Accuracy: Top1: 28.6065%, Top5: 79.2679% | [Test] Loss: 1.96056163 Accuracy: Top1: 28.1250%, Top5: 79.3193%
[Epoch 020] Time: 81.2793s | [Train] Loss: 1.94917145 Accuracy: Top1: 28.6525%, Top5: 79.0861% | [Test] Loss: 1.94916618 Accuracy: Top1: 28.3141%, Top5: 79.1799%
[Epoch 021] Time: 81.2951s | [Train] Loss: 1.94809141 Accuracy: Top1: 28.4926%, Top5: 79.3538% | [Test] Loss: 1.95490861 Accuracy: Top1: 28.4932%, Top5: 79.0307%
[Epoch 022] Time: 81.3165s | [Train] Loss: 1.93822056 Accuracy: Top1: 29.0621%, Top5: 79.7215% | [Test] Loss: 1.93939938 Accuracy: Top1: 28.8714%, Top5: 79.6775%
[Epoch 023] Time: 81.2791s | [Train] Loss: 1.93924395 Accuracy: Top1: 29.3039%, Top5: 79.5816% | [Test] Loss: 1.94491154 Accuracy: Top1: 28.6923%, Top5: 79.4486%
[Epoch 024] Time: 81.2619s | [Train] Loss: 1.93413660 Accuracy: Top1: 29.1001%, Top5: 80.0392% | [Test] Loss: 1.94709417 Accuracy: Top1: 28.2245%, Top5: 79.5183%
[Epoch 025] Time: 81.2695s | [Train] Loss: 1.93261989 Accuracy: Top1: 29.5097%, Top5: 79.8573% | [Test] Loss: 1.95260116 Accuracy: Top1: 28.1648%, Top5: 78.8117%
[Epoch 026] Time: 81.2757s | [Train] Loss: 1.93221478 Accuracy: Top1: 29.5496%, Top5: 79.8174% | [Test] Loss: 1.93547997 Accuracy: Top1: 29.4088%, Top5: 79.5780%
[Epoch 027] Time: 81.3093s | [Train] Loss: 1.92635590 Accuracy: Top1: 29.5556%, Top5: 80.2190% | [Test] Loss: 1.93502528 Accuracy: Top1: 28.8416%, Top5: 79.8766%
[Epoch 028] Time: 81.2878s | [Train] Loss: 1.92439820 Accuracy: Top1: 29.9373%, Top5: 80.1431% | [Test] Loss: 1.92889864 Accuracy: Top1: 29.5780%, Top5: 80.0557%
[Epoch 029] Time: 81.2933s | [Train] Loss: 1.92108026 Accuracy: Top1: 29.7195%, Top5: 80.1271% | [Test] Loss: 1.92164638 Accuracy: Top1: 29.9463%, Top5: 80.3443%
[Epoch 030] Time: 81.2553s | [Train] Loss: 1.91747845 Accuracy: Top1: 30.1750%, Top5: 80.3648% | [Test] Loss: 1.92573366 Accuracy: Top1: 29.7174%, Top5: 79.9463%
[Epoch 031] Time: 81.2858s | [Train] Loss: 1.91559185 Accuracy: Top1: 30.2789%, Top5: 80.4688% | [Test] Loss: 1.91941746 Accuracy: Top1: 30.1652%, Top5: 80.5434%
[Epoch 032] Time: 81.2589s | [Train] Loss: 1.91479635 Accuracy: Top1: 30.4368%, Top5: 80.4987% | [Test] Loss: 1.92842697 Accuracy: Top1: 30.0458%, Top5: 80.4638%
[Epoch 033] Time: 81.3106s | [Train] Loss: 1.91129146 Accuracy: Top1: 30.3708%, Top5: 80.5906% | [Test] Loss: 1.92950381 Accuracy: Top1: 29.5581%, Top5: 79.4686%
[Epoch 034] Time: 81.2864s | [Train] Loss: 1.91196452 Accuracy: Top1: 30.4428%, Top5: 80.5127% | [Test] Loss: 1.91426863 Accuracy: Top1: 30.2747%, Top5: 80.7723%
[Epoch 035] Time: 81.2777s | [Train] Loss: 1.90667086 Accuracy: Top1: 30.8983%, Top5: 80.7725% | [Test] Loss: 1.91901827 Accuracy: Top1: 30.4439%, Top5: 80.0756%
[Epoch 036] Time: 81.2979s | [Train] Loss: 1.90640106 Accuracy: Top1: 30.8064%, Top5: 80.7225% | [Test] Loss: 1.92454114 Accuracy: Top1: 29.3889%, Top5: 80.2448%
[Epoch 037] Time: 81.3123s | [Train] Loss: 1.90479119 Accuracy: Top1: 30.6486%, Top5: 80.7864% | [Test] Loss: 1.90431961 Accuracy: Top1: 30.9614%, Top5: 81.0510%
[Epoch 038] Time: 81.2631s | [Train] Loss: 1.90389448 Accuracy: Top1: 31.0582%, Top5: 80.7085% | [Test] Loss: 1.91461667 Accuracy: Top1: 30.7723%, Top5: 80.7524%
[Epoch 039] Time: 81.2965s | [Train] Loss: 1.90128531 Accuracy: Top1: 31.2580%, Top5: 80.6925% | [Test] Loss: 1.90075679 Accuracy: Top1: 31.0410%, Top5: 80.8818%
[Epoch 040] Time: 81.2994s | [Train] Loss: 1.89827539 Accuracy: Top1: 31.4218%, Top5: 81.0002% | [Test] Loss: 1.91478857 Accuracy: Top1: 30.2349%, Top5: 80.4638%
[Epoch 041] Time: 81.3107s | [Train] Loss: 1.89942524 Accuracy: Top1: 31.3619%, Top5: 80.9383% | [Test] Loss: 1.90068767 Accuracy: Top1: 30.9813%, Top5: 81.2998%
[Epoch 042] Time: 81.2846s | [Train] Loss: 1.90007084 Accuracy: Top1: 31.2300%, Top5: 80.9063% | [Test] Loss: 1.89618595 Accuracy: Top1: 31.1604%, Top5: 81.2002%
[Epoch 043] Time: 81.3172s | [Train] Loss: 1.89343915 Accuracy: Top1: 31.4098%, Top5: 81.0182% | [Test] Loss: 1.89968394 Accuracy: Top1: 30.8519%, Top5: 81.0410%
[Epoch 044] Time: 81.2910s | [Train] Loss: 1.89225495 Accuracy: Top1: 31.5997%, Top5: 81.1381% | [Test] Loss: 1.89576198 Accuracy: Top1: 30.5732%, Top5: 81.1206%
[Epoch 045] Time: 81.3088s | [Train] Loss: 1.88933302 Accuracy: Top1: 31.4738%, Top5: 81.2060% | [Test] Loss: 1.89470139 Accuracy: Top1: 30.8121%, Top5: 81.5287%
[Epoch 046] Time: 81.3218s | [Train] Loss: 1.88883062 Accuracy: Top1: 31.8894%, Top5: 81.3119% | [Test] Loss: 1.89315157 Accuracy: Top1: 31.2699%, Top5: 81.3893%
[Epoch 047] Time: 81.3257s | [Train] Loss: 1.89075922 Accuracy: Top1: 31.5657%, Top5: 81.0542% | [Test] Loss: 1.89673215 Accuracy: Top1: 30.7424%, Top5: 81.4391%
[Epoch 048] Time: 81.3329s | [Train] Loss: 1.88592734 Accuracy: Top1: 31.7935%, Top5: 81.5457% | [Test] Loss: 1.89435872 Accuracy: Top1: 31.1007%, Top5: 80.9713%
[Epoch 049] Time: 81.3214s | [Train] Loss: 1.88208182 Accuracy: Top1: 32.0832%, Top5: 81.6097% | [Test] Loss: 1.89242532 Accuracy: Top1: 31.5884%, Top5: 81.4391%
[Epoch 050] Time: 81.2764s | [Train] Loss: 1.88718764 Accuracy: Top1: 32.0253%, Top5: 81.2340% | [Test] Loss: 1.88959530 Accuracy: Top1: 31.3097%, Top5: 81.3396%
[Epoch 051] Time: 81.3382s | [Train] Loss: 1.88791810 Accuracy: Top1: 31.8874%, Top5: 81.2940% | [Test] Loss: 1.88249195 Accuracy: Top1: 31.6879%, Top5: 81.8571%
[Epoch 052] Time: 81.3533s | [Train] Loss: 1.88423936 Accuracy: Top1: 31.8874%, Top5: 81.5137% | [Test] Loss: 1.89550804 Accuracy: Top1: 31.0510%, Top5: 81.2898%
[Epoch 053] Time: 81.3323s | [Train] Loss: 1.88230521 Accuracy: Top1: 32.0572%, Top5: 81.5038% | [Test] Loss: 1.88432905 Accuracy: Top1: 31.5884%, Top5: 81.9068%
[Epoch 054] Time: 81.3339s | [Train] Loss: 1.88359612 Accuracy: Top1: 32.1491%, Top5: 81.5777% | [Test] Loss: 1.89049655 Accuracy: Top1: 30.5932%, Top5: 81.4689%
[Epoch 055] Time: 81.3387s | [Train] Loss: 1.88122345 Accuracy: Top1: 32.1671%, Top5: 81.6576% | [Test] Loss: 1.90355270 Accuracy: Top1: 30.3145%, Top5: 80.6429%
[Epoch 056] Time: 81.3387s | [Train] Loss: 1.87772534 Accuracy: Top1: 32.1292%, Top5: 81.7475% | [Test] Loss: 1.88878184 Accuracy: Top1: 31.6481%, Top5: 81.7377%
[Epoch 057] Time: 81.3382s | [Train] Loss: 1.87772543 Accuracy: Top1: 32.5787%, Top5: 81.7195% | [Test] Loss: 1.88598189 Accuracy: Top1: 31.2998%, Top5: 81.5187%
[Epoch 058] Time: 81.2824s | [Train] Loss: 1.87548790 Accuracy: Top1: 32.3569%, Top5: 81.7335% | [Test] Loss: 1.88898304 Accuracy: Top1: 31.7377%, Top5: 81.1903%
[Epoch 059] Time: 81.3228s | [Train] Loss: 1.87831482 Accuracy: Top1: 31.9433%, Top5: 81.7515% | [Test] Loss: 1.87946741 Accuracy: Top1: 31.3993%, Top5: 81.6979%
[Epoch 060] Time: 81.3010s | [Train] Loss: 1.87406880 Accuracy: Top1: 32.5108%, Top5: 81.8474% | [Test] Loss: 1.88221635 Accuracy: Top1: 31.6979%, Top5: 81.4689%
[Epoch 061] Time: 81.3246s | [Train] Loss: 1.87251836 Accuracy: Top1: 32.3110%, Top5: 81.8494% | [Test] Loss: 1.88062377 Accuracy: Top1: 31.8173%, Top5: 81.4391%
[Epoch 062] Time: 81.2968s | [Train] Loss: 1.87067158 Accuracy: Top1: 32.7086%, Top5: 81.9433% | [Test] Loss: 1.88238630 Accuracy: Top1: 31.9765%, Top5: 81.4889%
[Epoch 063] Time: 81.2939s | [Train] Loss: 1.87475026 Accuracy: Top1: 32.3649%, Top5: 81.7495% | [Test] Loss: 1.88382514 Accuracy: Top1: 31.1206%, Top5: 81.8869%
[Epoch 064] Time: 81.2828s | [Train] Loss: 1.87127017 Accuracy: Top1: 32.9064%, Top5: 81.8474% | [Test] Loss: 1.87954930 Accuracy: Top1: 32.0661%, Top5: 81.7576%
[Epoch 065] Time: 81.2994s | [Train] Loss: 1.87212950 Accuracy: Top1: 32.4788%, Top5: 82.0033% | [Test] Loss: 1.87652208 Accuracy: Top1: 31.8471%, Top5: 81.6580%
[Epoch 066] Time: 81.3042s | [Train] Loss: 1.86743628 Accuracy: Top1: 32.7785%, Top5: 82.1172% | [Test] Loss: 1.87036234 Accuracy: Top1: 32.7030%, Top5: 81.3694%
[Epoch 067] Time: 81.2385s | [Train] Loss: 1.87292500 Accuracy: Top1: 32.7006%, Top5: 81.7975% | [Test] Loss: 1.87341358 Accuracy: Top1: 32.1258%, Top5: 81.8372%
[Epoch 068] Time: 81.3157s | [Train] Loss: 1.87093354 Accuracy: Top1: 32.7046%, Top5: 81.8534% | [Test] Loss: 1.87872915 Accuracy: Top1: 31.8869%, Top5: 81.4988%
[Epoch 069] Time: 81.3226s | [Train] Loss: 1.86898356 Accuracy: Top1: 32.8145%, Top5: 82.0532% | [Test] Loss: 1.87925806 Accuracy: Top1: 31.7974%, Top5: 82.1357%
[Epoch 070] Time: 81.2829s | [Train] Loss: 1.86880896 Accuracy: Top1: 32.7546%, Top5: 81.8734% | [Test] Loss: 1.87145398 Accuracy: Top1: 32.3945%, Top5: 81.9367%
[Epoch 071] Time: 81.3225s | [Train] Loss: 1.86648207 Accuracy: Top1: 32.9364%, Top5: 81.9733% | [Test] Loss: 1.87314383 Accuracy: Top1: 32.4841%, Top5: 81.8571%
[Epoch 072] Time: 81.3176s | [Train] Loss: 1.86614998 Accuracy: Top1: 32.8285%, Top5: 81.9953% | [Test] Loss: 1.87591300 Accuracy: Top1: 32.1656%, Top5: 81.9666%
[Epoch 073] Time: 81.3013s | [Train] Loss: 1.86432902 Accuracy: Top1: 33.0203%, Top5: 82.1451% | [Test] Loss: 1.87939388 Accuracy: Top1: 31.9168%, Top5: 81.8272%
[Epoch 074] Time: 81.3040s | [Train] Loss: 1.86527875 Accuracy: Top1: 32.8824%, Top5: 81.9174% | [Test] Loss: 1.87654261 Accuracy: Top1: 32.4244%, Top5: 82.0362%
[Epoch 075] Time: 81.2987s | [Train] Loss: 1.86485766 Accuracy: Top1: 32.8085%, Top5: 81.9893% | [Test] Loss: 1.87638082 Accuracy: Top1: 31.8571%, Top5: 81.4490%
[Epoch 076] Time: 81.3131s | [Train] Loss: 1.86477936 Accuracy: Top1: 33.0043%, Top5: 81.8734% | [Test] Loss: 1.87236124 Accuracy: Top1: 32.2253%, Top5: 81.8272%
[Epoch 077] Time: 81.3117s | [Train] Loss: 1.86657729 Accuracy: Top1: 33.0503%, Top5: 81.7295% | [Test] Loss: 1.87422891 Accuracy: Top1: 32.3547%, Top5: 81.7178%
[Epoch 078] Time: 81.2882s | [Train] Loss: 1.86235904 Accuracy: Top1: 33.1881%, Top5: 81.9753% | [Test] Loss: 1.87647027 Accuracy: Top1: 32.4045%, Top5: 81.8770%
[Epoch 079] Time: 81.2689s | [Train] Loss: 1.86214464 Accuracy: Top1: 33.0942%, Top5: 81.9513% | [Test] Loss: 1.86945230 Accuracy: Top1: 32.8921%, Top5: 81.8073%
[Epoch 080] Time: 81.2779s | [Train] Loss: 1.86009599 Accuracy: Top1: 33.4379%, Top5: 82.1352% | [Test] Loss: 1.86556141 Accuracy: Top1: 32.5040%, Top5: 82.4841%
[Epoch 081] Time: 81.2927s | [Train] Loss: 1.86036348 Accuracy: Top1: 33.1362%, Top5: 82.2530% | [Test] Loss: 1.87805045 Accuracy: Top1: 31.8969%, Top5: 81.6879%
[Epoch 082] Time: 81.2741s | [Train] Loss: 1.86183455 Accuracy: Top1: 32.9684%, Top5: 82.0932% | [Test] Loss: 1.87288220 Accuracy: Top1: 32.1855%, Top5: 82.4542%
[Epoch 083] Time: 81.2671s | [Train] Loss: 1.86073057 Accuracy: Top1: 33.0343%, Top5: 82.0832% | [Test] Loss: 1.86549610 Accuracy: Top1: 32.7926%, Top5: 81.9268%
[Epoch 084] Time: 81.3056s | [Train] Loss: 1.85809918 Accuracy: Top1: 33.3440%, Top5: 82.2450% | [Test] Loss: 1.87454811 Accuracy: Top1: 31.8471%, Top5: 81.5685%
[Epoch 085] Time: 81.2898s | [Train] Loss: 1.85836023 Accuracy: Top1: 33.1742%, Top5: 82.1391% | [Test] Loss: 1.86663873 Accuracy: Top1: 32.1656%, Top5: 82.0661%
[Epoch 086] Time: 81.2946s | [Train] Loss: 1.85990792 Accuracy: Top1: 33.2541%, Top5: 82.1651% | [Test] Loss: 1.86851387 Accuracy: Top1: 32.6433%, Top5: 82.3646%
[Epoch 087] Time: 81.3165s | [Train] Loss: 1.86109302 Accuracy: Top1: 33.0483%, Top5: 82.0492% | [Test] Loss: 1.87429468 Accuracy: Top1: 32.4642%, Top5: 82.1656%
[Epoch 088] Time: 81.2993s | [Train] Loss: 1.86023440 Accuracy: Top1: 33.2321%, Top5: 82.1611% | [Test] Loss: 1.87339411 Accuracy: Top1: 32.9419%, Top5: 81.6580%
[Epoch 089] Time: 81.3036s | [Train] Loss: 1.86020155 Accuracy: Top1: 33.2301%, Top5: 82.1172% | [Test] Loss: 1.86742393 Accuracy: Top1: 32.6632%, Top5: 82.3348%
[Epoch 090] Time: 81.2979s | [Train] Loss: 1.85820811 Accuracy: Top1: 33.1322%, Top5: 82.1991% | [Test] Loss: 1.86939132 Accuracy: Top1: 32.4642%, Top5: 81.8571%
[Epoch 091] Time: 81.2824s | [Train] Loss: 1.85988414 Accuracy: Top1: 33.2721%, Top5: 82.3310% | [Test] Loss: 1.86368076 Accuracy: Top1: 32.6135%, Top5: 82.5139%
[Epoch 092] Time: 81.2886s | [Train] Loss: 1.85686229 Accuracy: Top1: 33.1482%, Top5: 82.4049% | [Test] Loss: 1.86332168 Accuracy: Top1: 32.2850%, Top5: 81.6979%
[Epoch 093] Time: 81.2971s | [Train] Loss: 1.85721172 Accuracy: Top1: 33.2581%, Top5: 82.4209% | [Test] Loss: 1.86552313 Accuracy: Top1: 33.1409%, Top5: 82.4741%
[Epoch 094] Time: 81.2830s | [Train] Loss: 1.85533192 Accuracy: Top1: 33.3400%, Top5: 82.4628% | [Test] Loss: 1.86189840 Accuracy: Top1: 32.8722%, Top5: 82.0561%
[Epoch 095] Time: 81.2711s | [Train] Loss: 1.85712753 Accuracy: Top1: 33.3180%, Top5: 82.4089% | [Test] Loss: 1.86270475 Accuracy: Top1: 32.9518%, Top5: 81.9765%
[Epoch 096] Time: 81.2795s | [Train] Loss: 1.85512826 Accuracy: Top1: 33.2641%, Top5: 82.3569% | [Test] Loss: 1.87312853 Accuracy: Top1: 31.5784%, Top5: 82.3348%
[Epoch 097] Time: 81.3288s | [Train] Loss: 1.85545967 Accuracy: Top1: 33.1042%, Top5: 82.5128% | [Test] Loss: 1.86441988 Accuracy: Top1: 32.5836%, Top5: 82.0064%
[Epoch 098] Time: 81.2845s | [Train] Loss: 1.85400166 Accuracy: Top1: 33.7496%, Top5: 82.3689% | [Test] Loss: 1.86009555 Accuracy: Top1: 33.4494%, Top5: 82.1955%
[Epoch 099] Time: 81.2802s | [Train] Loss: 1.85439225 Accuracy: Top1: 33.5118%, Top5: 82.1611% | [Test] Loss: 1.86463092 Accuracy: Top1: 32.7130%, Top5: 82.1059%
[Epoch 100] Time: 81.2681s | [Train] Loss: 1.85399640 Accuracy: Top1: 33.2241%, Top5: 82.4369% | [Test] Loss: 1.86795542 Accuracy: Top1: 32.5836%, Top5: 82.0462%
[Epoch 101] Time: 81.2564s | [Train] Loss: 1.85412186 Accuracy: Top1: 33.4259%, Top5: 82.2890% | [Test] Loss: 1.86334642 Accuracy: Top1: 32.8225%, Top5: 82.4741%
[Epoch 102] Time: 81.2634s | [Train] Loss: 1.85408691 Accuracy: Top1: 33.2521%, Top5: 82.4209% | [Test] Loss: 1.86524658 Accuracy: Top1: 32.9518%, Top5: 82.0064%
[Epoch 103] Time: 81.2641s | [Train] Loss: 1.85448936 Accuracy: Top1: 33.3640%, Top5: 82.3410% | [Test] Loss: 1.86218670 Accuracy: Top1: 32.2751%, Top5: 82.4542%
[Epoch 104] Time: 81.2805s | [Train] Loss: 1.85349263 Accuracy: Top1: 33.3360%, Top5: 82.3170% | [Test] Loss: 1.85900569 Accuracy: Top1: 32.9916%, Top5: 82.1656%
[Epoch 105] Time: 81.3065s | [Train] Loss: 1.85483922 Accuracy: Top1: 33.5778%, Top5: 82.4668% | [Test] Loss: 1.86266011 Accuracy: Top1: 33.0115%, Top5: 82.3149%
[Epoch 106] Time: 81.2951s | [Train] Loss: 1.85206570 Accuracy: Top1: 33.4179%, Top5: 82.6806% | [Test] Loss: 1.86248054 Accuracy: Top1: 32.9120%, Top5: 82.5537%
[Epoch 107] Time: 81.2703s | [Train] Loss: 1.85127056 Accuracy: Top1: 33.4419%, Top5: 82.5168% | [Test] Loss: 1.84778430 Accuracy: Top1: 33.3400%, Top5: 82.7528%
[Epoch 108] Time: 81.2691s | [Train] Loss: 1.85012610 Accuracy: Top1: 33.7156%, Top5: 82.4049% | [Test] Loss: 1.86638674 Accuracy: Top1: 32.7826%, Top5: 81.6879%
[Epoch 109] Time: 81.3027s | [Train] Loss: 1.85168308 Accuracy: Top1: 33.7036%, Top5: 82.4508% | [Test] Loss: 1.86317611 Accuracy: Top1: 32.6433%, Top5: 82.4045%
[Epoch 110] Time: 81.3146s | [Train] Loss: 1.85143827 Accuracy: Top1: 33.7356%, Top5: 82.3030% | [Test] Loss: 1.85641225 Accuracy: Top1: 32.5338%, Top5: 82.4741%
[Epoch 111] Time: 81.2933s | [Train] Loss: 1.85156935 Accuracy: Top1: 33.6757%, Top5: 82.4908% | [Test] Loss: 1.85712747 Accuracy: Top1: 33.1907%, Top5: 82.6433%
[Epoch 112] Time: 81.3041s | [Train] Loss: 1.84948601 Accuracy: Top1: 33.5158%, Top5: 82.4309% | [Test] Loss: 1.85735155 Accuracy: Top1: 33.0215%, Top5: 82.3049%
[Epoch 113] Time: 81.2849s | [Train] Loss: 1.85074333 Accuracy: Top1: 33.7136%, Top5: 82.7426% | [Test] Loss: 1.86237659 Accuracy: Top1: 32.5537%, Top5: 82.8324%
[Epoch 114] Time: 81.2820s | [Train] Loss: 1.84906699 Accuracy: Top1: 33.5598%, Top5: 82.6766% | [Test] Loss: 1.86236823 Accuracy: Top1: 32.9618%, Top5: 82.4144%
[Epoch 115] Time: 81.2930s | [Train] Loss: 1.85032633 Accuracy: Top1: 33.8035%, Top5: 82.3569% | [Test] Loss: 1.86229381 Accuracy: Top1: 32.5438%, Top5: 81.8670%
[Epoch 116] Time: 81.3113s | [Train] Loss: 1.84887744 Accuracy: Top1: 33.5058%, Top5: 82.5927% | [Test] Loss: 1.85086973 Accuracy: Top1: 32.9717%, Top5: 82.3746%
[Epoch 117] Time: 81.2856s | [Train] Loss: 1.84820242 Accuracy: Top1: 33.6677%, Top5: 82.5827% | [Test] Loss: 1.85718328 Accuracy: Top1: 32.8822%, Top5: 82.1557%
[Epoch 118] Time: 81.2820s | [Train] Loss: 1.85042462 Accuracy: Top1: 33.8495%, Top5: 82.4568% | [Test] Loss: 1.85861201 Accuracy: Top1: 32.5438%, Top5: 82.0860%
[Epoch 119] Time: 81.2674s | [Train] Loss: 1.84757920 Accuracy: Top1: 33.8355%, Top5: 82.5987% | [Test] Loss: 1.86148162 Accuracy: Top1: 32.7130%, Top5: 82.3248%
[Epoch 120] Time: 81.3061s | [Train] Loss: 1.85060045 Accuracy: Top1: 33.7256%, Top5: 82.3969% | [Test] Loss: 1.86194101 Accuracy: Top1: 32.8822%, Top5: 82.1756%
[Epoch 121] Time: 81.2930s | [Train] Loss: 1.84745036 Accuracy: Top1: 33.7736%, Top5: 82.6746% | [Test] Loss: 1.85959130 Accuracy: Top1: 32.9319%, Top5: 82.0163%
[Epoch 122] Time: 81.2521s | [Train] Loss: 1.85229498 Accuracy: Top1: 33.3340%, Top5: 82.6007% | [Test] Loss: 1.85765113 Accuracy: Top1: 32.7428%, Top5: 82.5040%
[Epoch 123] Time: 81.2900s | [Train] Loss: 1.84710797 Accuracy: Top1: 33.7156%, Top5: 82.7346% | [Test] Loss: 1.86170832 Accuracy: Top1: 32.2253%, Top5: 82.2850%
[Epoch 124] Time: 81.2772s | [Train] Loss: 1.84792625 Accuracy: Top1: 33.8195%, Top5: 82.5947% | [Test] Loss: 1.85902539 Accuracy: Top1: 32.8523%, Top5: 82.1357%
[Epoch 125] Time: 81.3014s | [Train] Loss: 1.84737427 Accuracy: Top1: 33.8455%, Top5: 82.5647% | [Test] Loss: 1.85709363 Accuracy: Top1: 32.7428%, Top5: 82.4642%
[Epoch 126] Time: 81.2925s | [Train] Loss: 1.84803597 Accuracy: Top1: 33.7836%, Top5: 82.5627% | [Test] Loss: 1.86654202 Accuracy: Top1: 32.7428%, Top5: 81.8073%
[Epoch 127] Time: 81.2997s | [Train] Loss: 1.84665334 Accuracy: Top1: 33.7916%, Top5: 82.6407% | [Test] Loss: 1.85678952 Accuracy: Top1: 32.9120%, Top5: 82.5338%
[Epoch 128] Time: 81.2802s | [Train] Loss: 1.84713885 Accuracy: Top1: 33.5678%, Top5: 82.6686% | [Test] Loss: 1.85956340 Accuracy: Top1: 33.0016%, Top5: 82.2054%
[Epoch 129] Time: 81.3149s | [Train] Loss: 1.84524595 Accuracy: Top1: 33.9114%, Top5: 82.6327% | [Test] Loss: 1.86938526 Accuracy: Top1: 32.8523%, Top5: 81.9964%
[Epoch 130] Time: 81.3182s | [Train] Loss: 1.84539329 Accuracy: Top1: 33.9794%, Top5: 82.6786% | [Test] Loss: 1.86447016 Accuracy: Top1: 32.2452%, Top5: 81.9068%
[Epoch 131] Time: 81.2786s | [Train] Loss: 1.84925862 Accuracy: Top1: 33.6117%, Top5: 82.5088% | [Test] Loss: 1.86315089 Accuracy: Top1: 32.9618%, Top5: 82.2950%
[Epoch 132] Time: 81.2947s | [Train] Loss: 1.84563364 Accuracy: Top1: 33.9074%, Top5: 82.7586% | [Test] Loss: 1.85384023 Accuracy: Top1: 33.2703%, Top5: 82.2253%
[Epoch 133] Time: 81.3142s | [Train] Loss: 1.84546381 Accuracy: Top1: 33.7396%, Top5: 82.6726% | [Test] Loss: 1.85185469 Accuracy: Top1: 33.3499%, Top5: 82.7627%
[Epoch 134] Time: 81.3194s | [Train] Loss: 1.84885062 Accuracy: Top1: 33.9094%, Top5: 82.7166% | [Test] Loss: 1.85830896 Accuracy: Top1: 33.0713%, Top5: 82.3149%
[Epoch 135] Time: 81.2698s | [Train] Loss: 1.84723917 Accuracy: Top1: 33.6797%, Top5: 82.7546% | [Test] Loss: 1.85338656 Accuracy: Top1: 33.1608%, Top5: 82.5736%
[Epoch 136] Time: 81.3297s | [Train] Loss: 1.84505028 Accuracy: Top1: 33.8955%, Top5: 82.8664% | [Test] Loss: 1.86151881 Accuracy: Top1: 32.8822%, Top5: 82.1955%
[Epoch 137] Time: 81.3076s | [Train] Loss: 1.84436128 Accuracy: Top1: 33.9434%, Top5: 82.8105% | [Test] Loss: 1.85600614 Accuracy: Top1: 32.9220%, Top5: 82.1357%
[Epoch 138] Time: 81.3082s | [Train] Loss: 1.84734420 Accuracy: Top1: 33.5318%, Top5: 82.6986% | [Test] Loss: 1.84931154 Accuracy: Top1: 33.2205%, Top5: 82.8523%
[Epoch 139] Time: 81.3642s | [Train] Loss: 1.84580653 Accuracy: Top1: 34.0433%, Top5: 82.4528% | [Test] Loss: 1.86497061 Accuracy: Top1: 32.7926%, Top5: 82.3746%
[Epoch 140] Time: 81.3450s | [Train] Loss: 1.84723324 Accuracy: Top1: 33.5957%, Top5: 82.7246% | [Test] Loss: 1.85210671 Accuracy: Top1: 32.9817%, Top5: 82.6433%
[Epoch 141] Time: 81.2986s | [Train] Loss: 1.84488149 Accuracy: Top1: 33.8095%, Top5: 82.7705% | [Test] Loss: 1.85319260 Accuracy: Top1: 32.6732%, Top5: 82.7826%
[Epoch 142] Time: 81.3296s | [Train] Loss: 1.84359742 Accuracy: Top1: 34.0113%, Top5: 82.6247% | [Test] Loss: 1.85447315 Accuracy: Top1: 33.1210%, Top5: 82.4841%
[Epoch 143] Time: 81.3068s | [Train] Loss: 1.84477709 Accuracy: Top1: 33.7736%, Top5: 82.6547% | [Test] Loss: 1.85395071 Accuracy: Top1: 33.0812%, Top5: 82.8722%
[Epoch 144] Time: 81.3308s | [Train] Loss: 1.84400922 Accuracy: Top1: 34.0233%, Top5: 82.5987% | [Test] Loss: 1.85755288 Accuracy: Top1: 32.9717%, Top5: 82.3846%
[Epoch 145] Time: 81.3223s | [Train] Loss: 1.84663009 Accuracy: Top1: 33.5818%, Top5: 82.5627% | [Test] Loss: 1.86093618 Accuracy: Top1: 33.0812%, Top5: 81.8471%
[Epoch 146] Time: 81.3660s | [Train] Loss: 1.84652776 Accuracy: Top1: 33.8415%, Top5: 82.6527% | [Test] Loss: 1.85465660 Accuracy: Top1: 33.0016%, Top5: 82.6334%
[Epoch 147] Time: 81.3460s | [Train] Loss: 1.84526175 Accuracy: Top1: 33.8955%, Top5: 82.6547% | [Test] Loss: 1.85963454 Accuracy: Top1: 32.9717%, Top5: 82.2552%
[Epoch 148] Time: 81.3276s | [Train] Loss: 1.84594810 Accuracy: Top1: 33.8195%, Top5: 82.7266% | [Test] Loss: 1.85662913 Accuracy: Top1: 33.1011%, Top5: 82.2950%
[Epoch 149] Time: 81.3045s | [Train] Loss: 1.84564830 Accuracy: Top1: 33.8235%, Top5: 82.6487% | [Test] Loss: 1.85643680 Accuracy: Top1: 33.1011%, Top5: 82.7926%
[Epoch 150] Time: 81.3377s | [Train] Loss: 1.84437066 Accuracy: Top1: 33.7676%, Top5: 82.8145% | [Test] Loss: 1.85838526 Accuracy: Top1: 33.3997%, Top5: 82.5040%
Checking arguments based on the model...
Files already downloaded and verified
Upscale transform not defined. Skipping dataset upscale.
Model: All Convolutional Network ConvNN
Total Parameters: 3034
Trainable Parameters: 3034
[Epoch 001] Time: 79.8240s | [Train] Loss: 2.21696725 Accuracy: Top1: 16.1085%, Top5: 64.8238% | [Test] Loss: 2.15800571 Accuracy: Top1: 18.4017%, Top5: 69.3173%
[Epoch 002] Time: 79.5251s | [Train] Loss: 2.11720162 Accuracy: Top1: 20.3145%, Top5: 72.5703% | [Test] Loss: 2.09442909 Accuracy: Top1: 21.7456%, Top5: 73.8953%
[Epoch 003] Time: 79.5667s | [Train] Loss: 2.07431784 Accuracy: Top1: 21.9849%, Top5: 75.2078% | [Test] Loss: 2.06459929 Accuracy: Top1: 22.2532%, Top5: 75.3881%
[Epoch 004] Time: 79.5498s | [Train] Loss: 2.05372790 Accuracy: Top1: 23.0319%, Top5: 75.9651% | [Test] Loss: 2.06071474 Accuracy: Top1: 23.7261%, Top5: 75.1393%
[Epoch 005] Time: 79.5426s | [Train] Loss: 2.03913819 Accuracy: Top1: 23.6673%, Top5: 76.4626% | [Test] Loss: 2.02687581 Accuracy: Top1: 24.5521%, Top5: 76.5625%
[Epoch 006] Time: 79.5350s | [Train] Loss: 2.02704855 Accuracy: Top1: 24.4485%, Top5: 77.3398% | [Test] Loss: 2.02069513 Accuracy: Top1: 24.8109%, Top5: 77.6473%
[Epoch 007] Time: 79.5083s | [Train] Loss: 2.01593820 Accuracy: Top1: 25.1539%, Top5: 77.5595% | [Test] Loss: 2.03246423 Accuracy: Top1: 24.2934%, Top5: 76.3933%
[Epoch 008] Time: 79.5859s | [Train] Loss: 2.00633681 Accuracy: Top1: 25.5455%, Top5: 77.9172% | [Test] Loss: 2.00525626 Accuracy: Top1: 24.8806%, Top5: 77.7866%
[Epoch 009] Time: 79.5252s | [Train] Loss: 1.99838077 Accuracy: Top1: 25.5994%, Top5: 78.2888% | [Test] Loss: 1.99191544 Accuracy: Top1: 25.4976%, Top5: 78.8018%
[Epoch 010] Time: 79.5546s | [Train] Loss: 1.99351920 Accuracy: Top1: 26.0030%, Top5: 78.6205% | [Test] Loss: 1.99180859 Accuracy: Top1: 25.6967%, Top5: 78.4236%
[Epoch 011] Time: 79.5324s | [Train] Loss: 1.98535197 Accuracy: Top1: 26.4286%, Top5: 78.6885% | [Test] Loss: 1.98227477 Accuracy: Top1: 26.5725%, Top5: 78.5928%
[Epoch 012] Time: 79.5423s | [Train] Loss: 1.98109327 Accuracy: Top1: 26.5765%, Top5: 79.1021% | [Test] Loss: 1.98108920 Accuracy: Top1: 26.8213%, Top5: 78.5629%
[Epoch 013] Time: 79.5298s | [Train] Loss: 1.97964367 Accuracy: Top1: 26.6125%, Top5: 78.8723% | [Test] Loss: 1.97172327 Accuracy: Top1: 27.0502%, Top5: 78.8913%
[Epoch 014] Time: 79.4873s | [Train] Loss: 1.97739824 Accuracy: Top1: 26.5985%, Top5: 79.1141% | [Test] Loss: 1.98199036 Accuracy: Top1: 26.9009%, Top5: 78.6425%
[Epoch 015] Time: 79.5290s | [Train] Loss: 1.97188344 Accuracy: Top1: 26.8143%, Top5: 79.4018% | [Test] Loss: 1.97428836 Accuracy: Top1: 26.0649%, Top5: 79.3690%
[Epoch 016] Time: 79.5664s | [Train] Loss: 1.97142032 Accuracy: Top1: 27.0720%, Top5: 79.0941% | [Test] Loss: 1.96074698 Accuracy: Top1: 27.5677%, Top5: 79.5382%
[Epoch 017] Time: 79.5211s | [Train] Loss: 1.96901817 Accuracy: Top1: 27.5176%, Top5: 79.3538% | [Test] Loss: 1.96821842 Accuracy: Top1: 26.7814%, Top5: 79.1501%
[Epoch 018] Time: 79.5615s | [Train] Loss: 1.96397927 Accuracy: Top1: 27.2838%, Top5: 79.4337% | [Test] Loss: 1.96776064 Accuracy: Top1: 27.2691%, Top5: 79.1998%
[Epoch 019] Time: 79.4929s | [Train] Loss: 1.96250581 Accuracy: Top1: 27.2558%, Top5: 79.6236% | [Test] Loss: 1.95704057 Accuracy: Top1: 28.2544%, Top5: 79.8268%
[Epoch 020] Time: 79.5309s | [Train] Loss: 1.95906624 Accuracy: Top1: 27.6415%, Top5: 79.6475% | [Test] Loss: 1.95357936 Accuracy: Top1: 27.9757%, Top5: 79.5681%
[Epoch 021] Time: 79.5370s | [Train] Loss: 1.95619457 Accuracy: Top1: 27.7494%, Top5: 79.7514% | [Test] Loss: 1.96045616 Accuracy: Top1: 27.5577%, Top5: 79.6676%
[Epoch 022] Time: 79.5229s | [Train] Loss: 1.95462583 Accuracy: Top1: 27.9572%, Top5: 79.7734% | [Test] Loss: 1.95177441 Accuracy: Top1: 27.8762%, Top5: 79.7572%
[Epoch 023] Time: 79.5184s | [Train] Loss: 1.95240226 Accuracy: Top1: 28.0351%, Top5: 79.7974% | [Test] Loss: 1.96418256 Accuracy: Top1: 27.2492%, Top5: 79.5382%
[Epoch 024] Time: 79.4898s | [Train] Loss: 1.95125621 Accuracy: Top1: 27.8872%, Top5: 79.7854% | [Test] Loss: 1.95536444 Accuracy: Top1: 27.5677%, Top5: 80.5135%
[Epoch 025] Time: 79.5628s | [Train] Loss: 1.95022144 Accuracy: Top1: 28.1490%, Top5: 80.1930% | [Test] Loss: 1.95725314 Accuracy: Top1: 27.5776%, Top5: 79.3889%
[Epoch 026] Time: 79.4955s | [Train] Loss: 1.94482043 Accuracy: Top1: 28.3228%, Top5: 80.2150% | [Test] Loss: 1.94190249 Accuracy: Top1: 28.1847%, Top5: 79.9761%
[Epoch 027] Time: 79.5783s | [Train] Loss: 1.94635605 Accuracy: Top1: 28.1750%, Top5: 79.8753% | [Test] Loss: 1.94657749 Accuracy: Top1: 28.4733%, Top5: 80.5135%
[Epoch 028] Time: 79.5128s | [Train] Loss: 1.94397750 Accuracy: Top1: 28.2769%, Top5: 80.1111% | [Test] Loss: 1.94533587 Accuracy: Top1: 28.3141%, Top5: 80.4936%
[Epoch 029] Time: 79.5613s | [Train] Loss: 1.93940161 Accuracy: Top1: 28.4207%, Top5: 80.4847% | [Test] Loss: 1.94583314 Accuracy: Top1: 28.3439%, Top5: 80.2548%
[Epoch 030] Time: 79.4761s | [Train] Loss: 1.93658517 Accuracy: Top1: 28.5286%, Top5: 80.5687% | [Test] Loss: 1.94359835 Accuracy: Top1: 28.0155%, Top5: 79.9960%
[Epoch 031] Time: 79.5446s | [Train] Loss: 1.93821084 Accuracy: Top1: 28.6185%, Top5: 80.4328% | [Test] Loss: 1.93781002 Accuracy: Top1: 28.6027%, Top5: 80.3344%
[Epoch 032] Time: 79.5014s | [Train] Loss: 1.93506149 Accuracy: Top1: 29.0161%, Top5: 80.3309% | [Test] Loss: 1.94090994 Accuracy: Top1: 28.6425%, Top5: 80.0955%
[Epoch 033] Time: 79.5563s | [Train] Loss: 1.93126719 Accuracy: Top1: 28.8703%, Top5: 80.5647% | [Test] Loss: 1.94105920 Accuracy: Top1: 28.6923%, Top5: 80.0358%
[Epoch 034] Time: 79.4950s | [Train] Loss: 1.93257342 Accuracy: Top1: 28.8123%, Top5: 80.5387% | [Test] Loss: 1.93608212 Accuracy: Top1: 28.3141%, Top5: 80.3842%
[Epoch 035] Time: 79.5373s | [Train] Loss: 1.92919844 Accuracy: Top1: 29.2319%, Top5: 80.6626% | [Test] Loss: 1.92601597 Accuracy: Top1: 29.3790%, Top5: 80.1652%
[Epoch 036] Time: 79.5179s | [Train] Loss: 1.92931442 Accuracy: Top1: 29.1980%, Top5: 80.6126% | [Test] Loss: 1.94409589 Accuracy: Top1: 28.2146%, Top5: 80.0358%
[Epoch 037] Time: 79.5268s | [Train] Loss: 1.92995866 Accuracy: Top1: 29.0521%, Top5: 80.6965% | [Test] Loss: 1.93653060 Accuracy: Top1: 28.5231%, Top5: 80.3344%
[Epoch 038] Time: 79.5488s | [Train] Loss: 1.92935109 Accuracy: Top1: 28.9402%, Top5: 80.5507% | [Test] Loss: 1.93677719 Accuracy: Top1: 28.8316%, Top5: 80.2846%
[Epoch 039] Time: 79.5684s | [Train] Loss: 1.92745060 Accuracy: Top1: 29.0841%, Top5: 80.6586% | [Test] Loss: 1.93241879 Accuracy: Top1: 28.7022%, Top5: 80.0856%
[Epoch 040] Time: 79.5834s | [Train] Loss: 1.92430995 Accuracy: Top1: 29.3258%, Top5: 80.6666% | [Test] Loss: 1.93271599 Accuracy: Top1: 28.7619%, Top5: 80.0159%
[Epoch 041] Time: 79.5215s | [Train] Loss: 1.92504849 Accuracy: Top1: 29.3818%, Top5: 80.6606% | [Test] Loss: 1.93111642 Accuracy: Top1: 28.8814%, Top5: 80.4140%
[Epoch 042] Time: 79.5193s | [Train] Loss: 1.92406746 Accuracy: Top1: 29.2379%, Top5: 80.8124% | [Test] Loss: 1.92469112 Accuracy: Top1: 29.0207%, Top5: 80.7524%
[Epoch 043] Time: 79.5147s | [Train] Loss: 1.91885798 Accuracy: Top1: 29.4637%, Top5: 81.0262% | [Test] Loss: 1.92538955 Accuracy: Top1: 29.1899%, Top5: 80.6031%
[Epoch 044] Time: 79.5477s | [Train] Loss: 1.91895055 Accuracy: Top1: 29.7215%, Top5: 81.0382% | [Test] Loss: 1.92543086 Accuracy: Top1: 28.7818%, Top5: 80.4439%
[Epoch 045] Time: 79.5323s | [Train] Loss: 1.91933753 Accuracy: Top1: 29.4937%, Top5: 80.8244% | [Test] Loss: 1.92242766 Accuracy: Top1: 29.2596%, Top5: 80.6429%
[Epoch 046] Time: 79.5333s | [Train] Loss: 1.91845028 Accuracy: Top1: 29.5137%, Top5: 81.0282% | [Test] Loss: 1.94216378 Accuracy: Top1: 28.4335%, Top5: 79.9164%
[Epoch 047] Time: 79.5146s | [Train] Loss: 1.92082690 Accuracy: Top1: 29.6076%, Top5: 80.8324% | [Test] Loss: 1.92350665 Accuracy: Top1: 29.2994%, Top5: 81.1903%
[Epoch 048] Time: 79.5057s | [Train] Loss: 1.91687265 Accuracy: Top1: 29.5676%, Top5: 80.9763% | [Test] Loss: 1.92245692 Accuracy: Top1: 29.4885%, Top5: 80.7822%
[Epoch 049] Time: 79.4939s | [Train] Loss: 1.91479678 Accuracy: Top1: 29.7395%, Top5: 81.1881% | [Test] Loss: 1.91961554 Accuracy: Top1: 28.9908%, Top5: 80.8021%
[Epoch 050] Time: 79.5170s | [Train] Loss: 1.91486247 Accuracy: Top1: 29.8733%, Top5: 81.0882% | [Test] Loss: 1.92042747 Accuracy: Top1: 29.2496%, Top5: 80.1055%
[Epoch 051] Time: 79.4944s | [Train] Loss: 1.91549967 Accuracy: Top1: 29.8234%, Top5: 81.0182% | [Test] Loss: 1.92331323 Accuracy: Top1: 29.3491%, Top5: 81.0012%
[Epoch 052] Time: 79.4894s | [Train] Loss: 1.91126739 Accuracy: Top1: 29.8853%, Top5: 81.2300% | [Test] Loss: 1.92664770 Accuracy: Top1: 28.8018%, Top5: 80.5334%
[Epoch 053] Time: 79.5040s | [Train] Loss: 1.91244565 Accuracy: Top1: 29.8633%, Top5: 80.9363% | [Test] Loss: 1.91747349 Accuracy: Top1: 29.1501%, Top5: 80.6827%
[Epoch 054] Time: 79.5469s | [Train] Loss: 1.91104462 Accuracy: Top1: 30.4208%, Top5: 80.8624% | [Test] Loss: 1.92049879 Accuracy: Top1: 29.3989%, Top5: 80.7723%
[Epoch 055] Time: 79.4840s | [Train] Loss: 1.91324625 Accuracy: Top1: 29.9932%, Top5: 80.9603% | [Test] Loss: 1.92791873 Accuracy: Top1: 29.0406%, Top5: 80.9116%
[Epoch 056] Time: 79.5069s | [Train] Loss: 1.91243829 Accuracy: Top1: 29.8493%, Top5: 81.1021% | [Test] Loss: 1.91860721 Accuracy: Top1: 29.4686%, Top5: 80.9017%
[Epoch 057] Time: 79.5480s | [Train] Loss: 1.90555171 Accuracy: Top1: 30.0232%, Top5: 81.3719% | [Test] Loss: 1.91026945 Accuracy: Top1: 29.1202%, Top5: 81.4490%
[Epoch 058] Time: 79.4806s | [Train] Loss: 1.90736283 Accuracy: Top1: 30.0951%, Top5: 81.0762% | [Test] Loss: 1.91658257 Accuracy: Top1: 29.1103%, Top5: 81.0808%
[Epoch 059] Time: 79.4663s | [Train] Loss: 1.90963653 Accuracy: Top1: 30.2190%, Top5: 81.0162% | [Test] Loss: 1.91863490 Accuracy: Top1: 29.3989%, Top5: 80.9514%
[Epoch 060] Time: 79.5398s | [Train] Loss: 1.90690417 Accuracy: Top1: 30.2010%, Top5: 81.1961% | [Test] Loss: 1.91679539 Accuracy: Top1: 29.4088%, Top5: 81.0111%
[Epoch 061] Time: 79.5559s | [Train] Loss: 1.90504588 Accuracy: Top1: 30.3489%, Top5: 81.2560% | [Test] Loss: 1.91845772 Accuracy: Top1: 29.4984%, Top5: 81.1206%
[Epoch 062] Time: 79.5864s | [Train] Loss: 1.90446004 Accuracy: Top1: 30.2609%, Top5: 81.2040% | [Test] Loss: 1.91984542 Accuracy: Top1: 29.3790%, Top5: 80.9415%
[Epoch 063] Time: 79.5000s | [Train] Loss: 1.90550382 Accuracy: Top1: 30.3549%, Top5: 81.2040% | [Test] Loss: 1.91434491 Accuracy: Top1: 29.6975%, Top5: 81.1306%
[Epoch 064] Time: 79.5735s | [Train] Loss: 1.90545153 Accuracy: Top1: 30.3309%, Top5: 81.2980% | [Test] Loss: 1.91558942 Accuracy: Top1: 29.3889%, Top5: 81.0211%
[Epoch 065] Time: 79.5864s | [Train] Loss: 1.90762820 Accuracy: Top1: 29.9792%, Top5: 81.3679% | [Test] Loss: 1.91359417 Accuracy: Top1: 30.0358%, Top5: 80.9415%
[Epoch 066] Time: 79.4755s | [Train] Loss: 1.90363009 Accuracy: Top1: 30.5187%, Top5: 81.3319% | [Test] Loss: 1.90994926 Accuracy: Top1: 29.8666%, Top5: 81.2998%
[Epoch 067] Time: 79.5802s | [Train] Loss: 1.90473611 Accuracy: Top1: 30.5027%, Top5: 81.3419% | [Test] Loss: 1.90659609 Accuracy: Top1: 29.4984%, Top5: 81.4291%
[Epoch 068] Time: 79.5576s | [Train] Loss: 1.90125349 Accuracy: Top1: 30.3788%, Top5: 81.3959% | [Test] Loss: 1.90833337 Accuracy: Top1: 30.1354%, Top5: 81.3794%
[Epoch 069] Time: 79.6019s | [Train] Loss: 1.90303460 Accuracy: Top1: 30.2270%, Top5: 81.5677% | [Test] Loss: 1.91313701 Accuracy: Top1: 29.9463%, Top5: 80.7424%
[Epoch 070] Time: 79.5679s | [Train] Loss: 1.90220030 Accuracy: Top1: 30.4548%, Top5: 81.3679% | [Test] Loss: 1.91175058 Accuracy: Top1: 29.6676%, Top5: 81.0609%
[Epoch 071] Time: 79.6112s | [Train] Loss: 1.89976673 Accuracy: Top1: 30.4228%, Top5: 81.5177% | [Test] Loss: 1.91365369 Accuracy: Top1: 29.7373%, Top5: 81.4291%
[Epoch 072] Time: 79.5699s | [Train] Loss: 1.90135944 Accuracy: Top1: 30.5627%, Top5: 81.1761% | [Test] Loss: 1.90683429 Accuracy: Top1: 30.0358%, Top5: 81.1704%
[Epoch 073] Time: 79.5855s | [Train] Loss: 1.90282172 Accuracy: Top1: 30.3728%, Top5: 81.4178% | [Test] Loss: 1.91037856 Accuracy: Top1: 29.9662%, Top5: 81.5287%
[Epoch 074] Time: 79.5377s | [Train] Loss: 1.90133381 Accuracy: Top1: 30.7485%, Top5: 81.1721% | [Test] Loss: 1.91259938 Accuracy: Top1: 29.3292%, Top5: 80.9116%
[Epoch 075] Time: 79.5771s | [Train] Loss: 1.89799124 Accuracy: Top1: 30.6805%, Top5: 81.5018% | [Test] Loss: 1.90248813 Accuracy: Top1: 30.1354%, Top5: 81.2799%
[Epoch 076] Time: 79.5606s | [Train] Loss: 1.89978969 Accuracy: Top1: 30.8284%, Top5: 81.3959% | [Test] Loss: 1.90941153 Accuracy: Top1: 29.7074%, Top5: 81.1803%
[Epoch 077] Time: 79.5449s | [Train] Loss: 1.89795689 Accuracy: Top1: 30.5187%, Top5: 81.3139% | [Test] Loss: 1.90946714 Accuracy: Top1: 30.0955%, Top5: 81.1007%
[Epoch 078] Time: 79.5790s | [Train] Loss: 1.89777690 Accuracy: Top1: 30.4408%, Top5: 81.5457% | [Test] Loss: 1.90690200 Accuracy: Top1: 29.8268%, Top5: 81.1604%
[Epoch 079] Time: 79.5340s | [Train] Loss: 1.89659782 Accuracy: Top1: 30.8524%, Top5: 81.5677% | [Test] Loss: 1.90614336 Accuracy: Top1: 30.1752%, Top5: 81.5983%
[Epoch 080] Time: 79.5282s | [Train] Loss: 1.89671299 Accuracy: Top1: 30.7685%, Top5: 81.6956% | [Test] Loss: 1.90706585 Accuracy: Top1: 30.1453%, Top5: 81.3296%
[Epoch 081] Time: 79.5375s | [Train] Loss: 1.89518914 Accuracy: Top1: 30.7245%, Top5: 81.6296% | [Test] Loss: 1.90310323 Accuracy: Top1: 30.1354%, Top5: 81.3993%
[Epoch 082] Time: 79.5707s | [Train] Loss: 1.89682316 Accuracy: Top1: 30.7505%, Top5: 81.3539% | [Test] Loss: 1.90590170 Accuracy: Top1: 29.7174%, Top5: 81.2102%
[Epoch 083] Time: 79.5385s | [Train] Loss: 1.89446500 Accuracy: Top1: 30.8024%, Top5: 81.5417% | [Test] Loss: 1.90542112 Accuracy: Top1: 29.9761%, Top5: 81.6182%
[Epoch 084] Time: 79.5794s | [Train] Loss: 1.89451441 Accuracy: Top1: 30.9223%, Top5: 81.5078% | [Test] Loss: 1.90296887 Accuracy: Top1: 30.3145%, Top5: 81.1206%
[Epoch 085] Time: 79.5830s | [Train] Loss: 1.89371090 Accuracy: Top1: 31.0322%, Top5: 81.7575% | [Test] Loss: 1.90027562 Accuracy: Top1: 29.7671%, Top5: 81.7576%
[Epoch 086] Time: 79.5129s | [Train] Loss: 1.89544112 Accuracy: Top1: 30.7025%, Top5: 81.5058% | [Test] Loss: 1.90438897 Accuracy: Top1: 30.0259%, Top5: 81.6979%
[Epoch 087] Time: 79.5541s | [Train] Loss: 1.89857938 Accuracy: Top1: 30.6286%, Top5: 81.3999% | [Test] Loss: 1.89915514 Accuracy: Top1: 30.1951%, Top5: 81.5187%
[Epoch 088] Time: 79.5331s | [Train] Loss: 1.89512373 Accuracy: Top1: 30.8824%, Top5: 81.5197% | [Test] Loss: 1.90132706 Accuracy: Top1: 29.5880%, Top5: 81.2500%
[Epoch 089] Time: 79.5676s | [Train] Loss: 1.89461065 Accuracy: Top1: 30.7545%, Top5: 81.5617% | [Test] Loss: 1.90209207 Accuracy: Top1: 29.9264%, Top5: 81.4391%
[Epoch 090] Time: 79.5456s | [Train] Loss: 1.89274239 Accuracy: Top1: 30.8804%, Top5: 81.6436% | [Test] Loss: 1.90371732 Accuracy: Top1: 30.3145%, Top5: 81.5585%
[Epoch 091] Time: 79.5113s | [Train] Loss: 1.89536274 Accuracy: Top1: 30.9503%, Top5: 81.4898% | [Test] Loss: 1.90260496 Accuracy: Top1: 29.8766%, Top5: 81.2500%
[Epoch 092] Time: 79.4968s | [Train] Loss: 1.89596705 Accuracy: Top1: 30.8384%, Top5: 81.3739% | [Test] Loss: 1.90204880 Accuracy: Top1: 29.9562%, Top5: 81.3296%
[Epoch 093] Time: 79.5192s | [Train] Loss: 1.89214713 Accuracy: Top1: 30.9843%, Top5: 81.4678% | [Test] Loss: 1.90504398 Accuracy: Top1: 29.6676%, Top5: 81.0211%
[Epoch 094] Time: 79.5403s | [Train] Loss: 1.89078963 Accuracy: Top1: 30.9523%, Top5: 81.8215% | [Test] Loss: 1.90309011 Accuracy: Top1: 30.3045%, Top5: 81.5187%
[Epoch 095] Time: 79.5313s | [Train] Loss: 1.89338128 Accuracy: Top1: 30.8604%, Top5: 81.5417% | [Test] Loss: 1.90493848 Accuracy: Top1: 30.1055%, Top5: 81.0609%
[Epoch 096] Time: 79.5555s | [Train] Loss: 1.89202942 Accuracy: Top1: 31.0902%, Top5: 81.6296% | [Test] Loss: 1.90582091 Accuracy: Top1: 29.6875%, Top5: 81.0311%
[Epoch 097] Time: 79.5112s | [Train] Loss: 1.89224050 Accuracy: Top1: 30.8863%, Top5: 81.5757% | [Test] Loss: 1.90702554 Accuracy: Top1: 30.2448%, Top5: 81.3097%
[Epoch 098] Time: 79.5090s | [Train] Loss: 1.89299571 Accuracy: Top1: 30.8004%, Top5: 81.7355% | [Test] Loss: 1.89853979 Accuracy: Top1: 30.5334%, Top5: 81.3396%
[Epoch 099] Time: 79.5414s | [Train] Loss: 1.89417315 Accuracy: Top1: 31.0282%, Top5: 81.4998% | [Test] Loss: 1.90438546 Accuracy: Top1: 29.3889%, Top5: 81.3794%
[Epoch 100] Time: 79.5504s | [Train] Loss: 1.89167400 Accuracy: Top1: 30.9443%, Top5: 81.6856% | [Test] Loss: 1.90140739 Accuracy: Top1: 30.0060%, Top5: 81.2998%
[Epoch 101] Time: 79.5712s | [Train] Loss: 1.89471625 Accuracy: Top1: 30.9883%, Top5: 81.6276% | [Test] Loss: 1.89740414 Accuracy: Top1: 30.4737%, Top5: 81.6580%
[Epoch 102] Time: 79.5364s | [Train] Loss: 1.89568062 Accuracy: Top1: 30.9263%, Top5: 81.5197% | [Test] Loss: 1.90355185 Accuracy: Top1: 29.8965%, Top5: 81.0012%
[Epoch 103] Time: 79.5203s | [Train] Loss: 1.88999266 Accuracy: Top1: 31.1701%, Top5: 81.6316% | [Test] Loss: 1.90692997 Accuracy: Top1: 30.0856%, Top5: 81.7377%
[Epoch 104] Time: 79.5339s | [Train] Loss: 1.88905668 Accuracy: Top1: 31.3619%, Top5: 81.8534% | [Test] Loss: 1.90482861 Accuracy: Top1: 30.1752%, Top5: 81.3794%
[Epoch 105] Time: 79.5311s | [Train] Loss: 1.88826106 Accuracy: Top1: 31.3139%, Top5: 81.7595% | [Test] Loss: 1.89878396 Accuracy: Top1: 29.9662%, Top5: 81.2898%
[Epoch 106] Time: 79.5110s | [Train] Loss: 1.89169328 Accuracy: Top1: 31.1801%, Top5: 81.6097% | [Test] Loss: 1.90777604 Accuracy: Top1: 30.5633%, Top5: 81.2002%
[Epoch 107] Time: 79.5616s | [Train] Loss: 1.89189413 Accuracy: Top1: 31.1081%, Top5: 81.5577% | [Test] Loss: 1.89662882 Accuracy: Top1: 29.9861%, Top5: 81.8073%
[Epoch 108] Time: 79.5072s | [Train] Loss: 1.88887792 Accuracy: Top1: 30.9803%, Top5: 81.6876% | [Test] Loss: 1.90275257 Accuracy: Top1: 30.1354%, Top5: 81.2102%
[Epoch 109] Time: 79.5520s | [Train] Loss: 1.89035370 Accuracy: Top1: 31.0702%, Top5: 81.6456% | [Test] Loss: 1.90004643 Accuracy: Top1: 29.8069%, Top5: 81.1306%
[Epoch 110] Time: 79.5670s | [Train] Loss: 1.89105048 Accuracy: Top1: 31.2780%, Top5: 81.5737% | [Test] Loss: 1.89534737 Accuracy: Top1: 29.7074%, Top5: 81.6779%
[Epoch 111] Time: 79.4722s | [Train] Loss: 1.89301986 Accuracy: Top1: 30.8684%, Top5: 81.7555% | [Test] Loss: 1.89722802 Accuracy: Top1: 30.2448%, Top5: 81.5983%
[Epoch 112] Time: 79.5632s | [Train] Loss: 1.88788453 Accuracy: Top1: 31.1341%, Top5: 81.6636% | [Test] Loss: 1.89525926 Accuracy: Top1: 29.9662%, Top5: 81.5884%
[Epoch 113] Time: 79.4865s | [Train] Loss: 1.89106664 Accuracy: Top1: 31.2380%, Top5: 81.5637% | [Test] Loss: 1.89724217 Accuracy: Top1: 30.2349%, Top5: 81.5585%
[Epoch 114] Time: 79.5202s | [Train] Loss: 1.89255717 Accuracy: Top1: 30.9163%, Top5: 81.6256% | [Test] Loss: 1.89925955 Accuracy: Top1: 30.2448%, Top5: 81.5486%
[Epoch 115] Time: 79.4668s | [Train] Loss: 1.88850502 Accuracy: Top1: 31.2960%, Top5: 81.7116% | [Test] Loss: 1.89896789 Accuracy: Top1: 30.2249%, Top5: 81.9268%
[Epoch 116] Time: 79.5366s | [Train] Loss: 1.89089768 Accuracy: Top1: 30.9403%, Top5: 81.4278% | [Test] Loss: 1.90107476 Accuracy: Top1: 30.0060%, Top5: 81.3097%
[Epoch 117] Time: 79.4878s | [Train] Loss: 1.88936346 Accuracy: Top1: 31.0922%, Top5: 81.6516% | [Test] Loss: 1.90256898 Accuracy: Top1: 29.7771%, Top5: 81.5784%
[Epoch 118] Time: 79.5311s | [Train] Loss: 1.88967395 Accuracy: Top1: 31.0222%, Top5: 81.7995% | [Test] Loss: 1.89617606 Accuracy: Top1: 30.6529%, Top5: 81.5884%
[Epoch 119] Time: 79.5857s | [Train] Loss: 1.89088568 Accuracy: Top1: 31.0202%, Top5: 81.7136% | [Test] Loss: 1.89962388 Accuracy: Top1: 30.1453%, Top5: 81.1903%
[Epoch 120] Time: 79.5309s | [Train] Loss: 1.88826144 Accuracy: Top1: 31.4818%, Top5: 81.7215% | [Test] Loss: 1.90075173 Accuracy: Top1: 30.1055%, Top5: 81.3595%
[Epoch 121] Time: 79.5099s | [Train] Loss: 1.88928245 Accuracy: Top1: 31.0482%, Top5: 81.7315% | [Test] Loss: 1.89815048 Accuracy: Top1: 30.0856%, Top5: 81.6182%
[Epoch 122] Time: 79.5272s | [Train] Loss: 1.88968887 Accuracy: Top1: 30.7645%, Top5: 81.9333% | [Test] Loss: 1.89609245 Accuracy: Top1: 30.2349%, Top5: 81.2400%
[Epoch 123] Time: 79.5085s | [Train] Loss: 1.88825241 Accuracy: Top1: 31.4178%, Top5: 81.9313% | [Test] Loss: 1.89406792 Accuracy: Top1: 30.0259%, Top5: 81.8670%
[Epoch 124] Time: 79.5340s | [Train] Loss: 1.88675060 Accuracy: Top1: 31.4598%, Top5: 81.9234% | [Test] Loss: 1.89655780 Accuracy: Top1: 29.7870%, Top5: 81.6779%
[Epoch 125] Time: 79.5081s | [Train] Loss: 1.88816691 Accuracy: Top1: 31.4218%, Top5: 81.9154% | [Test] Loss: 1.89389179 Accuracy: Top1: 30.6529%, Top5: 81.5187%
[Epoch 126] Time: 79.5030s | [Train] Loss: 1.88472436 Accuracy: Top1: 31.5137%, Top5: 81.8954% | [Test] Loss: 1.90270396 Accuracy: Top1: 30.3145%, Top5: 81.5187%
[Epoch 127] Time: 79.4995s | [Train] Loss: 1.88711846 Accuracy: Top1: 31.4358%, Top5: 81.9493% | [Test] Loss: 1.89651762 Accuracy: Top1: 30.2050%, Top5: 81.8670%
[Epoch 128] Time: 79.5137s | [Train] Loss: 1.89213423 Accuracy: Top1: 31.0522%, Top5: 81.6156% | [Test] Loss: 1.90163225 Accuracy: Top1: 30.1553%, Top5: 81.4889%
[Epoch 129] Time: 79.4899s | [Train] Loss: 1.88702216 Accuracy: Top1: 31.3399%, Top5: 81.7475% | [Test] Loss: 1.89392801 Accuracy: Top1: 29.8567%, Top5: 81.5287%
[Epoch 130] Time: 79.5171s | [Train] Loss: 1.88704201 Accuracy: Top1: 31.2400%, Top5: 81.7695% | [Test] Loss: 1.89635885 Accuracy: Top1: 30.1453%, Top5: 81.7078%
[Epoch 131] Time: 79.4380s | [Train] Loss: 1.88898664 Accuracy: Top1: 30.8923%, Top5: 81.7575% | [Test] Loss: 1.89397696 Accuracy: Top1: 30.7026%, Top5: 81.3694%
[Epoch 132] Time: 79.4927s | [Train] Loss: 1.88902472 Accuracy: Top1: 31.1381%, Top5: 81.6576% | [Test] Loss: 1.89847640 Accuracy: Top1: 29.5979%, Top5: 81.8471%
[Epoch 133] Time: 79.5108s | [Train] Loss: 1.88581309 Accuracy: Top1: 31.3699%, Top5: 81.8814% | [Test] Loss: 1.89601392 Accuracy: Top1: 29.7074%, Top5: 81.3794%
[Epoch 134] Time: 79.4834s | [Train] Loss: 1.88847092 Accuracy: Top1: 31.2160%, Top5: 81.7555% | [Test] Loss: 1.89251248 Accuracy: Top1: 30.1354%, Top5: 81.8173%
[Epoch 135] Time: 79.5370s | [Train] Loss: 1.88334019 Accuracy: Top1: 31.6176%, Top5: 81.8015% | [Test] Loss: 1.90111919 Accuracy: Top1: 30.0557%, Top5: 81.1405%
[Epoch 136] Time: 79.5434s | [Train] Loss: 1.88420705 Accuracy: Top1: 31.2720%, Top5: 81.8215% | [Test] Loss: 1.89138875 Accuracy: Top1: 30.1254%, Top5: 81.6381%
[Epoch 137] Time: 79.4695s | [Train] Loss: 1.88569719 Accuracy: Top1: 31.3059%, Top5: 81.7695% | [Test] Loss: 1.89784922 Accuracy: Top1: 30.0358%, Top5: 81.5386%
[Epoch 138] Time: 79.5672s | [Train] Loss: 1.88794381 Accuracy: Top1: 31.1601%, Top5: 81.8035% | [Test] Loss: 1.89206078 Accuracy: Top1: 30.0358%, Top5: 82.1258%
[Epoch 139] Time: 79.5422s | [Train] Loss: 1.88621382 Accuracy: Top1: 31.2680%, Top5: 81.8454% | [Test] Loss: 1.89478725 Accuracy: Top1: 30.1453%, Top5: 81.7775%
[Epoch 140] Time: 79.5287s | [Train] Loss: 1.88705706 Accuracy: Top1: 31.3239%, Top5: 81.6896% | [Test] Loss: 1.90273463 Accuracy: Top1: 29.8169%, Top5: 81.2102%
[Epoch 141] Time: 79.5245s | [Train] Loss: 1.88601874 Accuracy: Top1: 31.2980%, Top5: 81.8914% | [Test] Loss: 1.89271277 Accuracy: Top1: 30.0159%, Top5: 81.5884%
[Epoch 142] Time: 79.4878s | [Train] Loss: 1.88472652 Accuracy: Top1: 31.1321%, Top5: 81.9693% | [Test] Loss: 1.89862553 Accuracy: Top1: 30.0557%, Top5: 81.2699%
[Epoch 143] Time: 79.5006s | [Train] Loss: 1.88826887 Accuracy: Top1: 30.9283%, Top5: 81.7355% | [Test] Loss: 1.89720291 Accuracy: Top1: 30.3443%, Top5: 81.2799%
[Epoch 144] Time: 79.5530s | [Train] Loss: 1.88412349 Accuracy: Top1: 31.3699%, Top5: 81.9493% | [Test] Loss: 1.89245351 Accuracy: Top1: 30.4240%, Top5: 81.5884%
[Epoch 145] Time: 79.5184s | [Train] Loss: 1.88453505 Accuracy: Top1: 31.4418%, Top5: 81.8434% | [Test] Loss: 1.88761518 Accuracy: Top1: 30.1652%, Top5: 81.9467%
[Epoch 146] Time: 79.5880s | [Train] Loss: 1.88623165 Accuracy: Top1: 31.1061%, Top5: 81.9573% | [Test] Loss: 1.89072990 Accuracy: Top1: 30.6230%, Top5: 82.0263%
[Epoch 147] Time: 79.5430s | [Train] Loss: 1.88599175 Accuracy: Top1: 31.3219%, Top5: 81.9713% | [Test] Loss: 1.90055540 Accuracy: Top1: 30.0060%, Top5: 81.2898%
[Epoch 148] Time: 79.4997s | [Train] Loss: 1.88853224 Accuracy: Top1: 31.2940%, Top5: 81.6656% | [Test] Loss: 1.89321300 Accuracy: Top1: 30.4638%, Top5: 81.5685%
[Epoch 149] Time: 79.5345s | [Train] Loss: 1.88627935 Accuracy: Top1: 31.1901%, Top5: 81.6476% | [Test] Loss: 1.89205932 Accuracy: Top1: 30.6429%, Top5: 82.2552%
[Epoch 150] Time: 79.4814s | [Train] Loss: 1.88566367 Accuracy: Top1: 31.3639%, Top5: 81.8814% | [Test] Loss: 1.89319261 Accuracy: Top1: 30.2846%, Top5: 81.8571%
Checking arguments based on the model...
Files already downloaded and verified
Upscale transform not defined. Skipping dataset upscale.
Model: All Convolutional Network ConvNN
Total Parameters: 826
Trainable Parameters: 826
[Epoch 001] Time: 45.3865s | [Train] Loss: 2.25089702 Accuracy: Top1: 15.5711%, Top5: 62.4640% | [Test] Loss: 2.17066170 Accuracy: Top1: 18.3519%, Top5: 69.6258%
