Checking arguments based on the model...
Files already downloaded and verified
Upscale transform not defined. Skipping dataset upscale.
Model: All Convolutional Network ConvNN
Total Parameters: 7722
Trainable Parameters: 7722
[Epoch 001] Time: 84.0477s | [Train] Loss: 2.11333163 Accuracy: Top1: 22.4944%, Top5: 70.8879% | [Test] Loss: 1.94338021 Accuracy: Top1: 31.1405%, Top5: 81.0709%
[Epoch 002] Time: 84.1396s | [Train] Loss: 1.97658649 Accuracy: Top1: 27.7494%, Top5: 78.2169% | [Test] Loss: 1.88655187 Accuracy: Top1: 32.0661%, Top5: 82.4244%
[Epoch 003] Time: 84.1436s | [Train] Loss: 1.93086017 Accuracy: Top1: 29.7954%, Top5: 79.8893% | [Test] Loss: 1.82187032 Accuracy: Top1: 35.6489%, Top5: 84.7034%
[Epoch 004] Time: 84.1806s | [Train] Loss: 1.89782293 Accuracy: Top1: 31.0402%, Top5: 80.7765% | [Test] Loss: 1.80259792 Accuracy: Top1: 35.1712%, Top5: 85.1911%
[Epoch 005] Time: 84.1926s | [Train] Loss: 1.88013029 Accuracy: Top1: 31.6236%, Top5: 81.4398% | [Test] Loss: 1.76621191 Accuracy: Top1: 36.4351%, Top5: 86.0470%
[Epoch 006] Time: 84.1763s | [Train] Loss: 1.85602529 Accuracy: Top1: 32.6187%, Top5: 82.1731% | [Test] Loss: 1.76011738 Accuracy: Top1: 37.2811%, Top5: 86.5048%
[Epoch 007] Time: 84.1545s | [Train] Loss: 1.84806927 Accuracy: Top1: 32.9763%, Top5: 82.2131% | [Test] Loss: 1.77412471 Accuracy: Top1: 36.4053%, Top5: 86.5645%
[Epoch 008] Time: 84.1582s | [Train] Loss: 1.83826743 Accuracy: Top1: 33.4219%, Top5: 82.5368% | [Test] Loss: 1.73378561 Accuracy: Top1: 37.4403%, Top5: 87.0322%
[Epoch 009] Time: 84.1595s | [Train] Loss: 1.82376234 Accuracy: Top1: 33.7916%, Top5: 83.0323% | [Test] Loss: 1.72784952 Accuracy: Top1: 37.4403%, Top5: 86.6043%
[Epoch 010] Time: 84.1520s | [Train] Loss: 1.81242463 Accuracy: Top1: 34.1073%, Top5: 83.2581% | [Test] Loss: 1.71126734 Accuracy: Top1: 38.5450%, Top5: 87.7687%
[Epoch 011] Time: 84.1491s | [Train] Loss: 1.80862748 Accuracy: Top1: 34.3091%, Top5: 83.3680% | [Test] Loss: 1.71381137 Accuracy: Top1: 37.7986%, Top5: 87.0422%
[Epoch 012] Time: 84.1832s | [Train] Loss: 1.79411965 Accuracy: Top1: 34.7426%, Top5: 83.7336% | [Test] Loss: 1.69640657 Accuracy: Top1: 39.2615%, Top5: 88.1170%
[Epoch 013] Time: 84.2000s | [Train] Loss: 1.78652471 Accuracy: Top1: 35.1463%, Top5: 84.0673% | [Test] Loss: 1.69406299 Accuracy: Top1: 38.6943%, Top5: 87.4403%
[Epoch 014] Time: 84.1620s | [Train] Loss: 1.78503425 Accuracy: Top1: 35.5639%, Top5: 83.8335% | [Test] Loss: 1.66899984 Accuracy: Top1: 40.0975%, Top5: 88.3360%
[Epoch 015] Time: 84.1284s | [Train] Loss: 1.77588287 Accuracy: Top1: 35.8236%, Top5: 84.2591% | [Test] Loss: 1.67664679 Accuracy: Top1: 39.9283%, Top5: 87.9279%
[Epoch 016] Time: 84.1826s | [Train] Loss: 1.76498143 Accuracy: Top1: 36.1073%, Top5: 84.6507% | [Test] Loss: 1.67043031 Accuracy: Top1: 40.0776%, Top5: 88.2464%
[Epoch 017] Time: 84.1439s | [Train] Loss: 1.75763546 Accuracy: Top1: 36.4970%, Top5: 84.5768% | [Test] Loss: 1.65996183 Accuracy: Top1: 40.6947%, Top5: 88.9829%
[Epoch 018] Time: 84.1759s | [Train] Loss: 1.75185519 Accuracy: Top1: 36.9745%, Top5: 84.7706% | [Test] Loss: 1.65448811 Accuracy: Top1: 41.0430%, Top5: 88.7440%
[Epoch 019] Time: 84.1815s | [Train] Loss: 1.74468780 Accuracy: Top1: 37.0065%, Top5: 85.1543% | [Test] Loss: 1.63867252 Accuracy: Top1: 41.4411%, Top5: 88.6047%
[Epoch 020] Time: 84.1525s | [Train] Loss: 1.74270965 Accuracy: Top1: 37.4301%, Top5: 84.9984% | [Test] Loss: 1.64847600 Accuracy: Top1: 40.8937%, Top5: 88.8137%
[Epoch 021] Time: 84.1582s | [Train] Loss: 1.73365900 Accuracy: Top1: 37.6718%, Top5: 85.4160% | [Test] Loss: 1.65219969 Accuracy: Top1: 41.2221%, Top5: 88.6246%
[Epoch 022] Time: 84.1288s | [Train] Loss: 1.73054942 Accuracy: Top1: 37.9356%, Top5: 85.4400% | [Test] Loss: 1.64360226 Accuracy: Top1: 41.5506%, Top5: 88.9729%
[Epoch 023] Time: 84.1393s | [Train] Loss: 1.72610626 Accuracy: Top1: 38.0675%, Top5: 85.4540% | [Test] Loss: 1.62836537 Accuracy: Top1: 42.1278%, Top5: 88.9232%
[Epoch 024] Time: 84.1333s | [Train] Loss: 1.72468212 Accuracy: Top1: 37.9456%, Top5: 85.4400% | [Test] Loss: 1.64500240 Accuracy: Top1: 40.7942%, Top5: 88.5748%
[Epoch 025] Time: 84.1181s | [Train] Loss: 1.72180151 Accuracy: Top1: 38.1594%, Top5: 85.5699% | [Test] Loss: 1.61980839 Accuracy: Top1: 42.3965%, Top5: 89.3312%
[Epoch 026] Time: 84.1266s | [Train] Loss: 1.71421785 Accuracy: Top1: 38.4711%, Top5: 85.7557% | [Test] Loss: 1.61875013 Accuracy: Top1: 42.4861%, Top5: 89.5502%
[Epoch 027] Time: 84.1127s | [Train] Loss: 1.71428336 Accuracy: Top1: 38.4471%, Top5: 85.5279% | [Test] Loss: 1.60997887 Accuracy: Top1: 43.0135%, Top5: 89.5303%
[Epoch 028] Time: 84.1369s | [Train] Loss: 1.70649618 Accuracy: Top1: 38.5450%, Top5: 86.0654% | [Test] Loss: 1.60634606 Accuracy: Top1: 42.8145%, Top5: 89.3909%
[Epoch 029] Time: 84.1357s | [Train] Loss: 1.70669197 Accuracy: Top1: 38.7148%, Top5: 85.7996% | [Test] Loss: 1.60855902 Accuracy: Top1: 43.0932%, Top5: 89.1322%
[Epoch 030] Time: 84.1575s | [Train] Loss: 1.70487316 Accuracy: Top1: 38.6649%, Top5: 85.8796% | [Test] Loss: 1.59401790 Accuracy: Top1: 43.7799%, Top5: 89.5999%
[Epoch 031] Time: 84.1203s | [Train] Loss: 1.70092182 Accuracy: Top1: 38.8507%, Top5: 85.9275% | [Test] Loss: 1.59593742 Accuracy: Top1: 43.2723%, Top5: 89.7791%
[Epoch 032] Time: 84.1284s | [Train] Loss: 1.69963031 Accuracy: Top1: 38.9346%, Top5: 85.9315% | [Test] Loss: 1.61066791 Accuracy: Top1: 43.3021%, Top5: 88.6943%
[Epoch 033] Time: 84.1086s | [Train] Loss: 1.69294443 Accuracy: Top1: 38.9286%, Top5: 86.1793% | [Test] Loss: 1.59680477 Accuracy: Top1: 43.5609%, Top5: 89.6497%
[Epoch 034] Time: 84.1412s | [Train] Loss: 1.69058348 Accuracy: Top1: 39.1404%, Top5: 86.2612% | [Test] Loss: 1.58676618 Accuracy: Top1: 43.7201%, Top5: 89.6298%
[Epoch 035] Time: 84.1335s | [Train] Loss: 1.68785998 Accuracy: Top1: 39.3203%, Top5: 86.3151% | [Test] Loss: 1.59176014 Accuracy: Top1: 43.4614%, Top5: 89.9383%
[Epoch 036] Time: 84.1242s | [Train] Loss: 1.68451112 Accuracy: Top1: 39.2783%, Top5: 86.2072% | [Test] Loss: 1.59227467 Accuracy: Top1: 43.8794%, Top5: 89.6596%
[Epoch 037] Time: 84.1072s | [Train] Loss: 1.68555877 Accuracy: Top1: 39.2443%, Top5: 86.2912% | [Test] Loss: 1.58276942 Accuracy: Top1: 43.7500%, Top5: 89.7592%
[Epoch 038] Time: 84.1328s | [Train] Loss: 1.68633606 Accuracy: Top1: 39.2663%, Top5: 86.3231% | [Test] Loss: 1.58660206 Accuracy: Top1: 43.3818%, Top5: 89.8487%
[Epoch 039] Time: 84.1397s | [Train] Loss: 1.67711181 Accuracy: Top1: 39.4781%, Top5: 86.4770% | [Test] Loss: 1.58429047 Accuracy: Top1: 44.0088%, Top5: 89.6099%
[Epoch 040] Time: 84.1105s | [Train] Loss: 1.67814965 Accuracy: Top1: 39.5420%, Top5: 86.2612% | [Test] Loss: 1.59009407 Accuracy: Top1: 43.6505%, Top5: 90.0776%
[Epoch 041] Time: 84.1040s | [Train] Loss: 1.67800625 Accuracy: Top1: 39.4461%, Top5: 86.3871% | [Test] Loss: 1.57691939 Accuracy: Top1: 44.4068%, Top5: 89.7592%
[Epoch 042] Time: 84.1254s | [Train] Loss: 1.67797729 Accuracy: Top1: 39.3063%, Top5: 86.2572% | [Test] Loss: 1.58483627 Accuracy: Top1: 44.4168%, Top5: 90.1473%
[Epoch 043] Time: 84.1239s | [Train] Loss: 1.67098469 Accuracy: Top1: 40.1035%, Top5: 86.5809% | [Test] Loss: 1.57907617 Accuracy: Top1: 43.9092%, Top5: 89.7990%
[Epoch 044] Time: 84.1097s | [Train] Loss: 1.67083570 Accuracy: Top1: 39.8537%, Top5: 86.5829% | [Test] Loss: 1.57772965 Accuracy: Top1: 44.1083%, Top5: 90.1274%
[Epoch 045] Time: 84.1201s | [Train] Loss: 1.67228805 Accuracy: Top1: 39.9217%, Top5: 86.4031% | [Test] Loss: 1.57040333 Accuracy: Top1: 43.8396%, Top5: 90.0677%
[Epoch 046] Time: 84.1003s | [Train] Loss: 1.67156667 Accuracy: Top1: 39.8757%, Top5: 86.6988% | [Test] Loss: 1.57158892 Accuracy: Top1: 44.2974%, Top5: 90.0677%
[Epoch 047] Time: 84.1422s | [Train] Loss: 1.66730552 Accuracy: Top1: 39.7938%, Top5: 86.6728% | [Test] Loss: 1.57941289 Accuracy: Top1: 43.6903%, Top5: 89.8288%
[Epoch 048] Time: 84.0942s | [Train] Loss: 1.66315059 Accuracy: Top1: 40.3213%, Top5: 86.8386% | [Test] Loss: 1.57619729 Accuracy: Top1: 43.9391%, Top5: 89.8089%
[Epoch 049] Time: 84.1343s | [Train] Loss: 1.66323828 Accuracy: Top1: 40.4092%, Top5: 86.7867% | [Test] Loss: 1.56558165 Accuracy: Top1: 44.8945%, Top5: 90.1274%
[Epoch 050] Time: 84.0827s | [Train] Loss: 1.66050274 Accuracy: Top1: 40.1734%, Top5: 86.7327% | [Test] Loss: 1.56211544 Accuracy: Top1: 44.5362%, Top5: 89.8089%
[Epoch 051] Time: 84.1120s | [Train] Loss: 1.65981743 Accuracy: Top1: 40.1714%, Top5: 86.8127% | [Test] Loss: 1.56262346 Accuracy: Top1: 44.7850%, Top5: 89.8587%
[Epoch 052] Time: 84.1193s | [Train] Loss: 1.66249696 Accuracy: Top1: 39.8597%, Top5: 86.9365% | [Test] Loss: 1.56058909 Accuracy: Top1: 44.7651%, Top5: 90.1672%
[Epoch 053] Time: 84.1174s | [Train] Loss: 1.65761518 Accuracy: Top1: 40.2534%, Top5: 86.9445% | [Test] Loss: 1.55931242 Accuracy: Top1: 44.7552%, Top5: 90.3563%
[Epoch 054] Time: 84.1136s | [Train] Loss: 1.65431385 Accuracy: Top1: 40.4791%, Top5: 87.0444% | [Test] Loss: 1.55360964 Accuracy: Top1: 44.8746%, Top5: 90.1274%
[Epoch 055] Time: 84.1038s | [Train] Loss: 1.65329594 Accuracy: Top1: 40.4831%, Top5: 87.0125% | [Test] Loss: 1.55150989 Accuracy: Top1: 44.5959%, Top5: 90.2369%
[Epoch 056] Time: 84.1249s | [Train] Loss: 1.65627784 Accuracy: Top1: 40.5091%, Top5: 86.8526% | [Test] Loss: 1.55367397 Accuracy: Top1: 44.6855%, Top5: 90.2468%
[Epoch 057] Time: 84.1283s | [Train] Loss: 1.65473150 Accuracy: Top1: 40.3952%, Top5: 87.0065% | [Test] Loss: 1.56210771 Accuracy: Top1: 44.6955%, Top5: 90.1971%
[Epoch 058] Time: 84.1052s | [Train] Loss: 1.65130141 Accuracy: Top1: 40.5171%, Top5: 86.9385% | [Test] Loss: 1.55469664 Accuracy: Top1: 44.6557%, Top5: 90.1672%
[Epoch 059] Time: 84.1311s | [Train] Loss: 1.65140635 Accuracy: Top1: 40.4152%, Top5: 87.0884% | [Test] Loss: 1.55490170 Accuracy: Top1: 44.7950%, Top5: 90.2866%
[Epoch 060] Time: 84.1064s | [Train] Loss: 1.64941102 Accuracy: Top1: 40.6370%, Top5: 87.0285% | [Test] Loss: 1.55066030 Accuracy: Top1: 44.8746%, Top5: 90.3662%
[Epoch 061] Time: 84.1362s | [Train] Loss: 1.64627059 Accuracy: Top1: 40.7029%, Top5: 87.1483% | [Test] Loss: 1.57015059 Accuracy: Top1: 44.0685%, Top5: 90.2369%
[Epoch 062] Time: 84.1368s | [Train] Loss: 1.64593469 Accuracy: Top1: 40.5990%, Top5: 87.2402% | [Test] Loss: 1.54741687 Accuracy: Top1: 44.6258%, Top5: 90.4857%
[Epoch 063] Time: 84.1207s | [Train] Loss: 1.64798790 Accuracy: Top1: 40.4891%, Top5: 87.0125% | [Test] Loss: 1.55368687 Accuracy: Top1: 44.5163%, Top5: 90.0876%
[Epoch 064] Time: 84.1594s | [Train] Loss: 1.64604131 Accuracy: Top1: 40.8648%, Top5: 87.1064% | [Test] Loss: 1.55307243 Accuracy: Top1: 44.8248%, Top5: 90.2369%
[Epoch 065] Time: 84.1345s | [Train] Loss: 1.64462225 Accuracy: Top1: 40.8808%, Top5: 87.3162% | [Test] Loss: 1.55004050 Accuracy: Top1: 44.5462%, Top5: 90.5155%
[Epoch 066] Time: 84.0981s | [Train] Loss: 1.64513457 Accuracy: Top1: 40.9327%, Top5: 87.2323% | [Test] Loss: 1.55564997 Accuracy: Top1: 44.6955%, Top5: 90.1174%
[Epoch 067] Time: 84.1207s | [Train] Loss: 1.64345802 Accuracy: Top1: 40.6410%, Top5: 87.3641% | [Test] Loss: 1.54726316 Accuracy: Top1: 44.6557%, Top5: 90.3165%
[Epoch 068] Time: 84.1286s | [Train] Loss: 1.63809165 Accuracy: Top1: 41.1105%, Top5: 87.4201% | [Test] Loss: 1.54553869 Accuracy: Top1: 44.7950%, Top5: 90.3662%
[Epoch 069] Time: 84.1331s | [Train] Loss: 1.63849009 Accuracy: Top1: 40.9467%, Top5: 87.3182% | [Test] Loss: 1.54434833 Accuracy: Top1: 45.3623%, Top5: 90.3264%
[Epoch 070] Time: 84.1216s | [Train] Loss: 1.64081628 Accuracy: Top1: 40.9287%, Top5: 87.3402% | [Test] Loss: 1.54832690 Accuracy: Top1: 44.9244%, Top5: 90.3065%
[Epoch 071] Time: 84.1060s | [Train] Loss: 1.63857341 Accuracy: Top1: 41.0046%, Top5: 87.4720% | [Test] Loss: 1.54864370 Accuracy: Top1: 44.6357%, Top5: 90.1174%
[Epoch 072] Time: 84.1293s | [Train] Loss: 1.63801100 Accuracy: Top1: 40.9127%, Top5: 87.3242% | [Test] Loss: 1.54973425 Accuracy: Top1: 44.9443%, Top5: 90.4459%
[Epoch 073] Time: 84.1732s | [Train] Loss: 1.63569815 Accuracy: Top1: 40.9727%, Top5: 87.2862% | [Test] Loss: 1.54300475 Accuracy: Top1: 45.0736%, Top5: 90.7046%
[Epoch 074] Time: 84.1080s | [Train] Loss: 1.63914776 Accuracy: Top1: 40.7848%, Top5: 87.1803% | [Test] Loss: 1.54374797 Accuracy: Top1: 45.0936%, Top5: 90.5354%
[Epoch 075] Time: 84.1021s | [Train] Loss: 1.63761282 Accuracy: Top1: 41.0526%, Top5: 87.2502% | [Test] Loss: 1.54120725 Accuracy: Top1: 45.3523%, Top5: 90.5653%
[Epoch 076] Time: 84.1293s | [Train] Loss: 1.63464405 Accuracy: Top1: 41.3643%, Top5: 87.5919% | [Test] Loss: 1.54287662 Accuracy: Top1: 45.3025%, Top5: 90.3762%
[Epoch 077] Time: 84.1551s | [Train] Loss: 1.63693662 Accuracy: Top1: 41.1205%, Top5: 87.1963% | [Test] Loss: 1.54737007 Accuracy: Top1: 45.1931%, Top5: 90.7544%
[Epoch 078] Time: 84.0954s | [Train] Loss: 1.63577721 Accuracy: Top1: 41.2204%, Top5: 87.2283% | [Test] Loss: 1.54047806 Accuracy: Top1: 45.0438%, Top5: 90.4558%
[Epoch 079] Time: 84.1433s | [Train] Loss: 1.63672848 Accuracy: Top1: 41.3303%, Top5: 87.3382% | [Test] Loss: 1.53701645 Accuracy: Top1: 45.0736%, Top5: 90.5951%
[Epoch 080] Time: 84.1393s | [Train] Loss: 1.63412964 Accuracy: Top1: 41.1505%, Top5: 87.2862% | [Test] Loss: 1.54111997 Accuracy: Top1: 45.0637%, Top5: 90.4160%
[Epoch 081] Time: 84.1256s | [Train] Loss: 1.63680479 Accuracy: Top1: 41.1345%, Top5: 87.1943% | [Test] Loss: 1.54756142 Accuracy: Top1: 45.1135%, Top5: 90.4160%
[Epoch 082] Time: 84.1472s | [Train] Loss: 1.63507418 Accuracy: Top1: 41.0566%, Top5: 87.3681% | [Test] Loss: 1.53866011 Accuracy: Top1: 45.5414%, Top5: 90.6449%
[Epoch 083] Time: 84.1409s | [Train] Loss: 1.62888874 Accuracy: Top1: 41.5261%, Top5: 87.3961% | [Test] Loss: 1.53888315 Accuracy: Top1: 45.2229%, Top5: 90.4857%
[Epoch 084] Time: 84.1296s | [Train] Loss: 1.62929275 Accuracy: Top1: 41.1805%, Top5: 87.5719% | [Test] Loss: 1.53734579 Accuracy: Top1: 45.3722%, Top5: 90.6847%
[Epoch 085] Time: 84.1230s | [Train] Loss: 1.62765236 Accuracy: Top1: 41.3903%, Top5: 87.7438% | [Test] Loss: 1.53712360 Accuracy: Top1: 45.3424%, Top5: 90.6648%
[Epoch 086] Time: 84.1160s | [Train] Loss: 1.62645181 Accuracy: Top1: 41.3803%, Top5: 87.6119% | [Test] Loss: 1.53554411 Accuracy: Top1: 45.1831%, Top5: 90.8041%
[Epoch 087] Time: 84.1376s | [Train] Loss: 1.63066330 Accuracy: Top1: 41.3703%, Top5: 87.4201% | [Test] Loss: 1.53646831 Accuracy: Top1: 45.1732%, Top5: 90.6051%
[Epoch 088] Time: 84.1395s | [Train] Loss: 1.63052346 Accuracy: Top1: 41.5361%, Top5: 87.4461% | [Test] Loss: 1.53522500 Accuracy: Top1: 45.5016%, Top5: 90.6449%
[Epoch 089] Time: 84.1175s | [Train] Loss: 1.62707268 Accuracy: Top1: 41.4102%, Top5: 87.5340% | [Test] Loss: 1.53943075 Accuracy: Top1: 45.1135%, Top5: 90.6051%
[Epoch 090] Time: 84.1080s | [Train] Loss: 1.62617219 Accuracy: Top1: 41.8019%, Top5: 87.7018% | [Test] Loss: 1.53737436 Accuracy: Top1: 45.2727%, Top5: 90.4658%
[Epoch 091] Time: 84.1013s | [Train] Loss: 1.62586578 Accuracy: Top1: 41.5082%, Top5: 87.6559% | [Test] Loss: 1.53198304 Accuracy: Top1: 45.4518%, Top5: 90.5852%
[Epoch 092] Time: 84.1446s | [Train] Loss: 1.62520215 Accuracy: Top1: 41.4402%, Top5: 87.7757% | [Test] Loss: 1.53559838 Accuracy: Top1: 45.1931%, Top5: 90.5852%
[Epoch 093] Time: 84.1425s | [Train] Loss: 1.62813312 Accuracy: Top1: 41.2624%, Top5: 87.4041% | [Test] Loss: 1.53223776 Accuracy: Top1: 45.3921%, Top5: 90.6847%
[Epoch 094] Time: 84.1162s | [Train] Loss: 1.62570350 Accuracy: Top1: 41.4702%, Top5: 87.4361% | [Test] Loss: 1.53425700 Accuracy: Top1: 45.4618%, Top5: 90.5056%
[Epoch 095] Time: 84.1307s | [Train] Loss: 1.62791209 Accuracy: Top1: 41.4602%, Top5: 87.4101% | [Test] Loss: 1.53301843 Accuracy: Top1: 45.5215%, Top5: 90.6748%
[Epoch 096] Time: 84.1328s | [Train] Loss: 1.62594867 Accuracy: Top1: 41.5022%, Top5: 87.6459% | [Test] Loss: 1.53085529 Accuracy: Top1: 45.4419%, Top5: 90.6847%
[Epoch 097] Time: 84.1442s | [Train] Loss: 1.62559210 Accuracy: Top1: 41.5241%, Top5: 87.6039% | [Test] Loss: 1.53408576 Accuracy: Top1: 45.5314%, Top5: 90.5653%
[Epoch 098] Time: 84.1051s | [Train] Loss: 1.62595704 Accuracy: Top1: 41.7100%, Top5: 87.4321% | [Test] Loss: 1.53568598 Accuracy: Top1: 45.4419%, Top5: 90.6947%
[Epoch 099] Time: 84.1268s | [Train] Loss: 1.62681606 Accuracy: Top1: 41.5541%, Top5: 87.6798% | [Test] Loss: 1.53385980 Accuracy: Top1: 45.6807%, Top5: 90.6748%
[Epoch 100] Time: 84.1532s | [Train] Loss: 1.63013081 Accuracy: Top1: 41.3963%, Top5: 87.4680% | [Test] Loss: 1.53480992 Accuracy: Top1: 45.3225%, Top5: 90.8439%
[Epoch 101] Time: 84.1569s | [Train] Loss: 1.62295098 Accuracy: Top1: 41.7199%, Top5: 87.6958% | [Test] Loss: 1.53017681 Accuracy: Top1: 45.4518%, Top5: 90.6549%
[Epoch 102] Time: 84.1343s | [Train] Loss: 1.62879940 Accuracy: Top1: 41.3563%, Top5: 87.6299% | [Test] Loss: 1.53388349 Accuracy: Top1: 45.2229%, Top5: 90.7544%
[Epoch 103] Time: 84.1218s | [Train] Loss: 1.61737736 Accuracy: Top1: 41.9657%, Top5: 87.7138% | [Test] Loss: 1.52871059 Accuracy: Top1: 45.5414%, Top5: 90.6648%
[Epoch 104] Time: 84.1161s | [Train] Loss: 1.62560577 Accuracy: Top1: 41.3243%, Top5: 87.6319% | [Test] Loss: 1.53165416 Accuracy: Top1: 45.4817%, Top5: 90.5553%
[Epoch 105] Time: 84.1466s | [Train] Loss: 1.62432334 Accuracy: Top1: 41.6101%, Top5: 87.7538% | [Test] Loss: 1.53300442 Accuracy: Top1: 45.6608%, Top5: 90.6648%
[Epoch 106] Time: 84.1754s | [Train] Loss: 1.62421959 Accuracy: Top1: 41.6900%, Top5: 87.5619% | [Test] Loss: 1.53160876 Accuracy: Top1: 45.4319%, Top5: 90.5852%
[Epoch 107] Time: 84.1606s | [Train] Loss: 1.62504019 Accuracy: Top1: 41.5561%, Top5: 87.5819% | [Test] Loss: 1.52720195 Accuracy: Top1: 45.8997%, Top5: 90.7942%
[Epoch 108] Time: 84.1364s | [Train] Loss: 1.62192347 Accuracy: Top1: 41.5961%, Top5: 87.6519% | [Test] Loss: 1.53242131 Accuracy: Top1: 45.5314%, Top5: 90.6549%
[Epoch 109] Time: 84.1058s | [Train] Loss: 1.62076424 Accuracy: Top1: 41.7759%, Top5: 87.7138% | [Test] Loss: 1.52863247 Accuracy: Top1: 45.6210%, Top5: 90.6748%
[Epoch 110] Time: 84.1100s | [Train] Loss: 1.61865891 Accuracy: Top1: 41.7519%, Top5: 87.7098% | [Test] Loss: 1.52904281 Accuracy: Top1: 45.4419%, Top5: 90.5951%
[Epoch 111] Time: 84.1399s | [Train] Loss: 1.62603396 Accuracy: Top1: 41.4382%, Top5: 87.5000% | [Test] Loss: 1.52837960 Accuracy: Top1: 45.8599%, Top5: 90.7942%
[Epoch 112] Time: 84.1703s | [Train] Loss: 1.61911163 Accuracy: Top1: 41.9078%, Top5: 87.8357% | [Test] Loss: 1.52776002 Accuracy: Top1: 45.7305%, Top5: 90.7345%
[Epoch 113] Time: 84.1493s | [Train] Loss: 1.62041208 Accuracy: Top1: 41.6820%, Top5: 87.7797% | [Test] Loss: 1.52728708 Accuracy: Top1: 45.3523%, Top5: 90.7046%
[Epoch 114] Time: 84.1601s | [Train] Loss: 1.62442692 Accuracy: Top1: 41.3403%, Top5: 87.5460% | [Test] Loss: 1.52958157 Accuracy: Top1: 45.5314%, Top5: 90.6350%
[Epoch 115] Time: 84.1199s | [Train] Loss: 1.61873446 Accuracy: Top1: 41.6540%, Top5: 87.8796% | [Test] Loss: 1.52662973 Accuracy: Top1: 45.6011%, Top5: 90.8439%
[Epoch 116] Time: 84.1164s | [Train] Loss: 1.61872329 Accuracy: Top1: 41.7899%, Top5: 87.8656% | [Test] Loss: 1.52656664 Accuracy: Top1: 45.6011%, Top5: 90.6947%
[Epoch 117] Time: 84.1337s | [Train] Loss: 1.61969169 Accuracy: Top1: 41.5441%, Top5: 87.6998% | [Test] Loss: 1.52907449 Accuracy: Top1: 45.7006%, Top5: 90.6947%
[Epoch 118] Time: 84.1173s | [Train] Loss: 1.61626522 Accuracy: Top1: 41.7699%, Top5: 87.8637% | [Test] Loss: 1.52648175 Accuracy: Top1: 45.8499%, Top5: 90.7046%
[Epoch 119] Time: 84.0996s | [Train] Loss: 1.62026412 Accuracy: Top1: 41.6141%, Top5: 87.8557% | [Test] Loss: 1.52570278 Accuracy: Top1: 45.7703%, Top5: 90.7743%
[Epoch 120] Time: 84.1398s | [Train] Loss: 1.62243025 Accuracy: Top1: 41.5841%, Top5: 87.7617% | [Test] Loss: 1.52567194 Accuracy: Top1: 45.4717%, Top5: 90.6250%
[Epoch 121] Time: 84.1314s | [Train] Loss: 1.61853543 Accuracy: Top1: 41.6041%, Top5: 87.8996% | [Test] Loss: 1.52443384 Accuracy: Top1: 45.7703%, Top5: 90.8937%
[Epoch 122] Time: 84.1027s | [Train] Loss: 1.61856713 Accuracy: Top1: 41.8039%, Top5: 87.7578% | [Test] Loss: 1.52468590 Accuracy: Top1: 45.7006%, Top5: 90.7345%
[Epoch 123] Time: 84.1295s | [Train] Loss: 1.61954840 Accuracy: Top1: 41.6860%, Top5: 87.8856% | [Test] Loss: 1.52665613 Accuracy: Top1: 45.5613%, Top5: 90.8041%
[Epoch 124] Time: 84.1252s | [Train] Loss: 1.61501368 Accuracy: Top1: 41.7239%, Top5: 87.8017% | [Test] Loss: 1.52772899 Accuracy: Top1: 45.4319%, Top5: 90.9733%
[Epoch 125] Time: 84.0924s | [Train] Loss: 1.61738454 Accuracy: Top1: 41.9118%, Top5: 87.8617% | [Test] Loss: 1.52494722 Accuracy: Top1: 45.8201%, Top5: 90.6549%
[Epoch 126] Time: 84.1063s | [Train] Loss: 1.61879673 Accuracy: Top1: 41.7419%, Top5: 87.7817% | [Test] Loss: 1.52608979 Accuracy: Top1: 45.7205%, Top5: 90.6947%
[Epoch 127] Time: 84.1100s | [Train] Loss: 1.61573759 Accuracy: Top1: 41.6600%, Top5: 87.9356% | [Test] Loss: 1.52804782 Accuracy: Top1: 45.5115%, Top5: 90.8539%
[Epoch 128] Time: 84.1116s | [Train] Loss: 1.61690369 Accuracy: Top1: 41.8278%, Top5: 87.7777% | [Test] Loss: 1.52678649 Accuracy: Top1: 45.6807%, Top5: 90.8539%
[Epoch 129] Time: 84.1003s | [Train] Loss: 1.61629208 Accuracy: Top1: 41.7140%, Top5: 87.9296% | [Test] Loss: 1.52386646 Accuracy: Top1: 45.7205%, Top5: 90.8738%
[Epoch 130] Time: 84.1056s | [Train] Loss: 1.61801088 Accuracy: Top1: 41.7160%, Top5: 87.7498% | [Test] Loss: 1.52317681 Accuracy: Top1: 45.7504%, Top5: 90.7544%
[Epoch 131] Time: 84.1156s | [Train] Loss: 1.61788129 Accuracy: Top1: 41.6360%, Top5: 87.7358% | [Test] Loss: 1.52491382 Accuracy: Top1: 45.7902%, Top5: 90.8639%
[Epoch 132] Time: 84.1229s | [Train] Loss: 1.61511206 Accuracy: Top1: 41.7859%, Top5: 87.6658% | [Test] Loss: 1.52455729 Accuracy: Top1: 45.8300%, Top5: 90.7046%
[Epoch 133] Time: 84.1221s | [Train] Loss: 1.61362565 Accuracy: Top1: 41.8898%, Top5: 88.0355% | [Test] Loss: 1.52271826 Accuracy: Top1: 45.8101%, Top5: 90.7743%
[Epoch 134] Time: 84.1052s | [Train] Loss: 1.61955758 Accuracy: Top1: 41.8219%, Top5: 87.7318% | [Test] Loss: 1.52665964 Accuracy: Top1: 45.7504%, Top5: 90.7146%
[Epoch 135] Time: 84.1031s | [Train] Loss: 1.61561316 Accuracy: Top1: 41.8199%, Top5: 87.8637% | [Test] Loss: 1.52551016 Accuracy: Top1: 45.7006%, Top5: 90.8340%
[Epoch 136] Time: 84.0970s | [Train] Loss: 1.61406853 Accuracy: Top1: 42.0716%, Top5: 87.8796% | [Test] Loss: 1.52620545 Accuracy: Top1: 45.6708%, Top5: 90.7046%
[Epoch 137] Time: 84.0671s | [Train] Loss: 1.61617014 Accuracy: Top1: 41.8458%, Top5: 87.7697% | [Test] Loss: 1.52497664 Accuracy: Top1: 45.6608%, Top5: 90.8041%
[Epoch 138] Time: 84.0887s | [Train] Loss: 1.61600238 Accuracy: Top1: 41.5042%, Top5: 87.9276% | [Test] Loss: 1.52480071 Accuracy: Top1: 45.7006%, Top5: 90.9236%
[Epoch 139] Time: 84.1101s | [Train] Loss: 1.61644523 Accuracy: Top1: 41.8398%, Top5: 87.8557% | [Test] Loss: 1.52347209 Accuracy: Top1: 45.8400%, Top5: 90.8240%
[Epoch 140] Time: 84.0932s | [Train] Loss: 1.61330586 Accuracy: Top1: 41.9377%, Top5: 87.7717% | [Test] Loss: 1.52467432 Accuracy: Top1: 45.7305%, Top5: 90.7245%
[Epoch 141] Time: 84.1150s | [Train] Loss: 1.61386279 Accuracy: Top1: 41.9757%, Top5: 87.8357% | [Test] Loss: 1.52527414 Accuracy: Top1: 46.1087%, Top5: 90.8738%
[Epoch 142] Time: 84.1218s | [Train] Loss: 1.61145095 Accuracy: Top1: 41.8858%, Top5: 87.9955% | [Test] Loss: 1.52405462 Accuracy: Top1: 45.7504%, Top5: 90.8439%
[Epoch 143] Time: 84.1258s | [Train] Loss: 1.61463475 Accuracy: Top1: 41.9078%, Top5: 87.9036% | [Test] Loss: 1.52416177 Accuracy: Top1: 45.8201%, Top5: 90.8738%
[Epoch 144] Time: 84.1213s | [Train] Loss: 1.61413289 Accuracy: Top1: 42.0257%, Top5: 87.9416% | [Test] Loss: 1.52334910 Accuracy: Top1: 45.9196%, Top5: 90.8041%
[Epoch 145] Time: 84.1361s | [Train] Loss: 1.61335473 Accuracy: Top1: 41.9637%, Top5: 87.8756% | [Test] Loss: 1.52267128 Accuracy: Top1: 45.4817%, Top5: 90.8041%
[Epoch 146] Time: 84.1501s | [Train] Loss: 1.61631738 Accuracy: Top1: 42.0057%, Top5: 87.7558% | [Test] Loss: 1.52265023 Accuracy: Top1: 45.7604%, Top5: 90.8041%
[Epoch 147] Time: 84.1417s | [Train] Loss: 1.61671101 Accuracy: Top1: 42.0576%, Top5: 87.7178% | [Test] Loss: 1.52378747 Accuracy: Top1: 45.8400%, Top5: 90.8838%
[Epoch 148] Time: 84.1022s | [Train] Loss: 1.61763747 Accuracy: Top1: 41.7219%, Top5: 87.7178% | [Test] Loss: 1.52325180 Accuracy: Top1: 45.7006%, Top5: 90.8240%
[Epoch 149] Time: 84.1635s | [Train] Loss: 1.61558331 Accuracy: Top1: 41.9377%, Top5: 87.8037% | [Test] Loss: 1.52384262 Accuracy: Top1: 45.6708%, Top5: 90.8937%
[Epoch 150] Time: 84.1644s | [Train] Loss: 1.61728673 Accuracy: Top1: 41.7639%, Top5: 87.7737% | [Test] Loss: 1.52393258 Accuracy: Top1: 45.6210%, Top5: 90.8141%
Checking arguments based on the model...
Files already downloaded and verified
Upscale transform not defined. Skipping dataset upscale.
Model: All Convolutional Network ConvNN
Total Parameters: 3482
Trainable Parameters: 3482
[Epoch 001] Time: 82.5417s | [Train] Loss: 2.17931782 Accuracy: Top1: 18.2944%, Top5: 66.4702% | [Test] Loss: 2.04485506 Accuracy: Top1: 27.4682%, Top5: 78.2643%
[Epoch 002] Time: 82.2380s | [Train] Loss: 2.04373422 Accuracy: Top1: 24.8362%, Top5: 75.7753% | [Test] Loss: 1.99005544 Accuracy: Top1: 28.2544%, Top5: 78.6326%
[Epoch 003] Time: 82.2374s | [Train] Loss: 1.98688965 Accuracy: Top1: 27.4297%, Top5: 78.0451% | [Test] Loss: 1.89274824 Accuracy: Top1: 32.7030%, Top5: 82.9021%
[Epoch 004] Time: 82.2331s | [Train] Loss: 1.95709596 Accuracy: Top1: 28.7364%, Top5: 78.9902% | [Test] Loss: 1.85268700 Accuracy: Top1: 34.4646%, Top5: 83.6783%
[Epoch 005] Time: 82.2538s | [Train] Loss: 1.93345480 Accuracy: Top1: 29.7774%, Top5: 80.0312% | [Test] Loss: 1.84395075 Accuracy: Top1: 34.0068%, Top5: 83.7480%
[Epoch 006] Time: 82.2419s | [Train] Loss: 1.92078615 Accuracy: Top1: 30.2170%, Top5: 80.4727% | [Test] Loss: 1.82281902 Accuracy: Top1: 35.3404%, Top5: 84.7233%
[Epoch 007] Time: 82.2560s | [Train] Loss: 1.90414272 Accuracy: Top1: 31.0002%, Top5: 80.7405% | [Test] Loss: 1.83477707 Accuracy: Top1: 35.1911%, Top5: 84.5442%
[Epoch 008] Time: 82.1998s | [Train] Loss: 1.89632952 Accuracy: Top1: 31.1161%, Top5: 80.8963% | [Test] Loss: 1.79600334 Accuracy: Top1: 36.9128%, Top5: 85.4200%
[Epoch 009] Time: 82.2485s | [Train] Loss: 1.88585125 Accuracy: Top1: 31.6017%, Top5: 81.4198% | [Test] Loss: 1.79898129 Accuracy: Top1: 36.4053%, Top5: 84.9124%
[Epoch 010] Time: 82.2223s | [Train] Loss: 1.87366450 Accuracy: Top1: 32.1471%, Top5: 81.7935% | [Test] Loss: 1.76669244 Accuracy: Top1: 38.1270%, Top5: 86.5545%
[Epoch 011] Time: 82.2355s | [Train] Loss: 1.86652241 Accuracy: Top1: 32.4429%, Top5: 81.8314% | [Test] Loss: 1.76628475 Accuracy: Top1: 37.5796%, Top5: 85.9674%
[Epoch 012] Time: 82.2066s | [Train] Loss: 1.85319381 Accuracy: Top1: 32.8724%, Top5: 82.3649% | [Test] Loss: 1.75500098 Accuracy: Top1: 38.5947%, Top5: 86.5048%
[Epoch 013] Time: 82.2176s | [Train] Loss: 1.84394528 Accuracy: Top1: 33.2860%, Top5: 82.8864% | [Test] Loss: 1.73978487 Accuracy: Top1: 39.3213%, Top5: 87.3109%
[Epoch 014] Time: 82.2198s | [Train] Loss: 1.83745644 Accuracy: Top1: 33.1981%, Top5: 82.9644% | [Test] Loss: 1.73724604 Accuracy: Top1: 39.3810%, Top5: 87.4303%
[Epoch 015] Time: 82.1958s | [Train] Loss: 1.82928788 Accuracy: Top1: 33.6717%, Top5: 83.3380% | [Test] Loss: 1.73565874 Accuracy: Top1: 40.1771%, Top5: 87.5896%
[Epoch 016] Time: 82.2024s | [Train] Loss: 1.82532860 Accuracy: Top1: 33.6577%, Top5: 83.2001% | [Test] Loss: 1.72446438 Accuracy: Top1: 39.3909%, Top5: 87.3806%
[Epoch 017] Time: 82.2157s | [Train] Loss: 1.81810689 Accuracy: Top1: 34.1412%, Top5: 83.3480% | [Test] Loss: 1.72920913 Accuracy: Top1: 39.7193%, Top5: 87.9279%
[Epoch 018] Time: 82.2342s | [Train] Loss: 1.81195968 Accuracy: Top1: 34.0293%, Top5: 83.5338% | [Test] Loss: 1.71209729 Accuracy: Top1: 39.7691%, Top5: 87.8583%
[Epoch 019] Time: 82.2557s | [Train] Loss: 1.80369141 Accuracy: Top1: 34.7586%, Top5: 83.6697% | [Test] Loss: 1.70749647 Accuracy: Top1: 39.9084%, Top5: 87.9678%
[Epoch 020] Time: 82.2095s | [Train] Loss: 1.79985245 Accuracy: Top1: 34.6967%, Top5: 83.9794% | [Test] Loss: 1.69251835 Accuracy: Top1: 40.5653%, Top5: 88.1967%
[Epoch 021] Time: 82.2039s | [Train] Loss: 1.79533410 Accuracy: Top1: 34.9744%, Top5: 84.0094% | [Test] Loss: 1.68851812 Accuracy: Top1: 40.3364%, Top5: 87.4900%
[Epoch 022] Time: 82.2078s | [Train] Loss: 1.78965977 Accuracy: Top1: 35.2062%, Top5: 84.0913% | [Test] Loss: 1.68991599 Accuracy: Top1: 40.9534%, Top5: 88.5748%
[Epoch 023] Time: 82.2337s | [Train] Loss: 1.78623673 Accuracy: Top1: 35.4680%, Top5: 84.1172% | [Test] Loss: 1.67763962 Accuracy: Top1: 40.9037%, Top5: 88.2663%
[Epoch 024] Time: 82.2252s | [Train] Loss: 1.77885619 Accuracy: Top1: 35.6897%, Top5: 84.3850% | [Test] Loss: 1.67480158 Accuracy: Top1: 40.4260%, Top5: 88.5848%
[Epoch 025] Time: 82.2408s | [Train] Loss: 1.77771710 Accuracy: Top1: 35.7936%, Top5: 84.5169% | [Test] Loss: 1.68572653 Accuracy: Top1: 40.7743%, Top5: 88.1270%
[Epoch 026] Time: 82.2024s | [Train] Loss: 1.77356952 Accuracy: Top1: 35.9715%, Top5: 84.4629% | [Test] Loss: 1.67141888 Accuracy: Top1: 40.9932%, Top5: 88.6545%
[Epoch 027] Time: 82.2046s | [Train] Loss: 1.77040723 Accuracy: Top1: 35.9934%, Top5: 84.6168% | [Test] Loss: 1.66109407 Accuracy: Top1: 41.6501%, Top5: 88.9630%
[Epoch 028] Time: 82.2519s | [Train] Loss: 1.76798147 Accuracy: Top1: 36.0154%, Top5: 84.6627% | [Test] Loss: 1.65952590 Accuracy: Top1: 41.5804%, Top5: 88.6047%
[Epoch 029] Time: 82.2474s | [Train] Loss: 1.76519186 Accuracy: Top1: 36.3251%, Top5: 84.6348% | [Test] Loss: 1.65697057 Accuracy: Top1: 41.8790%, Top5: 88.7540%
[Epoch 030] Time: 82.2388s | [Train] Loss: 1.76359475 Accuracy: Top1: 36.3671%, Top5: 84.4749% | [Test] Loss: 1.65816959 Accuracy: Top1: 41.5107%, Top5: 89.0326%
[Epoch 031] Time: 82.2334s | [Train] Loss: 1.75986124 Accuracy: Top1: 36.2632%, Top5: 84.7906% | [Test] Loss: 1.66334245 Accuracy: Top1: 41.4809%, Top5: 88.8535%
[Epoch 032] Time: 82.2334s | [Train] Loss: 1.75537781 Accuracy: Top1: 36.7667%, Top5: 84.6507% | [Test] Loss: 1.65063134 Accuracy: Top1: 42.1875%, Top5: 88.8037%
[Epoch 033] Time: 82.2112s | [Train] Loss: 1.75034547 Accuracy: Top1: 36.9246%, Top5: 84.9944% | [Test] Loss: 1.64358929 Accuracy: Top1: 42.1576%, Top5: 89.0625%
[Epoch 034] Time: 82.1801s | [Train] Loss: 1.75266701 Accuracy: Top1: 36.7707%, Top5: 84.8106% | [Test] Loss: 1.64085408 Accuracy: Top1: 42.5259%, Top5: 89.0625%
[Epoch 035] Time: 82.2179s | [Train] Loss: 1.75144137 Accuracy: Top1: 36.8187%, Top5: 85.0484% | [Test] Loss: 1.63921465 Accuracy: Top1: 42.5458%, Top5: 89.2416%
[Epoch 036] Time: 82.1860s | [Train] Loss: 1.74480261 Accuracy: Top1: 37.2482%, Top5: 85.1383% | [Test] Loss: 1.62985064 Accuracy: Top1: 42.4363%, Top5: 89.2615%
[Epoch 037] Time: 82.2023s | [Train] Loss: 1.74150629 Accuracy: Top1: 37.2283%, Top5: 85.2502% | [Test] Loss: 1.63573590 Accuracy: Top1: 41.8989%, Top5: 89.0625%
[Epoch 038] Time: 82.2336s | [Train] Loss: 1.74153577 Accuracy: Top1: 37.1403%, Top5: 85.0803% | [Test] Loss: 1.62981525 Accuracy: Top1: 42.5557%, Top5: 89.4407%
[Epoch 039] Time: 82.2216s | [Train] Loss: 1.73683430 Accuracy: Top1: 37.5520%, Top5: 85.2562% | [Test] Loss: 1.62892520 Accuracy: Top1: 42.3268%, Top5: 89.3213%
[Epoch 040] Time: 82.2462s | [Train] Loss: 1.73998110 Accuracy: Top1: 37.4640%, Top5: 85.4000% | [Test] Loss: 1.62574013 Accuracy: Top1: 42.3666%, Top5: 89.3611%
[Epoch 041] Time: 82.2553s | [Train] Loss: 1.73439996 Accuracy: Top1: 37.4341%, Top5: 85.3201% | [Test] Loss: 1.63145309 Accuracy: Top1: 42.3368%, Top5: 88.9132%
[Epoch 042] Time: 82.2524s | [Train] Loss: 1.73565004 Accuracy: Top1: 37.2482%, Top5: 85.4020% | [Test] Loss: 1.62854188 Accuracy: Top1: 42.7150%, Top5: 89.4606%
[Epoch 043] Time: 82.3024s | [Train] Loss: 1.72877193 Accuracy: Top1: 37.6578%, Top5: 85.2761% | [Test] Loss: 1.62045012 Accuracy: Top1: 42.8543%, Top5: 89.5900%
[Epoch 044] Time: 82.2791s | [Train] Loss: 1.73389493 Accuracy: Top1: 37.5240%, Top5: 85.4080% | [Test] Loss: 1.61714705 Accuracy: Top1: 42.9837%, Top5: 89.4705%
[Epoch 045] Time: 82.2310s | [Train] Loss: 1.72818647 Accuracy: Top1: 37.7997%, Top5: 85.4979% | [Test] Loss: 1.61886084 Accuracy: Top1: 42.6055%, Top5: 89.3113%
[Epoch 046] Time: 82.2529s | [Train] Loss: 1.72669812 Accuracy: Top1: 37.6698%, Top5: 85.8116% | [Test] Loss: 1.62280098 Accuracy: Top1: 42.9439%, Top5: 89.5502%
[Epoch 047] Time: 82.2320s | [Train] Loss: 1.72556997 Accuracy: Top1: 38.0555%, Top5: 85.4899% | [Test] Loss: 1.62380109 Accuracy: Top1: 42.9339%, Top5: 89.4307%
[Epoch 048] Time: 82.2219s | [Train] Loss: 1.72427870 Accuracy: Top1: 37.8177%, Top5: 85.6618% | [Test] Loss: 1.61394020 Accuracy: Top1: 43.0334%, Top5: 89.7691%
[Epoch 049] Time: 82.2387s | [Train] Loss: 1.72286920 Accuracy: Top1: 38.0814%, Top5: 85.5139% | [Test] Loss: 1.61558625 Accuracy: Top1: 42.5358%, Top5: 89.8587%
[Epoch 050] Time: 82.2196s | [Train] Loss: 1.72320945 Accuracy: Top1: 38.0035%, Top5: 85.5858% | [Test] Loss: 1.61832701 Accuracy: Top1: 42.8742%, Top5: 89.6497%
[Epoch 051] Time: 82.2201s | [Train] Loss: 1.72008978 Accuracy: Top1: 38.0435%, Top5: 85.7397% | [Test] Loss: 1.60798233 Accuracy: Top1: 42.9140%, Top5: 89.5004%
[Epoch 052] Time: 82.2334s | [Train] Loss: 1.71655622 Accuracy: Top1: 38.3352%, Top5: 85.7197% | [Test] Loss: 1.60341619 Accuracy: Top1: 43.3917%, Top5: 89.7293%
[Epoch 053] Time: 82.2045s | [Train] Loss: 1.71900452 Accuracy: Top1: 38.2513%, Top5: 85.8056% | [Test] Loss: 1.60505546 Accuracy: Top1: 43.1131%, Top5: 89.6497%
[Epoch 054] Time: 82.2718s | [Train] Loss: 1.72115297 Accuracy: Top1: 38.2373%, Top5: 85.5679% | [Test] Loss: 1.60824051 Accuracy: Top1: 42.9936%, Top5: 89.8189%
[Epoch 055] Time: 82.2302s | [Train] Loss: 1.71487472 Accuracy: Top1: 38.0455%, Top5: 85.9275% | [Test] Loss: 1.59945957 Accuracy: Top1: 43.4116%, Top5: 89.6895%
[Epoch 056] Time: 82.2533s | [Train] Loss: 1.71855008 Accuracy: Top1: 38.4211%, Top5: 85.5898% | [Test] Loss: 1.60148989 Accuracy: Top1: 43.6107%, Top5: 89.7193%
[Epoch 057] Time: 82.2766s | [Train] Loss: 1.71291500 Accuracy: Top1: 38.3292%, Top5: 85.9455% | [Test] Loss: 1.60454921 Accuracy: Top1: 43.5012%, Top5: 89.7691%
[Epoch 058] Time: 82.2425s | [Train] Loss: 1.71203643 Accuracy: Top1: 38.6689%, Top5: 86.0214% | [Test] Loss: 1.59834772 Accuracy: Top1: 43.8097%, Top5: 89.9980%
[Epoch 059] Time: 82.2396s | [Train] Loss: 1.71333013 Accuracy: Top1: 38.0834%, Top5: 86.0094% | [Test] Loss: 1.60680575 Accuracy: Top1: 43.5012%, Top5: 89.7393%
[Epoch 060] Time: 82.2430s | [Train] Loss: 1.71178688 Accuracy: Top1: 38.3772%, Top5: 85.7597% | [Test] Loss: 1.59920210 Accuracy: Top1: 43.3320%, Top5: 89.8985%
[Epoch 061] Time: 82.2162s | [Train] Loss: 1.71387712 Accuracy: Top1: 38.2373%, Top5: 85.8316% | [Test] Loss: 1.61259852 Accuracy: Top1: 42.7747%, Top5: 89.6397%
[Epoch 062] Time: 82.2250s | [Train] Loss: 1.70727045 Accuracy: Top1: 38.6049%, Top5: 86.0674% | [Test] Loss: 1.59663599 Accuracy: Top1: 43.6704%, Top5: 89.9283%
[Epoch 063] Time: 82.2381s | [Train] Loss: 1.71421073 Accuracy: Top1: 38.4551%, Top5: 85.7577% | [Test] Loss: 1.59923558 Accuracy: Top1: 43.1131%, Top5: 89.6198%
[Epoch 064] Time: 82.2392s | [Train] Loss: 1.70986384 Accuracy: Top1: 38.4651%, Top5: 85.7816% | [Test] Loss: 1.59780489 Accuracy: Top1: 43.5908%, Top5: 89.9980%
[Epoch 065] Time: 82.2423s | [Train] Loss: 1.70791837 Accuracy: Top1: 38.5170%, Top5: 86.0814% | [Test] Loss: 1.59336361 Accuracy: Top1: 43.4216%, Top5: 90.0378%
[Epoch 066] Time: 82.2673s | [Train] Loss: 1.70750327 Accuracy: Top1: 38.5050%, Top5: 86.0714% | [Test] Loss: 1.59999850 Accuracy: Top1: 43.5012%, Top5: 89.7592%
[Epoch 067] Time: 82.2611s | [Train] Loss: 1.70951145 Accuracy: Top1: 38.3652%, Top5: 86.0374% | [Test] Loss: 1.59260113 Accuracy: Top1: 43.6505%, Top5: 89.9881%
[Epoch 068] Time: 82.2586s | [Train] Loss: 1.70329948 Accuracy: Top1: 38.8627%, Top5: 86.1633% | [Test] Loss: 1.59503565 Accuracy: Top1: 43.7500%, Top5: 90.0378%
[Epoch 069] Time: 82.2024s | [Train] Loss: 1.70608105 Accuracy: Top1: 38.5989%, Top5: 86.0694% | [Test] Loss: 1.59662217 Accuracy: Top1: 43.6206%, Top5: 89.9482%
[Epoch 070] Time: 82.2353s | [Train] Loss: 1.70576900 Accuracy: Top1: 38.5210%, Top5: 85.9655% | [Test] Loss: 1.59363976 Accuracy: Top1: 43.7102%, Top5: 90.0378%
[Epoch 071] Time: 82.2556s | [Train] Loss: 1.70627986 Accuracy: Top1: 38.4211%, Top5: 86.0314% | [Test] Loss: 1.59352569 Accuracy: Top1: 43.7301%, Top5: 90.0179%
[Epoch 072] Time: 82.2494s | [Train] Loss: 1.70461704 Accuracy: Top1: 38.5070%, Top5: 86.0774% | [Test] Loss: 1.59385429 Accuracy: Top1: 43.3619%, Top5: 90.0179%
[Epoch 073] Time: 82.2403s | [Train] Loss: 1.70290320 Accuracy: Top1: 38.6629%, Top5: 86.1253% | [Test] Loss: 1.59440564 Accuracy: Top1: 43.6903%, Top5: 89.9682%
[Epoch 074] Time: 82.2402s | [Train] Loss: 1.69875927 Accuracy: Top1: 38.7508%, Top5: 86.3351% | [Test] Loss: 1.58680378 Accuracy: Top1: 43.9092%, Top5: 90.0378%
[Epoch 075] Time: 82.2059s | [Train] Loss: 1.70450472 Accuracy: Top1: 38.6269%, Top5: 85.9775% | [Test] Loss: 1.59626898 Accuracy: Top1: 43.2126%, Top5: 89.9682%
[Epoch 076] Time: 82.2301s | [Train] Loss: 1.70131496 Accuracy: Top1: 38.9146%, Top5: 86.2292% | [Test] Loss: 1.58849243 Accuracy: Top1: 43.8595%, Top5: 90.1473%
[Epoch 077] Time: 82.2590s | [Train] Loss: 1.69882049 Accuracy: Top1: 38.8947%, Top5: 86.2412% | [Test] Loss: 1.59042695 Accuracy: Top1: 43.7799%, Top5: 90.3264%
[Epoch 078] Time: 82.2222s | [Train] Loss: 1.69890855 Accuracy: Top1: 38.9027%, Top5: 86.2532% | [Test] Loss: 1.58797204 Accuracy: Top1: 43.6306%, Top5: 90.0876%
[Epoch 079] Time: 82.2695s | [Train] Loss: 1.69736820 Accuracy: Top1: 38.7888%, Top5: 86.1633% | [Test] Loss: 1.58740724 Accuracy: Top1: 43.7400%, Top5: 90.0577%
[Epoch 080] Time: 82.2292s | [Train] Loss: 1.69873963 Accuracy: Top1: 38.8727%, Top5: 86.1813% | [Test] Loss: 1.58784140 Accuracy: Top1: 43.5311%, Top5: 90.0876%
[Epoch 081] Time: 82.2857s | [Train] Loss: 1.69984412 Accuracy: Top1: 39.0445%, Top5: 86.1253% | [Test] Loss: 1.59303334 Accuracy: Top1: 43.7500%, Top5: 90.0080%
[Epoch 082] Time: 82.2545s | [Train] Loss: 1.69991389 Accuracy: Top1: 38.9386%, Top5: 86.2512% | [Test] Loss: 1.58896948 Accuracy: Top1: 43.9092%, Top5: 90.0080%
[Epoch 083] Time: 82.2557s | [Train] Loss: 1.69675049 Accuracy: Top1: 38.9966%, Top5: 86.2212% | [Test] Loss: 1.58467886 Accuracy: Top1: 43.8296%, Top5: 90.2170%
[Epoch 084] Time: 82.2427s | [Train] Loss: 1.69926990 Accuracy: Top1: 38.7968%, Top5: 86.2672% | [Test] Loss: 1.58527882 Accuracy: Top1: 43.9192%, Top5: 89.8885%
[Epoch 085] Time: 82.2481s | [Train] Loss: 1.69452687 Accuracy: Top1: 39.0965%, Top5: 86.2712% | [Test] Loss: 1.58615871 Accuracy: Top1: 43.9490%, Top5: 90.1672%
[Epoch 086] Time: 82.2783s | [Train] Loss: 1.69604752 Accuracy: Top1: 38.9646%, Top5: 86.3291% | [Test] Loss: 1.58583210 Accuracy: Top1: 43.9391%, Top5: 90.0080%
[Epoch 087] Time: 82.2272s | [Train] Loss: 1.69493001 Accuracy: Top1: 38.8947%, Top5: 86.1833% | [Test] Loss: 1.58535311 Accuracy: Top1: 43.6107%, Top5: 90.1473%
[Epoch 088] Time: 82.2374s | [Train] Loss: 1.69935567 Accuracy: Top1: 38.9566%, Top5: 86.2752% | [Test] Loss: 1.58241531 Accuracy: Top1: 44.1580%, Top5: 90.2767%
[Epoch 089] Time: 82.2503s | [Train] Loss: 1.69721670 Accuracy: Top1: 38.8447%, Top5: 86.2192% | [Test] Loss: 1.58661413 Accuracy: Top1: 43.5709%, Top5: 89.9980%
[Epoch 090] Time: 82.2387s | [Train] Loss: 1.69505848 Accuracy: Top1: 39.1384%, Top5: 86.4530% | [Test] Loss: 1.58628989 Accuracy: Top1: 43.9391%, Top5: 90.1672%
[Epoch 091] Time: 82.2358s | [Train] Loss: 1.69652672 Accuracy: Top1: 38.9166%, Top5: 86.3171% | [Test] Loss: 1.57963826 Accuracy: Top1: 43.9391%, Top5: 90.1771%
[Epoch 092] Time: 82.2327s | [Train] Loss: 1.69617244 Accuracy: Top1: 39.2563%, Top5: 86.3051% | [Test] Loss: 1.58353423 Accuracy: Top1: 43.7002%, Top5: 89.9781%
[Epoch 093] Time: 82.2513s | [Train] Loss: 1.69699815 Accuracy: Top1: 38.8087%, Top5: 86.3631% | [Test] Loss: 1.58210250 Accuracy: Top1: 44.0088%, Top5: 90.2767%
[Epoch 094] Time: 82.1994s | [Train] Loss: 1.69387502 Accuracy: Top1: 38.9986%, Top5: 86.0953% | [Test] Loss: 1.58284764 Accuracy: Top1: 43.8694%, Top5: 90.0478%
[Epoch 095] Time: 82.2312s | [Train] Loss: 1.69339685 Accuracy: Top1: 39.3762%, Top5: 86.3191% | [Test] Loss: 1.59071692 Accuracy: Top1: 43.7201%, Top5: 90.2269%
[Epoch 096] Time: 82.2290s | [Train] Loss: 1.69367627 Accuracy: Top1: 38.9007%, Top5: 86.4051% | [Test] Loss: 1.58194457 Accuracy: Top1: 43.8893%, Top5: 90.2170%
[Epoch 097] Time: 82.2123s | [Train] Loss: 1.69171414 Accuracy: Top1: 39.1384%, Top5: 86.3431% | [Test] Loss: 1.58292351 Accuracy: Top1: 43.9490%, Top5: 90.4160%
[Epoch 098] Time: 82.2331s | [Train] Loss: 1.69256827 Accuracy: Top1: 39.2483%, Top5: 86.3431% | [Test] Loss: 1.58330453 Accuracy: Top1: 43.8396%, Top5: 90.2568%
[Epoch 099] Time: 82.2301s | [Train] Loss: 1.69923286 Accuracy: Top1: 38.7888%, Top5: 86.0114% | [Test] Loss: 1.58261759 Accuracy: Top1: 44.1779%, Top5: 90.3264%
[Epoch 100] Time: 82.2685s | [Train] Loss: 1.69440786 Accuracy: Top1: 39.1045%, Top5: 86.2812% | [Test] Loss: 1.58881444 Accuracy: Top1: 43.9889%, Top5: 90.1373%
[Epoch 101] Time: 82.2537s | [Train] Loss: 1.69655096 Accuracy: Top1: 38.8527%, Top5: 86.4350% | [Test] Loss: 1.58039347 Accuracy: Top1: 44.0983%, Top5: 90.2966%
[Epoch 102] Time: 82.2456s | [Train] Loss: 1.69023640 Accuracy: Top1: 39.1484%, Top5: 86.5010% | [Test] Loss: 1.58024668 Accuracy: Top1: 44.1779%, Top5: 90.2667%
[Epoch 103] Time: 82.2220s | [Train] Loss: 1.69300911 Accuracy: Top1: 39.1384%, Top5: 86.3831% | [Test] Loss: 1.58341245 Accuracy: Top1: 44.0884%, Top5: 90.2866%
[Epoch 104] Time: 82.2207s | [Train] Loss: 1.69641890 Accuracy: Top1: 39.0545%, Top5: 86.2192% | [Test] Loss: 1.58059069 Accuracy: Top1: 44.1979%, Top5: 90.3065%
[Epoch 105] Time: 82.2428s | [Train] Loss: 1.69097425 Accuracy: Top1: 39.1125%, Top5: 86.4410% | [Test] Loss: 1.58007157 Accuracy: Top1: 44.3969%, Top5: 90.2966%
[Epoch 106] Time: 82.2324s | [Train] Loss: 1.69328163 Accuracy: Top1: 39.0285%, Top5: 86.2832% | [Test] Loss: 1.58032589 Accuracy: Top1: 44.0884%, Top5: 90.4260%
[Epoch 107] Time: 82.2449s | [Train] Loss: 1.68727107 Accuracy: Top1: 39.4281%, Top5: 86.4770% | [Test] Loss: 1.57922047 Accuracy: Top1: 44.0088%, Top5: 90.2667%
[Epoch 108] Time: 82.2537s | [Train] Loss: 1.69318163 Accuracy: Top1: 39.1184%, Top5: 86.3411% | [Test] Loss: 1.57914059 Accuracy: Top1: 44.1083%, Top5: 90.1572%
[Epoch 109] Time: 82.2316s | [Train] Loss: 1.69250785 Accuracy: Top1: 39.1904%, Top5: 86.2172% | [Test] Loss: 1.58107053 Accuracy: Top1: 44.2277%, Top5: 90.1473%
[Epoch 110] Time: 82.2044s | [Train] Loss: 1.68892735 Accuracy: Top1: 39.1924%, Top5: 86.6728% | [Test] Loss: 1.57994248 Accuracy: Top1: 44.0685%, Top5: 90.3861%
[Epoch 111] Time: 82.2160s | [Train] Loss: 1.69332014 Accuracy: Top1: 39.0545%, Top5: 86.3111% | [Test] Loss: 1.57962494 Accuracy: Top1: 44.0983%, Top5: 90.4061%
[Epoch 112] Time: 82.2224s | [Train] Loss: 1.69164271 Accuracy: Top1: 39.1824%, Top5: 86.3811% | [Test] Loss: 1.57812016 Accuracy: Top1: 44.1282%, Top5: 90.3463%
[Epoch 113] Time: 82.2588s | [Train] Loss: 1.68916343 Accuracy: Top1: 39.1844%, Top5: 86.5050% | [Test] Loss: 1.57884658 Accuracy: Top1: 44.1779%, Top5: 90.3364%
[Epoch 114] Time: 82.2581s | [Train] Loss: 1.68854046 Accuracy: Top1: 39.3262%, Top5: 86.4630% | [Test] Loss: 1.57945813 Accuracy: Top1: 43.9789%, Top5: 90.1871%
[Epoch 115] Time: 82.2554s | [Train] Loss: 1.68846600 Accuracy: Top1: 39.2144%, Top5: 86.4950% | [Test] Loss: 1.57813519 Accuracy: Top1: 44.0685%, Top5: 90.4260%
[Epoch 116] Time: 82.2288s | [Train] Loss: 1.68914134 Accuracy: Top1: 39.2223%, Top5: 86.4011% | [Test] Loss: 1.57683359 Accuracy: Top1: 44.3571%, Top5: 90.2568%
[Epoch 117] Time: 82.2271s | [Train] Loss: 1.69088555 Accuracy: Top1: 38.9946%, Top5: 86.3851% | [Test] Loss: 1.57804762 Accuracy: Top1: 44.3173%, Top5: 90.3065%
[Epoch 118] Time: 82.2369s | [Train] Loss: 1.68826167 Accuracy: Top1: 39.1145%, Top5: 86.3351% | [Test] Loss: 1.57939880 Accuracy: Top1: 44.3471%, Top5: 90.2468%
[Epoch 119] Time: 82.2091s | [Train] Loss: 1.69264845 Accuracy: Top1: 39.1424%, Top5: 86.3031% | [Test] Loss: 1.57947531 Accuracy: Top1: 44.2874%, Top5: 90.4558%
[Epoch 120] Time: 82.2104s | [Train] Loss: 1.69050975 Accuracy: Top1: 39.0945%, Top5: 86.2792% | [Test] Loss: 1.57703403 Accuracy: Top1: 44.2576%, Top5: 90.3961%
[Epoch 121] Time: 82.2362s | [Train] Loss: 1.69034178 Accuracy: Top1: 38.9986%, Top5: 86.4490% | [Test] Loss: 1.57859279 Accuracy: Top1: 44.3073%, Top5: 90.1572%
[Epoch 122] Time: 82.2105s | [Train] Loss: 1.69065160 Accuracy: Top1: 39.0885%, Top5: 86.3671% | [Test] Loss: 1.57779506 Accuracy: Top1: 44.5561%, Top5: 90.2767%
[Epoch 123] Time: 82.1974s | [Train] Loss: 1.68646391 Accuracy: Top1: 39.3422%, Top5: 86.5369% | [Test] Loss: 1.57733905 Accuracy: Top1: 44.3073%, Top5: 90.3165%
[Epoch 124] Time: 82.2313s | [Train] Loss: 1.68737904 Accuracy: Top1: 39.4941%, Top5: 86.3531% | [Test] Loss: 1.58263350 Accuracy: Top1: 43.9889%, Top5: 90.3065%
[Epoch 125] Time: 82.1936s | [Train] Loss: 1.68952133 Accuracy: Top1: 39.0285%, Top5: 86.4950% | [Test] Loss: 1.57779279 Accuracy: Top1: 44.3969%, Top5: 90.2966%
[Epoch 126] Time: 82.2086s | [Train] Loss: 1.68383628 Accuracy: Top1: 39.3702%, Top5: 86.6508% | [Test] Loss: 1.57543176 Accuracy: Top1: 44.4068%, Top5: 90.3961%
[Epoch 127] Time: 82.2110s | [Train] Loss: 1.68832911 Accuracy: Top1: 39.2203%, Top5: 86.4430% | [Test] Loss: 1.57771280 Accuracy: Top1: 44.2078%, Top5: 90.2866%
[Epoch 128] Time: 82.2086s | [Train] Loss: 1.68501089 Accuracy: Top1: 39.5400%, Top5: 86.6029% | [Test] Loss: 1.57595984 Accuracy: Top1: 44.1779%, Top5: 90.4459%
[Epoch 129] Time: 82.2302s | [Train] Loss: 1.69018595 Accuracy: Top1: 39.1344%, Top5: 86.5129% | [Test] Loss: 1.57607564 Accuracy: Top1: 44.3372%, Top5: 90.2070%
[Epoch 130] Time: 82.2286s | [Train] Loss: 1.68921516 Accuracy: Top1: 39.2124%, Top5: 86.5509% | [Test] Loss: 1.57527946 Accuracy: Top1: 44.3770%, Top5: 90.2568%
[Epoch 131] Time: 82.2049s | [Train] Loss: 1.68576522 Accuracy: Top1: 39.2583%, Top5: 86.5629% | [Test] Loss: 1.57539457 Accuracy: Top1: 44.4666%, Top5: 90.4359%
[Epoch 132] Time: 82.1965s | [Train] Loss: 1.68801626 Accuracy: Top1: 39.0745%, Top5: 86.4630% | [Test] Loss: 1.57687467 Accuracy: Top1: 44.2974%, Top5: 90.1672%
[Epoch 133] Time: 82.2349s | [Train] Loss: 1.68406008 Accuracy: Top1: 39.4641%, Top5: 86.6129% | [Test] Loss: 1.57520929 Accuracy: Top1: 44.2874%, Top5: 90.2070%
[Epoch 134] Time: 82.1825s | [Train] Loss: 1.68314310 Accuracy: Top1: 39.3962%, Top5: 86.5689% | [Test] Loss: 1.57646864 Accuracy: Top1: 44.3471%, Top5: 90.3165%
[Epoch 135] Time: 82.2076s | [Train] Loss: 1.68457432 Accuracy: Top1: 39.1564%, Top5: 86.7567% | [Test] Loss: 1.57525230 Accuracy: Top1: 44.3471%, Top5: 90.2966%
[Epoch 136] Time: 82.2207s | [Train] Loss: 1.68860880 Accuracy: Top1: 39.1864%, Top5: 86.4970% | [Test] Loss: 1.57607113 Accuracy: Top1: 44.2576%, Top5: 90.2170%
[Epoch 137] Time: 82.2001s | [Train] Loss: 1.68727194 Accuracy: Top1: 39.4521%, Top5: 86.4390% | [Test] Loss: 1.57629301 Accuracy: Top1: 44.3571%, Top5: 90.2667%
[Epoch 138] Time: 82.1910s | [Train] Loss: 1.68486665 Accuracy: Top1: 39.2164%, Top5: 86.6548% | [Test] Loss: 1.57407930 Accuracy: Top1: 44.2874%, Top5: 90.3861%
[Epoch 139] Time: 82.2291s | [Train] Loss: 1.68809322 Accuracy: Top1: 39.2923%, Top5: 86.4910% | [Test] Loss: 1.57590397 Accuracy: Top1: 44.3571%, Top5: 90.2767%
[Epoch 140] Time: 82.2246s | [Train] Loss: 1.68934506 Accuracy: Top1: 39.1904%, Top5: 86.4510% | [Test] Loss: 1.57584760 Accuracy: Top1: 44.4168%, Top5: 90.3065%
[Epoch 141] Time: 82.2083s | [Train] Loss: 1.68667134 Accuracy: Top1: 39.2423%, Top5: 86.4590% | [Test] Loss: 1.57659482 Accuracy: Top1: 44.2775%, Top5: 90.3463%
[Epoch 142] Time: 82.2114s | [Train] Loss: 1.68520054 Accuracy: Top1: 39.2443%, Top5: 86.5429% | [Test] Loss: 1.57357683 Accuracy: Top1: 44.4367%, Top5: 90.3463%
[Epoch 143] Time: 82.1956s | [Train] Loss: 1.68803522 Accuracy: Top1: 39.1624%, Top5: 86.3871% | [Test] Loss: 1.57586377 Accuracy: Top1: 44.4865%, Top5: 90.1771%
[Epoch 144] Time: 82.2204s | [Train] Loss: 1.68348960 Accuracy: Top1: 39.2843%, Top5: 86.7507% | [Test] Loss: 1.57451970 Accuracy: Top1: 44.4566%, Top5: 90.3563%
[Epoch 145] Time: 82.2263s | [Train] Loss: 1.68377635 Accuracy: Top1: 39.3143%, Top5: 86.5849% | [Test] Loss: 1.57403346 Accuracy: Top1: 44.3471%, Top5: 90.4160%
[Epoch 146] Time: 82.2241s | [Train] Loss: 1.68777156 Accuracy: Top1: 39.1804%, Top5: 86.6528% | [Test] Loss: 1.57357782 Accuracy: Top1: 44.4168%, Top5: 90.4359%
[Epoch 147] Time: 82.2276s | [Train] Loss: 1.68551286 Accuracy: Top1: 39.3322%, Top5: 86.4950% | [Test] Loss: 1.57371549 Accuracy: Top1: 44.4467%, Top5: 90.2966%
[Epoch 148] Time: 82.2823s | [Train] Loss: 1.68585347 Accuracy: Top1: 39.2104%, Top5: 86.6029% | [Test] Loss: 1.57485237 Accuracy: Top1: 44.3670%, Top5: 90.3762%
[Epoch 149] Time: 82.2469s | [Train] Loss: 1.68335090 Accuracy: Top1: 39.5560%, Top5: 86.5489% | [Test] Loss: 1.57445488 Accuracy: Top1: 44.4566%, Top5: 90.3563%
[Epoch 150] Time: 82.2515s | [Train] Loss: 1.67964062 Accuracy: Top1: 39.2563%, Top5: 86.7767% | [Test] Loss: 1.57508700 Accuracy: Top1: 44.2277%, Top5: 90.3762%
