Files already downloaded and verified
Upscale transform not defined. Skipping dataset upscale.
Model: VGG A ConvNN
Total Parameters: 128810066
Trainable Parameters: 128810066
   - Trainable Parameters: 128.81006600 M
Model Complexity (Profiler):
   - GFLOPs: 0.27813102
   - Trainable Parameters: 128.81006600 M
[Epoch 001] Time: 23.8305s | [Train] Loss: 1.76936294 Accuracy: Top1: 33.1442%, Top5: 84.8605% | [Test] Loss: 1.51523274 Accuracy: Top1: 43.7400%, Top5: 90.7743%
[Epoch 002] Time: 23.0045s | [Train] Loss: 1.49722449 Accuracy: Top1: 45.0527%, Top5: 91.2264% | [Test] Loss: 1.40068832 Accuracy: Top1: 48.6963%, Top5: 92.6254%
[Epoch 003] Time: 23.0076s | [Train] Loss: 1.38202172 Accuracy: Top1: 49.9201%, Top5: 92.9707% | [Test] Loss: 1.33804881 Accuracy: Top1: 51.7914%, Top5: 93.3818%
[Epoch 004] Time: 23.0224s | [Train] Loss: 1.30440122 Accuracy: Top1: 53.0591%, Top5: 93.8179% | [Test] Loss: 1.32342679 Accuracy: Top1: 52.3388%, Top5: 93.8296%
[Epoch 005] Time: 23.0332s | [Train] Loss: 1.24137701 Accuracy: Top1: 55.3209%, Top5: 94.6272% | [Test] Loss: 1.29445123 Accuracy: Top1: 53.7520%, Top5: 94.0685%
[Epoch 006] Time: 23.0066s | [Train] Loss: 1.18938603 Accuracy: Top1: 57.1751%, Top5: 95.0188% | [Test] Loss: 1.26112002 Accuracy: Top1: 55.2946%, Top5: 94.6059%
[Epoch 007] Time: 23.0445s | [Train] Loss: 1.14437450 Accuracy: Top1: 59.1472%, Top5: 95.5203% | [Test] Loss: 1.26821308 Accuracy: Top1: 55.0259%, Top5: 94.4765%
[Epoch 008] Time: 22.9961s | [Train] Loss: 1.09552761 Accuracy: Top1: 60.8176%, Top5: 95.9159% | [Test] Loss: 1.24842966 Accuracy: Top1: 55.4240%, Top5: 94.4666%
[Epoch 009] Time: 23.0160s | [Train] Loss: 1.05414114 Accuracy: Top1: 62.4421%, Top5: 96.3035% | [Test] Loss: 1.25993763 Accuracy: Top1: 55.8121%, Top5: 94.5263%
[Epoch 010] Time: 23.0123s | [Train] Loss: 1.01851679 Accuracy: Top1: 63.7288%, Top5: 96.6712% | [Test] Loss: 1.24164666 Accuracy: Top1: 56.8670%, Top5: 94.3571%
[Epoch 011] Time: 23.0103s | [Train] Loss: 0.97070109 Accuracy: Top1: 65.4512%, Top5: 96.9849% | [Test] Loss: 1.24309814 Accuracy: Top1: 57.2651%, Top5: 94.5860%
[Epoch 012] Time: 23.0316s | [Train] Loss: 0.93371779 Accuracy: Top1: 66.8498%, Top5: 97.2367% | [Test] Loss: 1.24544069 Accuracy: Top1: 57.0362%, Top5: 94.3869%
[Epoch 013] Time: 23.0237s | [Train] Loss: 0.88885355 Accuracy: Top1: 68.5042%, Top5: 97.4425% | [Test] Loss: 1.24247882 Accuracy: Top1: 57.5040%, Top5: 94.5860%
[Epoch 014] Time: 22.9950s | [Train] Loss: 0.86035932 Accuracy: Top1: 69.5113%, Top5: 97.7062% | [Test] Loss: 1.26857424 Accuracy: Top1: 57.2054%, Top5: 94.4566%
[Epoch 015] Time: 22.9988s | [Train] Loss: 0.81741027 Accuracy: Top1: 70.8620%, Top5: 97.9560% | [Test] Loss: 1.30960824 Accuracy: Top1: 57.5936%, Top5: 94.8049%
[Epoch 016] Time: 22.9983s | [Train] Loss: 0.78979205 Accuracy: Top1: 71.8031%, Top5: 98.1378% | [Test] Loss: 1.29410848 Accuracy: Top1: 57.7926%, Top5: 94.5760%
[Epoch 017] Time: 22.9962s | [Train] Loss: 0.75357882 Accuracy: Top1: 73.3636%, Top5: 98.3556% | [Test] Loss: 1.28775540 Accuracy: Top1: 57.4940%, Top5: 94.3471%
[Epoch 018] Time: 22.9908s | [Train] Loss: 0.71715490 Accuracy: Top1: 74.5085%, Top5: 98.4895% | [Test] Loss: 1.33513520 Accuracy: Top1: 57.3149%, Top5: 94.5860%
[Epoch 019] Time: 22.9639s | [Train] Loss: 0.69060923 Accuracy: Top1: 75.5435%, Top5: 98.6073% | [Test] Loss: 1.34066445 Accuracy: Top1: 57.0561%, Top5: 94.5064%
[Epoch 020] Time: 22.9721s | [Train] Loss: 0.65751684 Accuracy: Top1: 76.5825%, Top5: 98.7792% | [Test] Loss: 1.34269788 Accuracy: Top1: 57.5936%, Top5: 94.6855%
[Epoch 021] Time: 22.9704s | [Train] Loss: 0.62702363 Accuracy: Top1: 77.7693%, Top5: 98.8911% | [Test] Loss: 1.42216838 Accuracy: Top1: 57.3348%, Top5: 94.3372%
[Epoch 022] Time: 22.9955s | [Train] Loss: 0.60779430 Accuracy: Top1: 78.6265%, Top5: 98.9690% | [Test] Loss: 1.40107814 Accuracy: Top1: 56.9268%, Top5: 94.4566%
[Epoch 023] Time: 22.9599s | [Train] Loss: 0.57204254 Accuracy: Top1: 79.8214%, Top5: 99.1089% | [Test] Loss: 1.42907405 Accuracy: Top1: 57.3646%, Top5: 94.2974%
[Epoch 024] Time: 22.9850s | [Train] Loss: 0.55060664 Accuracy: Top1: 80.3609%, Top5: 99.1408% | [Test] Loss: 1.43964599 Accuracy: Top1: 57.3049%, Top5: 94.4566%
[Epoch 025] Time: 22.9973s | [Train] Loss: 0.53328263 Accuracy: Top1: 81.0682%, Top5: 99.3007% | [Test] Loss: 1.44772806 Accuracy: Top1: 58.2006%, Top5: 94.4068%
[Epoch 026] Time: 22.9952s | [Train] Loss: 0.51406826 Accuracy: Top1: 81.9993%, Top5: 99.3346% | [Test] Loss: 1.47257309 Accuracy: Top1: 57.4841%, Top5: 94.6955%
[Epoch 027] Time: 22.9783s | [Train] Loss: 0.47894512 Accuracy: Top1: 83.1122%, Top5: 99.4086% | [Test] Loss: 1.50934857 Accuracy: Top1: 57.2054%, Top5: 94.1779%
[Epoch 028] Time: 23.0053s | [Train] Loss: 0.47343342 Accuracy: Top1: 83.2741%, Top5: 99.4665% | [Test] Loss: 1.51533733 Accuracy: Top1: 56.7178%, Top5: 94.5362%
[Epoch 029] Time: 22.9923s | [Train] Loss: 0.44545092 Accuracy: Top1: 84.3310%, Top5: 99.5165% | [Test] Loss: 1.56256062 Accuracy: Top1: 57.0163%, Top5: 94.1481%
[Epoch 030] Time: 23.0069s | [Train] Loss: 0.43142385 Accuracy: Top1: 84.8166%, Top5: 99.5404% | [Test] Loss: 1.56721730 Accuracy: Top1: 57.6334%, Top5: 94.2078%
Files already downloaded and verified
Upscale transform not defined. Skipping dataset upscale.
Model: VGG A ConvNN
Total Parameters: 128859602
Trainable Parameters: 128859602
   - Trainable Parameters: 128.85960200 M
Model Complexity (Profiler):
   - GFLOPs: 0.27813102
   - Trainable Parameters: 128.85960200 M
[Epoch 001] Time: 23.5526s | [Train] Loss: 1.72474556 Accuracy: Top1: 34.9265%, Top5: 85.6438% | [Test] Loss: 1.42791656 Accuracy: Top1: 46.9845%, Top5: 92.6254%
[Epoch 002] Time: 23.6448s | [Train] Loss: 1.41200747 Accuracy: Top1: 48.3196%, Top5: 92.7110% | [Test] Loss: 1.29534546 Accuracy: Top1: 52.8463%, Top5: 94.2775%
[Epoch 003] Time: 23.7485s | [Train] Loss: 1.28499868 Accuracy: Top1: 53.7184%, Top5: 94.3175% | [Test] Loss: 1.25340128 Accuracy: Top1: 54.1202%, Top5: 94.6955%
[Epoch 004] Time: 23.7325s | [Train] Loss: 1.20926851 Accuracy: Top1: 56.4698%, Top5: 95.0428% | [Test] Loss: 1.20273180 Accuracy: Top1: 56.2500%, Top5: 95.0537%
[Epoch 005] Time: 23.6654s | [Train] Loss: 1.13522680 Accuracy: Top1: 59.1752%, Top5: 95.7920% | [Test] Loss: 1.17866651 Accuracy: Top1: 57.9220%, Top5: 95.0338%
[Epoch 006] Time: 23.7121s | [Train] Loss: 1.08387166 Accuracy: Top1: 61.1433%, Top5: 96.1117% | [Test] Loss: 1.15645457 Accuracy: Top1: 59.1461%, Top5: 95.3921%
[Epoch 007] Time: 23.6861s | [Train] Loss: 1.02906631 Accuracy: Top1: 63.3092%, Top5: 96.6352% | [Test] Loss: 1.15199271 Accuracy: Top1: 59.5442%, Top5: 95.4021%
[Epoch 008] Time: 23.6750s | [Train] Loss: 0.99285180 Accuracy: Top1: 64.5440%, Top5: 96.8310% | [Test] Loss: 1.15141597 Accuracy: Top1: 59.1561%, Top5: 95.5812%
[Epoch 009] Time: 23.6713s | [Train] Loss: 0.93624300 Accuracy: Top1: 66.6420%, Top5: 97.2766% | [Test] Loss: 1.16731255 Accuracy: Top1: 59.3551%, Top5: 95.1433%
[Epoch 010] Time: 23.7131s | [Train] Loss: 0.90560627 Accuracy: Top1: 67.8469%, Top5: 97.4524% | [Test] Loss: 1.12813636 Accuracy: Top1: 60.7783%, Top5: 95.8400%
[Epoch 011] Time: 23.7148s | [Train] Loss: 0.85357794 Accuracy: Top1: 69.4813%, Top5: 97.7502% | [Test] Loss: 1.16004351 Accuracy: Top1: 59.9025%, Top5: 95.9793%
[Epoch 012] Time: 23.6940s | [Train] Loss: 0.82400219 Accuracy: Top1: 70.5882%, Top5: 97.9080% | [Test] Loss: 1.15434132 Accuracy: Top1: 60.3404%, Top5: 95.5713%
[Epoch 013] Time: 23.6835s | [Train] Loss: 0.77285501 Accuracy: Top1: 72.4365%, Top5: 98.2437% | [Test] Loss: 1.15442849 Accuracy: Top1: 60.8280%, Top5: 95.6708%
[Epoch 014] Time: 23.6697s | [Train] Loss: 0.74045719 Accuracy: Top1: 73.7852%, Top5: 98.3336% | [Test] Loss: 1.18193366 Accuracy: Top1: 60.9873%, Top5: 95.6708%
[Epoch 015] Time: 23.6790s | [Train] Loss: 0.70014950 Accuracy: Top1: 75.1159%, Top5: 98.6433% | [Test] Loss: 1.22329476 Accuracy: Top1: 61.0768%, Top5: 95.7902%
[Epoch 016] Time: 23.7127s | [Train] Loss: 0.66676554 Accuracy: Top1: 76.5405%, Top5: 98.6853% | [Test] Loss: 1.22627135 Accuracy: Top1: 61.4252%, Top5: 95.5812%
[Epoch 017] Time: 23.8308s | [Train] Loss: 0.63191231 Accuracy: Top1: 77.5276%, Top5: 98.8691% | [Test] Loss: 1.22512940 Accuracy: Top1: 60.9972%, Top5: 95.6011%
[Epoch 018] Time: 23.7416s | [Train] Loss: 0.60465813 Accuracy: Top1: 78.4847%, Top5: 98.9730% | [Test] Loss: 1.22434944 Accuracy: Top1: 61.3654%, Top5: 95.7305%
[Epoch 019] Time: 23.7739s | [Train] Loss: 0.57475991 Accuracy: Top1: 79.5596%, Top5: 99.0969% | [Test] Loss: 1.23091352 Accuracy: Top1: 60.8678%, Top5: 95.7305%
[Epoch 020] Time: 23.6447s | [Train] Loss: 0.54893810 Accuracy: Top1: 80.3728%, Top5: 99.2168% | [Test] Loss: 1.26254789 Accuracy: Top1: 61.7536%, Top5: 95.8300%
[Epoch 021] Time: 23.6409s | [Train] Loss: 0.51615577 Accuracy: Top1: 81.5717%, Top5: 99.2867% | [Test] Loss: 1.29472703 Accuracy: Top1: 61.1266%, Top5: 95.7404%
[Epoch 022] Time: 23.6867s | [Train] Loss: 0.49855677 Accuracy: Top1: 82.0672%, Top5: 99.3866% | [Test] Loss: 1.30501758 Accuracy: Top1: 61.3256%, Top5: 95.7305%
[Epoch 023] Time: 23.8055s | [Train] Loss: 0.47537297 Accuracy: Top1: 82.9743%, Top5: 99.4026% | [Test] Loss: 1.32868389 Accuracy: Top1: 61.3555%, Top5: 95.5514%
[Epoch 024] Time: 23.4531s | [Train] Loss: 0.45575441 Accuracy: Top1: 83.9574%, Top5: 99.4925% | [Test] Loss: 1.35632907 Accuracy: Top1: 61.1764%, Top5: 95.6310%
[Epoch 025] Time: 23.4428s | [Train] Loss: 0.43129865 Accuracy: Top1: 84.8206%, Top5: 99.5684% | [Test] Loss: 1.35556373 Accuracy: Top1: 61.4550%, Top5: 95.7902%
[Epoch 026] Time: 23.4287s | [Train] Loss: 0.41329272 Accuracy: Top1: 85.4979%, Top5: 99.5424% | [Test] Loss: 1.37450712 Accuracy: Top1: 61.3654%, Top5: 95.7902%
[Epoch 027] Time: 23.4504s | [Train] Loss: 0.38742997 Accuracy: Top1: 86.3531%, Top5: 99.6324% | [Test] Loss: 1.39610461 Accuracy: Top1: 61.1664%, Top5: 95.7205%
[Epoch 028] Time: 23.4623s | [Train] Loss: 0.37641696 Accuracy: Top1: 86.7547%, Top5: 99.6643% | [Test] Loss: 1.43443089 Accuracy: Top1: 61.6541%, Top5: 95.7504%
[Epoch 029] Time: 23.4425s | [Train] Loss: 0.34822590 Accuracy: Top1: 87.5879%, Top5: 99.7143% | [Test] Loss: 1.47461733 Accuracy: Top1: 60.8081%, Top5: 95.5314%
[Epoch 030] Time: 23.4656s | [Train] Loss: 0.34058650 Accuracy: Top1: 88.0734%, Top5: 99.7562% | [Test] Loss: 1.44595442 Accuracy: Top1: 62.5100%, Top5: 95.5912%
Files already downloaded and verified
Upscale transform not defined. Skipping dataset upscale.
Model: VGG A ConvNN
Total Parameters: 128810066
Trainable Parameters: 128810066
   - Trainable Parameters: 128.81006600 M
Model Complexity (Profiler):
   - GFLOPs: 0.27666482
   - Trainable Parameters: 128.81006600 M
[Epoch 001] Time: 22.0425s | [Train] Loss: 1.80691675 Accuracy: Top1: 31.6756%, Top5: 83.5138% | [Test] Loss: 1.53150602 Accuracy: Top1: 43.2822%, Top5: 90.8639%
[Epoch 002] Time: 22.1763s | [Train] Loss: 1.51667254 Accuracy: Top1: 44.4633%, Top5: 90.8588% | [Test] Loss: 1.41471933 Accuracy: Top1: 48.7460%, Top5: 92.1178%
[Epoch 003] Time: 22.1802s | [Train] Loss: 1.39839093 Accuracy: Top1: 49.3546%, Top5: 92.4932% | [Test] Loss: 1.34715745 Accuracy: Top1: 51.2142%, Top5: 92.8244%
[Epoch 004] Time: 22.1893s | [Train] Loss: 1.32439306 Accuracy: Top1: 52.3338%, Top5: 93.4363% | [Test] Loss: 1.31057568 Accuracy: Top1: 53.0653%, Top5: 93.4713%
[Epoch 005] Time: 22.1717s | [Train] Loss: 1.25655536 Accuracy: Top1: 54.6635%, Top5: 94.2555% | [Test] Loss: 1.28710076 Accuracy: Top1: 53.6923%, Top5: 93.8794%
[Epoch 006] Time: 22.1987s | [Train] Loss: 1.20363125 Accuracy: Top1: 56.9393%, Top5: 94.7670% | [Test] Loss: 1.25719465 Accuracy: Top1: 55.3145%, Top5: 94.4964%
[Epoch 007] Time: 22.1990s | [Train] Loss: 1.15661858 Accuracy: Top1: 58.7316%, Top5: 95.2246% | [Test] Loss: 1.24494609 Accuracy: Top1: 55.9017%, Top5: 94.1979%
[Epoch 008] Time: 22.1901s | [Train] Loss: 1.11125443 Accuracy: Top1: 60.4000%, Top5: 95.5643% | [Test] Loss: 1.24516071 Accuracy: Top1: 55.5434%, Top5: 94.2675%
[Epoch 009] Time: 22.2232s | [Train] Loss: 1.07296190 Accuracy: Top1: 61.9086%, Top5: 96.0957% | [Test] Loss: 1.24455166 Accuracy: Top1: 56.0609%, Top5: 94.5860%
[Epoch 010] Time: 22.2056s | [Train] Loss: 1.04018431 Accuracy: Top1: 62.8876%, Top5: 96.4094% | [Test] Loss: 1.21130239 Accuracy: Top1: 57.5736%, Top5: 94.6457%
[Epoch 011] Time: 22.1856s | [Train] Loss: 0.99636972 Accuracy: Top1: 64.5281%, Top5: 96.6133% | [Test] Loss: 1.23660007 Accuracy: Top1: 57.1059%, Top5: 94.5462%
[Epoch 012] Time: 22.1914s | [Train] Loss: 0.96152565 Accuracy: Top1: 65.8927%, Top5: 96.8870% | [Test] Loss: 1.24632812 Accuracy: Top1: 56.8670%, Top5: 94.3869%
[Epoch 013] Time: 22.1951s | [Train] Loss: 0.92369272 Accuracy: Top1: 67.2015%, Top5: 97.0588% | [Test] Loss: 1.23779796 Accuracy: Top1: 57.1756%, Top5: 94.7552%
[Epoch 014] Time: 22.1780s | [Train] Loss: 0.89169682 Accuracy: Top1: 68.2824%, Top5: 97.3126% | [Test] Loss: 1.24690647 Accuracy: Top1: 57.7926%, Top5: 94.8248%
[Epoch 015] Time: 22.2999s | [Train] Loss: 0.85537349 Accuracy: Top1: 69.3934%, Top5: 97.5344% | [Test] Loss: 1.26347677 Accuracy: Top1: 57.4940%, Top5: 94.7850%
[Epoch 016] Time: 22.1636s | [Train] Loss: 0.82941698 Accuracy: Top1: 70.5243%, Top5: 97.7542% | [Test] Loss: 1.25667899 Accuracy: Top1: 58.0215%, Top5: 94.8149%
[Epoch 017] Time: 22.1234s | [Train] Loss: 0.79454802 Accuracy: Top1: 71.7991%, Top5: 98.0039% | [Test] Loss: 1.28329598 Accuracy: Top1: 56.9566%, Top5: 94.7253%
[Epoch 018] Time: 22.1180s | [Train] Loss: 0.76736011 Accuracy: Top1: 72.6503%, Top5: 98.1298% | [Test] Loss: 1.28381242 Accuracy: Top1: 57.8125%, Top5: 94.4666%
[Epoch 019] Time: 22.1785s | [Train] Loss: 0.72958164 Accuracy: Top1: 74.2148%, Top5: 98.2976% | [Test] Loss: 1.30367875 Accuracy: Top1: 58.1111%, Top5: 94.5462%
[Epoch 020] Time: 22.1808s | [Train] Loss: 0.70904893 Accuracy: Top1: 74.7902%, Top5: 98.4855% | [Test] Loss: 1.29483619 Accuracy: Top1: 58.4196%, Top5: 94.5959%
[Epoch 021] Time: 22.1589s | [Train] Loss: 0.67519280 Accuracy: Top1: 75.9151%, Top5: 98.5874% | [Test] Loss: 1.36667580 Accuracy: Top1: 57.6533%, Top5: 94.4467%
[Epoch 022] Time: 22.1756s | [Train] Loss: 0.66208598 Accuracy: Top1: 76.3947%, Top5: 98.6593% | [Test] Loss: 1.34149373 Accuracy: Top1: 57.8623%, Top5: 94.7950%
[Epoch 023] Time: 22.1826s | [Train] Loss: 0.63335822 Accuracy: Top1: 77.5835%, Top5: 98.7832% | [Test] Loss: 1.37732588 Accuracy: Top1: 57.5338%, Top5: 94.3571%
[Epoch 024] Time: 22.1659s | [Train] Loss: 0.60446928 Accuracy: Top1: 78.7604%, Top5: 98.8831% | [Test] Loss: 1.35740274 Accuracy: Top1: 58.0115%, Top5: 94.7353%
[Epoch 025] Time: 22.1450s | [Train] Loss: 0.58277415 Accuracy: Top1: 79.3518%, Top5: 98.9790% | [Test] Loss: 1.36875411 Accuracy: Top1: 57.4045%, Top5: 94.5860%
[Epoch 026] Time: 22.1728s | [Train] Loss: 0.56470003 Accuracy: Top1: 80.1311%, Top5: 99.0509% | [Test] Loss: 1.41918007 Accuracy: Top1: 57.7229%, Top5: 94.4865%
[Epoch 027] Time: 22.1349s | [Train] Loss: 0.53575406 Accuracy: Top1: 81.1441%, Top5: 99.1968% | [Test] Loss: 1.44245256 Accuracy: Top1: 56.9765%, Top5: 94.4168%
[Epoch 028] Time: 22.1738s | [Train] Loss: 0.52453253 Accuracy: Top1: 81.5117%, Top5: 99.1568% | [Test] Loss: 1.42263000 Accuracy: Top1: 57.8225%, Top5: 94.4865%
[Epoch 029] Time: 22.1676s | [Train] Loss: 0.49467453 Accuracy: Top1: 82.5967%, Top5: 99.3107% | [Test] Loss: 1.50008659 Accuracy: Top1: 57.4045%, Top5: 94.0287%
[Epoch 030] Time: 22.1350s | [Train] Loss: 0.48352834 Accuracy: Top1: 82.9084%, Top5: 99.3386% | [Test] Loss: 1.50981327 Accuracy: Top1: 57.6035%, Top5: 94.6457%
Files already downloaded and verified
Upscale transform not defined. Skipping dataset upscale.
Model: VGG A ConvNN
Total Parameters: 128859602
Trainable Parameters: 128859602
   - Trainable Parameters: 128.85960200 M
Model Complexity (Profiler):
   - GFLOPs: 0.27666482
   - Trainable Parameters: 128.85960200 M
[Epoch 001] Time: 22.3904s | [Train] Loss: 1.79112155 Accuracy: Top1: 32.4129%, Top5: 83.7456% | [Test] Loss: 1.49615622 Accuracy: Top1: 44.5064%, Top5: 91.2221%
[Epoch 002] Time: 22.3923s | [Train] Loss: 1.49445498 Accuracy: Top1: 44.5732%, Top5: 91.3703% | [Test] Loss: 1.38484086 Accuracy: Top1: 48.5171%, Top5: 92.8742%
[Epoch 003] Time: 22.3868s | [Train] Loss: 1.37826733 Accuracy: Top1: 49.6423%, Top5: 92.8369% | [Test] Loss: 1.33672367 Accuracy: Top1: 50.5772%, Top5: 93.2723%
[Epoch 004] Time: 22.3874s | [Train] Loss: 1.30042570 Accuracy: Top1: 52.4676%, Top5: 93.7260% | [Test] Loss: 1.31138530 Accuracy: Top1: 52.7767%, Top5: 93.9689%
[Epoch 005] Time: 22.4032s | [Train] Loss: 1.22998485 Accuracy: Top1: 55.6686%, Top5: 94.6691% | [Test] Loss: 1.24905345 Accuracy: Top1: 54.8865%, Top5: 94.4566%
[Epoch 006] Time: 22.3639s | [Train] Loss: 1.17624163 Accuracy: Top1: 57.7605%, Top5: 95.1866% | [Test] Loss: 1.24043032 Accuracy: Top1: 55.3742%, Top5: 94.4367%
[Epoch 007] Time: 22.3649s | [Train] Loss: 1.12828042 Accuracy: Top1: 59.2371%, Top5: 95.6522% | [Test] Loss: 1.21357421 Accuracy: Top1: 56.5884%, Top5: 94.7850%
[Epoch 008] Time: 22.3940s | [Train] Loss: 1.08704912 Accuracy: Top1: 61.0494%, Top5: 95.9479% | [Test] Loss: 1.22795249 Accuracy: Top1: 56.9765%, Top5: 94.7452%
[Epoch 009] Time: 22.3319s | [Train] Loss: 1.04339686 Accuracy: Top1: 62.7717%, Top5: 96.3075% | [Test] Loss: 1.22273518 Accuracy: Top1: 56.8869%, Top5: 94.7253%
[Epoch 010] Time: 22.3765s | [Train] Loss: 1.01015905 Accuracy: Top1: 63.7028%, Top5: 96.5513% | [Test] Loss: 1.19881565 Accuracy: Top1: 57.6931%, Top5: 95.0139%
[Epoch 011] Time: 22.3586s | [Train] Loss: 0.96540539 Accuracy: Top1: 65.5411%, Top5: 96.9230% | [Test] Loss: 1.22021597 Accuracy: Top1: 57.5736%, Top5: 95.1433%
[Epoch 012] Time: 22.3379s | [Train] Loss: 0.93090777 Accuracy: Top1: 66.5821%, Top5: 97.1727% | [Test] Loss: 1.20805730 Accuracy: Top1: 57.6732%, Top5: 95.0537%
[Epoch 013] Time: 22.3433s | [Train] Loss: 0.89308786 Accuracy: Top1: 68.1066%, Top5: 97.3785% | [Test] Loss: 1.20552034 Accuracy: Top1: 58.7580%, Top5: 95.0736%
[Epoch 014] Time: 22.3535s | [Train] Loss: 0.86512287 Accuracy: Top1: 69.0437%, Top5: 97.5683% | [Test] Loss: 1.22232278 Accuracy: Top1: 58.7679%, Top5: 95.4518%
[Epoch 015] Time: 22.3442s | [Train] Loss: 0.83306203 Accuracy: Top1: 70.1686%, Top5: 97.8820% | [Test] Loss: 1.24277570 Accuracy: Top1: 58.4992%, Top5: 95.2130%
[Epoch 016] Time: 22.3542s | [Train] Loss: 0.80442848 Accuracy: Top1: 71.0898%, Top5: 98.0139% | [Test] Loss: 1.24466180 Accuracy: Top1: 58.6783%, Top5: 95.2428%
[Epoch 017] Time: 22.3422s | [Train] Loss: 0.76730552 Accuracy: Top1: 72.4205%, Top5: 98.1917% | [Test] Loss: 1.25022283 Accuracy: Top1: 58.5788%, Top5: 95.3125%
[Epoch 018] Time: 22.3533s | [Train] Loss: 0.74009358 Accuracy: Top1: 73.6213%, Top5: 98.3296% | [Test] Loss: 1.24408512 Accuracy: Top1: 57.7229%, Top5: 95.2727%
[Epoch 019] Time: 22.3339s | [Train] Loss: 0.71496588 Accuracy: Top1: 74.4385%, Top5: 98.4495% | [Test] Loss: 1.28158158 Accuracy: Top1: 58.1111%, Top5: 94.9940%
[Epoch 020] Time: 22.3519s | [Train] Loss: 0.68988422 Accuracy: Top1: 75.2897%, Top5: 98.5534% | [Test] Loss: 1.28973116 Accuracy: Top1: 58.6684%, Top5: 95.0736%
[Epoch 021] Time: 22.3422s | [Train] Loss: 0.65990657 Accuracy: Top1: 76.4066%, Top5: 98.7392% | [Test] Loss: 1.33638151 Accuracy: Top1: 58.0812%, Top5: 95.0239%
[Epoch 022] Time: 22.3204s | [Train] Loss: 0.64347704 Accuracy: Top1: 77.2039%, Top5: 98.7852% | [Test] Loss: 1.30704222 Accuracy: Top1: 58.6186%, Top5: 95.1334%
[Epoch 023] Time: 22.3162s | [Train] Loss: 0.61278725 Accuracy: Top1: 78.3008%, Top5: 98.8911% | [Test] Loss: 1.33593350 Accuracy: Top1: 58.3997%, Top5: 95.0537%
[Epoch 024] Time: 22.3329s | [Train] Loss: 0.59826555 Accuracy: Top1: 78.7624%, Top5: 98.9890% | [Test] Loss: 1.34079366 Accuracy: Top1: 58.6584%, Top5: 95.1334%
[Epoch 025] Time: 22.3435s | [Train] Loss: 0.56815834 Accuracy: Top1: 79.8314%, Top5: 99.0969% | [Test] Loss: 1.32991282 Accuracy: Top1: 59.2058%, Top5: 95.2727%
[Epoch 026] Time: 22.2999s | [Train] Loss: 0.55717327 Accuracy: Top1: 80.3049%, Top5: 99.0909% | [Test] Loss: 1.35404687 Accuracy: Top1: 58.0414%, Top5: 95.3025%
[Epoch 027] Time: 22.4526s | [Train] Loss: 0.52587035 Accuracy: Top1: 81.2860%, Top5: 99.1988% | [Test] Loss: 1.36992438 Accuracy: Top1: 58.4395%, Top5: 95.0040%
[Epoch 028] Time: 22.5258s | [Train] Loss: 0.51256978 Accuracy: Top1: 81.5497%, Top5: 99.2727% | [Test] Loss: 1.42622477 Accuracy: Top1: 58.2604%, Top5: 94.7651%
[Epoch 029] Time: 22.5190s | [Train] Loss: 0.48929235 Accuracy: Top1: 82.6107%, Top5: 99.2967% | [Test] Loss: 1.39985936 Accuracy: Top1: 58.8774%, Top5: 94.5860%
[Epoch 030] Time: 22.5070s | [Train] Loss: 0.47946639 Accuracy: Top1: 82.9164%, Top5: 99.3906% | [Test] Loss: 1.43480072 Accuracy: Top1: 58.1210%, Top5: 94.7552%
